{"/Users/twnguy/Documents/Github perso/ts-smart-schema/src/index.ts": {"path":"/Users/twnguy/Documents/Github perso/ts-smart-schema/src/index.ts","statementMap":{"0":{"start":{"line":2,"column":0},"end":{"line":2,"column":48}},"1":{"start":{"line":3,"column":0},"end":{"line":3,"column":9}},"2":{"start":{"line":98,"column":2},"end":{"line":3,"column":87}},"3":{"start":{"line":4,"column":0},"end":{"line":4,"column":9}},"4":{"start":{"line":99,"column":2},"end":{"line":4,"column":48}},"5":{"start":{"line":5,"column":0},"end":{"line":5,"column":9}},"6":{"start":{"line":101,"column":2},"end":{"line":5,"column":37}},"7":{"start":{"line":6,"column":0},"end":{"line":6,"column":56}},"8":{"start":{"line":10,"column":0},"end":{"line":10,"column":9}},"9":{"start":{"line":103,"column":2},"end":{"line":10,"column":57}},"10":{"start":{"line":11,"column":0},"end":{"line":11,"column":9}},"11":{"start":{"line":104,"column":2},"end":{"line":11,"column":47}},"12":{"start":{"line":12,"column":0},"end":{"line":12,"column":9}},"13":{"start":{"line":105,"column":2},"end":{"line":12,"column":45}},"14":{"start":{"line":13,"column":0},"end":{"line":13,"column":9}},"15":{"start":{"line":106,"column":2},"end":{"line":13,"column":19}},"16":{"start":{"line":107,"column":2},"end":{"line":13,"column":63}},"17":{"start":{"line":14,"column":0},"end":{"line":14,"column":null}},"18":{"start":{"line":25,"column":0},"end":{"line":25,"column":40}},"19":{"start":{"line":26,"column":0},"end":{"line":26,"column":40}},"20":{"start":{"line":27,"column":0},"end":{"line":27,"column":42}},"21":{"start":{"line":28,"column":0},"end":{"line":28,"column":40}},"22":{"start":{"line":29,"column":0},"end":{"line":29,"column":38}},"23":{"start":{"line":30,"column":0},"end":{"line":30,"column":42}},"24":{"start":{"line":31,"column":0},"end":{"line":31,"column":42}},"25":{"start":{"line":32,"column":0},"end":{"line":32,"column":34}},"26":{"start":{"line":35,"column":10},"end":{"line":90,"column":2}},"27":{"start":{"line":46,"column":4},"end":{"line":51,"column":7}},"28":{"start":{"line":47,"column":6},"end":{"line":49,"column":7}},"29":{"start":{"line":48,"column":8},"end":{"line":48,"column":25}},"30":{"start":{"line":50,"column":6},"end":{"line":50,"column":72}},"31":{"start":{"line":88,"column":4},"end":{"line":88,"column":39}},"32":{"start":{"line":97,"column":2},"end":{"line":97,"column":3}},"33":{"start":{"line":93,"column":0},"end":{"line":93,"column":23}},"34":{"start":{"line":111,"column":0},"end":{"line":111,"column":null}},"35":{"start":{"line":112,"column":2},"end":{"line":112,"column":null}},"36":{"start":{"line":113,"column":2},"end":{"line":113,"column":null}},"37":{"start":{"line":116,"column":0},"end":{"line":116,"column":null}},"38":{"start":{"line":117,"column":2},"end":{"line":117,"column":null}},"39":{"start":{"line":118,"column":2},"end":{"line":118,"column":null}},"40":{"start":{"line":119,"column":2},"end":{"line":119,"column":null}},"41":{"start":{"line":123,"column":0},"end":{"line":123,"column":null}},"42":{"start":{"line":124,"column":2},"end":{"line":124,"column":null}},"43":{"start":{"line":125,"column":2},"end":{"line":125,"column":null}},"44":{"start":{"line":126,"column":2},"end":{"line":126,"column":null}},"45":{"start":{"line":127,"column":2},"end":{"line":127,"column":null}}},"fnMap":{"0":{"name":"(anonymous_0)","decl":{"start":{"line":98,"column":2},"end":{"line":98,"column":8}},"loc":{"start":{"line":98,"column":2},"end":{"line":3,"column":87}}},"1":{"name":"(anonymous_1)","decl":{"start":{"line":99,"column":2},"end":{"line":99,"column":17}},"loc":{"start":{"line":99,"column":2},"end":{"line":4,"column":48}}},"2":{"name":"(anonymous_2)","decl":{"start":{"line":101,"column":2},"end":{"line":101,"column":7}},"loc":{"start":{"line":101,"column":2},"end":{"line":5,"column":37}}},"3":{"name":"(anonymous_3)","decl":{"start":{"line":103,"column":2},"end":{"line":103,"column":23}},"loc":{"start":{"line":103,"column":2},"end":{"line":10,"column":57}}},"4":{"name":"(anonymous_4)","decl":{"start":{"line":104,"column":2},"end":{"line":104,"column":14}},"loc":{"start":{"line":104,"column":2},"end":{"line":11,"column":47}}},"5":{"name":"(anonymous_5)","decl":{"start":{"line":105,"column":2},"end":{"line":105,"column":15}},"loc":{"start":{"line":105,"column":2},"end":{"line":12,"column":45}}},"6":{"name":"(anonymous_6)","decl":{"start":{"line":106,"column":2},"end":{"line":106,"column":10}},"loc":{"start":{"line":106,"column":2},"end":{"line":13,"column":19}}},"7":{"name":"(anonymous_7)","decl":{"start":{"line":107,"column":2},"end":{"line":107,"column":17}},"loc":{"start":{"line":107,"column":2},"end":{"line":13,"column":63}}},"8":{"name":"(anonymous_8)","decl":{"start":{"line":45,"column":14},"end":{"line":45,"column":18}},"loc":{"start":{"line":45,"column":77},"end":{"line":52,"column":3}}},"9":{"name":"(anonymous_9)","decl":{"start":{"line":46,"column":28},"end":{"line":46,"column":29}},"loc":{"start":{"line":46,"column":75},"end":{"line":51,"column":5}}},"10":{"name":"(anonymous_10)","decl":{"start":{"line":87,"column":2},"end":{"line":87,"column":8}},"loc":{"start":{"line":87,"column":69},"end":{"line":89,"column":3}}},"11":{"name":"(anonymous_11)","decl":{"start":{"line":112,"column":2},"end":{"line":112,"column":24}},"loc":{"start":{"line":112,"column":2},"end":{"line":112,"column":null}}},"12":{"name":"(anonymous_12)","decl":{"start":{"line":113,"column":2},"end":{"line":113,"column":24}},"loc":{"start":{"line":113,"column":2},"end":{"line":113,"column":null}}},"13":{"name":"(anonymous_13)","decl":{"start":{"line":117,"column":2},"end":{"line":117,"column":25}},"loc":{"start":{"line":117,"column":2},"end":{"line":117,"column":null}}},"14":{"name":"(anonymous_14)","decl":{"start":{"line":118,"column":2},"end":{"line":118,"column":21}},"loc":{"start":{"line":118,"column":2},"end":{"line":118,"column":null}}},"15":{"name":"(anonymous_15)","decl":{"start":{"line":119,"column":2},"end":{"line":119,"column":22}},"loc":{"start":{"line":119,"column":2},"end":{"line":119,"column":null}}},"16":{"name":"(anonymous_16)","decl":{"start":{"line":124,"column":2},"end":{"line":124,"column":23}},"loc":{"start":{"line":124,"column":2},"end":{"line":124,"column":null}}},"17":{"name":"(anonymous_17)","decl":{"start":{"line":125,"column":2},"end":{"line":125,"column":23}},"loc":{"start":{"line":125,"column":2},"end":{"line":125,"column":null}}},"18":{"name":"(anonymous_18)","decl":{"start":{"line":126,"column":2},"end":{"line":126,"column":25}},"loc":{"start":{"line":126,"column":2},"end":{"line":126,"column":null}}},"19":{"name":"(anonymous_19)","decl":{"start":{"line":127,"column":2},"end":{"line":127,"column":18}},"loc":{"start":{"line":127,"column":2},"end":{"line":127,"column":null}}}},"branchMap":{"0":{"loc":{"start":{"line":47,"column":6},"end":{"line":49,"column":7}},"type":"if","locations":[{"start":{"line":47,"column":6},"end":{"line":49,"column":7}}]}},"s":{"0":4,"1":4,"2":4,"3":4,"4":5,"5":4,"6":4,"7":4,"8":4,"9":4,"10":4,"11":4,"12":4,"13":4,"14":4,"15":4,"16":4,"17":4,"18":4,"19":4,"20":4,"21":4,"22":4,"23":4,"24":4,"25":4,"26":4,"27":3,"28":1,"29":1,"30":0,"31":0,"32":4,"33":4,"34":4,"35":4,"36":4,"37":4,"38":4,"39":4,"40":4,"41":4,"42":4,"43":4,"44":4,"45":4},"f":{"0":0,"1":1,"2":0,"3":0,"4":0,"5":0,"6":0,"7":0,"8":3,"9":1,"10":0,"11":0,"12":0,"13":0,"14":0,"15":0,"16":0,"17":0,"18":0,"19":0},"b":{"0":[1]}}
,"/Users/twnguy/Documents/Github perso/ts-smart-schema/src/core/async.ts": {"path":"/Users/twnguy/Documents/Github perso/ts-smart-schema/src/core/async.ts","statementMap":{"0":{"start":{"line":110,"column":0},"end":{"line":110,"column":16}},"1":{"start":{"line":1,"column":0},"end":{"line":1,"column":53}},"2":{"start":{"line":2,"column":0},"end":{"line":2,"column":52}},"3":{"start":{"line":3,"column":0},"end":{"line":3,"column":43}},"4":{"start":{"line":13,"column":4},"end":{"line":13,"column":12}},"5":{"start":{"line":10,"column":21},"end":{"line":10,"column":42}},"6":{"start":{"line":11,"column":21},"end":{"line":11,"column":86}},"7":{"start":{"line":23,"column":4},"end":{"line":23,"column":49}},"8":{"start":{"line":31,"column":23},"end":{"line":31,"column":63}},"9":{"start":{"line":33,"column":4},"end":{"line":35,"column":5}},"10":{"start":{"line":34,"column":6},"end":{"line":34,"column":35}},"11":{"start":{"line":38,"column":24},"end":{"line":38,"column":70}},"12":{"start":{"line":40,"column":4},"end":{"line":57,"column":5}},"13":{"start":{"line":41,"column":6},"end":{"line":47,"column":7}},"14":{"start":{"line":42,"column":8},"end":{"line":46,"column":12}},"15":{"start":{"line":48,"column":6},"end":{"line":48,"column":33}},"16":{"start":{"line":49,"column":11},"end":{"line":57,"column":5}},"17":{"start":{"line":50,"column":6},"end":{"line":50,"column":33}},"18":{"start":{"line":51,"column":11},"end":{"line":57,"column":5}},"19":{"start":{"line":53,"column":6},"end":{"line":55,"column":7}},"20":{"start":{"line":54,"column":8},"end":{"line":54,"column":69}},"21":{"start":{"line":56,"column":6},"end":{"line":56,"column":62}},"22":{"start":{"line":60,"column":4},"end":{"line":60,"column":31}},"23":{"start":{"line":67,"column":4},"end":{"line":89,"column":5}},"24":{"start":{"line":69,"column":25},"end":{"line":69,"column":65}},"25":{"start":{"line":71,"column":6},"end":{"line":73,"column":7}},"26":{"start":{"line":72,"column":8},"end":{"line":72,"column":26}},"27":{"start":{"line":76,"column":6},"end":{"line":76,"column":60}},"28":{"start":{"line":78,"column":6},"end":{"line":88,"column":8}},"29":{"start":{"line":97,"column":24},"end":{"line":97,"column":49}},"30":{"start":{"line":100,"column":4},"end":{"line":103,"column":6}},"31":{"start":{"line":8,"column":0},"end":{"line":8,"column":13}},"32":{"start":{"line":116,"column":26},"end":{"line":153,"column":3}},"33":{"start":{"line":117,"column":4},"end":{"line":152,"column":5}},"34":{"start":{"line":118,"column":31},"end":{"line":118,"column":53}},"35":{"start":{"line":121,"column":6},"end":{"line":133,"column":7}},"36":{"start":{"line":122,"column":8},"end":{"line":132,"column":14}},"37":{"start":{"line":136,"column":6},"end":{"line":138,"column":7}},"38":{"start":{"line":137,"column":8},"end":{"line":137,"column":25}},"39":{"start":{"line":141,"column":6},"end":{"line":141,"column":60}},"40":{"start":{"line":143,"column":6},"end":{"line":151,"column":8}},"41":{"start":{"line":155,"column":2},"end":{"line":155,"column":50}}},"fnMap":{"0":{"name":"(anonymous_0)","decl":{"start":{"line":9,"column":2},"end":{"line":9,"column":null}},"loc":{"start":{"line":11,"column":86},"end":{"line":14,"column":3}}},"1":{"name":"(anonymous_1)","decl":{"start":{"line":21,"column":2},"end":{"line":21,"column":8}},"loc":{"start":{"line":21,"column":50},"end":{"line":24,"column":3}}},"2":{"name":"(anonymous_2)","decl":{"start":{"line":29,"column":2},"end":{"line":29,"column":7}},"loc":{"start":{"line":29,"column":65},"end":{"line":61,"column":3}}},"3":{"name":"(anonymous_3)","decl":{"start":{"line":66,"column":2},"end":{"line":66,"column":7}},"loc":{"start":{"line":66,"column":69},"end":{"line":90,"column":3}}},"4":{"name":"(anonymous_4)","decl":{"start":{"line":95,"column":2},"end":{"line":95,"column":9}},"loc":{"start":{"line":95,"column":9},"end":{"line":104,"column":3}}},"5":{"name":"asyncValidate","decl":{"start":{"line":110,"column":16},"end":{"line":110,"column":29}},"loc":{"start":{"line":113,"column":23},"end":{"line":156,"column":1}}},"6":{"name":"(anonymous_6)","decl":{"start":{"line":116,"column":26},"end":{"line":116,"column":31}},"loc":{"start":{"line":116,"column":82},"end":{"line":153,"column":3}}}},"branchMap":{"0":{"loc":{"start":{"line":29,"column":34},"end":{"line":29,"column":65}},"type":"default-arg","locations":[{"start":{"line":29,"column":63},"end":{"line":29,"column":65}}]},"1":{"loc":{"start":{"line":33,"column":4},"end":{"line":35,"column":5}},"type":"if","locations":[{"start":{"line":33,"column":4},"end":{"line":35,"column":5}}]},"2":{"loc":{"start":{"line":40,"column":4},"end":{"line":57,"column":5}},"type":"if","locations":[{"start":{"line":40,"column":4},"end":{"line":57,"column":5}},{"start":{"line":49,"column":11},"end":{"line":57,"column":5}}]},"3":{"loc":{"start":{"line":41,"column":6},"end":{"line":47,"column":7}},"type":"if","locations":[{"start":{"line":41,"column":6},"end":{"line":47,"column":7}}]},"4":{"loc":{"start":{"line":43,"column":16},"end":{"line":43,"column":34}},"type":"binary-expr","locations":[{"start":{"line":43,"column":16},"end":{"line":43,"column":28}},{"start":{"line":43,"column":32},"end":{"line":43,"column":34}}]},"5":{"loc":{"start":{"line":49,"column":11},"end":{"line":57,"column":5}},"type":"if","locations":[{"start":{"line":49,"column":11},"end":{"line":57,"column":5}},{"start":{"line":51,"column":11},"end":{"line":57,"column":5}}]},"6":{"loc":{"start":{"line":49,"column":15},"end":{"line":49,"column":64}},"type":"binary-expr","locations":[{"start":{"line":49,"column":15},"end":{"line":49,"column":40}},{"start":{"line":49,"column":44},"end":{"line":49,"column":64}}]},"7":{"loc":{"start":{"line":51,"column":11},"end":{"line":57,"column":5}},"type":"if","locations":[{"start":{"line":51,"column":11},"end":{"line":57,"column":5}}]},"8":{"loc":{"start":{"line":51,"column":15},"end":{"line":51,"column":86}},"type":"binary-expr","locations":[{"start":{"line":51,"column":15},"end":{"line":51,"column":26}},{"start":{"line":51,"column":30},"end":{"line":51,"column":61}},{"start":{"line":51,"column":65},"end":{"line":51,"column":86}}]},"9":{"loc":{"start":{"line":53,"column":6},"end":{"line":55,"column":7}},"type":"if","locations":[{"start":{"line":53,"column":6},"end":{"line":55,"column":7}}]},"10":{"loc":{"start":{"line":66,"column":38},"end":{"line":66,"column":69}},"type":"default-arg","locations":[{"start":{"line":66,"column":67},"end":{"line":66,"column":69}}]},"11":{"loc":{"start":{"line":71,"column":6},"end":{"line":73,"column":7}},"type":"if","locations":[{"start":{"line":71,"column":6},"end":{"line":73,"column":7}}]},"12":{"loc":{"start":{"line":79,"column":8},"end":{"line":87,"column":14}},"type":"cond-expr","locations":[{"start":{"line":80,"column":12},"end":{"line":80,"column":17}},{"start":{"line":81,"column":12},"end":{"line":87,"column":14}}]},"13":{"loc":{"start":{"line":83,"column":22},"end":{"line":83,"column":40}},"type":"binary-expr","locations":[{"start":{"line":83,"column":22},"end":{"line":83,"column":34}},{"start":{"line":83,"column":38},"end":{"line":83,"column":40}}]},"14":{"loc":{"start":{"line":84,"column":53},"end":{"line":84,"column":107}},"type":"cond-expr","locations":[{"start":{"line":84,"column":78},"end":{"line":84,"column":91}},{"start":{"line":84,"column":94},"end":{"line":84,"column":107}}]},"15":{"loc":{"start":{"line":121,"column":6},"end":{"line":133,"column":7}},"type":"if","locations":[{"start":{"line":121,"column":6},"end":{"line":133,"column":7}}]},"16":{"loc":{"start":{"line":122,"column":15},"end":{"line":131,"column":null}},"type":"cond-expr","locations":[{"start":{"line":123,"column":12},"end":{"line":123,"column":21}},{"start":{"line":124,"column":12},"end":{"line":131,"column":null}}]},"17":{"loc":{"start":{"line":128,"column":27},"end":{"line":128,"column":68}},"type":"binary-expr","locations":[{"start":{"line":128,"column":27},"end":{"line":128,"column":39}},{"start":{"line":128,"column":43},"end":{"line":128,"column":68}}]},"18":{"loc":{"start":{"line":136,"column":6},"end":{"line":138,"column":7}},"type":"if","locations":[{"start":{"line":136,"column":6},"end":{"line":138,"column":7}}]},"19":{"loc":{"start":{"line":147,"column":48},"end":{"line":147,"column":102}},"type":"cond-expr","locations":[{"start":{"line":147,"column":73},"end":{"line":147,"column":86}},{"start":{"line":147,"column":89},"end":{"line":147,"column":102}}]}},"s":{"0":4,"1":4,"2":4,"3":4,"4":0,"5":0,"6":0,"7":0,"8":0,"9":0,"10":0,"11":0,"12":0,"13":0,"14":0,"15":0,"16":0,"17":0,"18":0,"19":0,"20":0,"21":0,"22":0,"23":0,"24":0,"25":0,"26":0,"27":0,"28":0,"29":0,"30":0,"31":4,"32":0,"33":0,"34":0,"35":0,"36":0,"37":0,"38":0,"39":0,"40":0,"41":0},"f":{"0":0,"1":0,"2":0,"3":0,"4":0,"5":0,"6":0},"b":{"0":[0],"1":[0],"2":[0,0],"3":[0],"4":[0,0],"5":[0,0],"6":[0,0],"7":[0],"8":[0,0,0],"9":[0],"10":[0],"11":[0],"12":[0,0],"13":[0,0],"14":[0,0],"15":[0],"16":[0,0],"17":[0,0],"18":[0],"19":[0,0]}}
,"/Users/twnguy/Documents/Github perso/ts-smart-schema/src/core/bimap.ts": {"path":"/Users/twnguy/Documents/Github perso/ts-smart-schema/src/core/bimap.ts","statementMap":{"0":{"start":{"line":103,"column":0},"end":{"line":103,"column":16}},"1":{"start":{"line":39,"column":21},"end":{"line":39,"column":44}},"2":{"start":{"line":40,"column":21},"end":{"line":40,"column":44}},"3":{"start":{"line":41,"column":21},"end":{"line":41,"column":46}},"4":{"start":{"line":48,"column":19},"end":{"line":48,"column":44}},"5":{"start":{"line":51,"column":4},"end":{"line":54,"column":5}},"6":{"start":{"line":52,"column":21},"end":{"line":52,"column":45}},"7":{"start":{"line":53,"column":6},"end":{"line":53,"column":35}},"8":{"start":{"line":56,"column":4},"end":{"line":56,"column":47}},"9":{"start":{"line":63,"column":19},"end":{"line":63,"column":44}},"10":{"start":{"line":65,"column":4},"end":{"line":68,"column":5}},"11":{"start":{"line":66,"column":21},"end":{"line":66,"column":45}},"12":{"start":{"line":67,"column":6},"end":{"line":67,"column":35}},"13":{"start":{"line":70,"column":4},"end":{"line":70,"column":47}},"14":{"start":{"line":77,"column":19},"end":{"line":77,"column":34}},"15":{"start":{"line":79,"column":4},"end":{"line":81,"column":5}},"16":{"start":{"line":80,"column":6},"end":{"line":80,"column":31}},"17":{"start":{"line":83,"column":4},"end":{"line":83,"column":27}},"18":{"start":{"line":90,"column":19},"end":{"line":90,"column":36}},"19":{"start":{"line":92,"column":4},"end":{"line":94,"column":5}},"20":{"start":{"line":93,"column":6},"end":{"line":93,"column":31}},"21":{"start":{"line":96,"column":4},"end":{"line":96,"column":27}},"22":{"start":{"line":37,"column":0},"end":{"line":37,"column":13}},"23":{"start":{"line":108,"column":2},"end":{"line":108,"column":55}}},"fnMap":{"0":{"name":"(anonymous_0)","decl":{"start":{"line":38,"column":2},"end":{"line":38,"column":null}},"loc":{"start":{"line":41,"column":46},"end":{"line":42,"column":7}}},"1":{"name":"(anonymous_1)","decl":{"start":{"line":47,"column":2},"end":{"line":47,"column":4}},"loc":{"start":{"line":47,"column":14},"end":{"line":57,"column":3}}},"2":{"name":"(anonymous_2)","decl":{"start":{"line":62,"column":2},"end":{"line":62,"column":6}},"loc":{"start":{"line":62,"column":16},"end":{"line":71,"column":3}}},"3":{"name":"(anonymous_3)","decl":{"start":{"line":76,"column":2},"end":{"line":76,"column":15}},"loc":{"start":{"line":76,"column":25},"end":{"line":84,"column":3}}},"4":{"name":"(anonymous_4)","decl":{"start":{"line":89,"column":2},"end":{"line":89,"column":17}},"loc":{"start":{"line":89,"column":27},"end":{"line":97,"column":3}}},"5":{"name":"biMap","decl":{"start":{"line":103,"column":16},"end":{"line":103,"column":21}},"loc":{"start":{"line":106,"column":27},"end":{"line":109,"column":1}}}},"branchMap":{"0":{"loc":{"start":{"line":79,"column":4},"end":{"line":81,"column":5}},"type":"if","locations":[{"start":{"line":79,"column":4},"end":{"line":81,"column":5}}]},"1":{"loc":{"start":{"line":92,"column":4},"end":{"line":94,"column":5}},"type":"if","locations":[{"start":{"line":92,"column":4},"end":{"line":94,"column":5}}]}},"s":{"0":4,"1":1,"2":1,"3":1,"4":1,"5":1,"6":3,"7":3,"8":1,"9":1,"10":1,"11":3,"12":3,"13":1,"14":0,"15":0,"16":0,"17":0,"18":0,"19":0,"20":0,"21":0,"22":4,"23":1},"f":{"0":1,"1":1,"2":1,"3":0,"4":0,"5":1},"b":{"0":[0],"1":[0]}}
,"/Users/twnguy/Documents/Github perso/ts-smart-schema/src/core/context.ts": {"path":"/Users/twnguy/Documents/Github perso/ts-smart-schema/src/core/context.ts","statementMap":{"0":{"start":{"line":20,"column":0},"end":{"line":20,"column":16}},"1":{"start":{"line":53,"column":0},"end":{"line":53,"column":16}},"2":{"start":{"line":25,"column":2},"end":{"line":27,"column":3}},"3":{"start":{"line":26,"column":4},"end":{"line":26,"column":17}},"4":{"start":{"line":30,"column":2},"end":{"line":32,"column":3}},"5":{"start":{"line":31,"column":4},"end":{"line":31,"column":44}},"6":{"start":{"line":35,"column":2},"end":{"line":45,"column":3}},"7":{"start":{"line":39,"column":4},"end":{"line":43,"column":5}},"8":{"start":{"line":40,"column":6},"end":{"line":42,"column":7}},"9":{"start":{"line":41,"column":8},"end":{"line":41,"column":21}},"10":{"start":{"line":44,"column":4},"end":{"line":44,"column":16}},"11":{"start":{"line":47,"column":2},"end":{"line":47,"column":15}},"12":{"start":{"line":54,"column":2},"end":{"line":54,"column":33}},"13":{"start":{"line":54,"column":16},"end":{"line":54,"column":33}},"14":{"start":{"line":56,"column":2},"end":{"line":58,"column":3}},"15":{"start":{"line":57,"column":4},"end":{"line":57,"column":27}},"16":{"start":{"line":60,"column":2},"end":{"line":60,"column":19}}},"fnMap":{"0":{"name":"matchesContext","decl":{"start":{"line":20,"column":16},"end":{"line":20,"column":30}},"loc":{"start":{"line":22,"column":34},"end":{"line":48,"column":1}}},"1":{"name":"getContextFromOptions","decl":{"start":{"line":53,"column":16},"end":{"line":53,"column":37}},"loc":{"start":{"line":53,"column":50},"end":{"line":61,"column":1}}}},"branchMap":{"0":{"loc":{"start":{"line":25,"column":2},"end":{"line":27,"column":3}},"type":"if","locations":[{"start":{"line":25,"column":2},"end":{"line":27,"column":3}}]},"1":{"loc":{"start":{"line":30,"column":2},"end":{"line":32,"column":3}},"type":"if","locations":[{"start":{"line":30,"column":2},"end":{"line":32,"column":3}}]},"2":{"loc":{"start":{"line":30,"column":6},"end":{"line":30,"column":77}},"type":"binary-expr","locations":[{"start":{"line":30,"column":6},"end":{"line":30,"column":40}},{"start":{"line":30,"column":44},"end":{"line":30,"column":77}}]},"3":{"loc":{"start":{"line":35,"column":2},"end":{"line":45,"column":3}},"type":"if","locations":[{"start":{"line":35,"column":2},"end":{"line":45,"column":3}}]},"4":{"loc":{"start":{"line":36,"column":4},"end":{"line":37,"column":37}},"type":"binary-expr","locations":[{"start":{"line":36,"column":4},"end":{"line":36,"column":38}},{"start":{"line":37,"column":4},"end":{"line":37,"column":37}}]},"5":{"loc":{"start":{"line":40,"column":6},"end":{"line":42,"column":7}},"type":"if","locations":[{"start":{"line":40,"column":6},"end":{"line":42,"column":7}}]},"6":{"loc":{"start":{"line":54,"column":2},"end":{"line":54,"column":33}},"type":"if","locations":[{"start":{"line":54,"column":2},"end":{"line":54,"column":33}}]},"7":{"loc":{"start":{"line":56,"column":2},"end":{"line":58,"column":3}},"type":"if","locations":[{"start":{"line":56,"column":2},"end":{"line":58,"column":3}}]}},"s":{"0":0,"1":0,"2":0,"3":0,"4":0,"5":0,"6":0,"7":0,"8":0,"9":0,"10":0,"11":0,"12":0,"13":0,"14":0,"15":0,"16":0},"f":{"0":0,"1":0},"b":{"0":[0],"1":[0],"2":[0,0],"3":[0],"4":[0,0],"5":[0],"6":[0],"7":[0]}}
,"/Users/twnguy/Documents/Github perso/ts-smart-schema/src/core/contextual.ts": {"path":"/Users/twnguy/Documents/Github perso/ts-smart-schema/src/core/contextual.ts","statementMap":{"0":{"start":{"line":97,"column":0},"end":{"line":97,"column":16}},"1":{"start":{"line":1,"column":0},"end":{"line":1,"column":53}},"2":{"start":{"line":2,"column":0},"end":{"line":2,"column":38}},"3":{"start":{"line":4,"column":0},"end":{"line":4,"column":62}},"4":{"start":{"line":14,"column":4},"end":{"line":14,"column":12}},"5":{"start":{"line":11,"column":21},"end":{"line":11,"column":42}},"6":{"start":{"line":12,"column":21},"end":{"line":12,"column":54}},"7":{"start":{"line":21,"column":23},"end":{"line":21,"column":60}},"8":{"start":{"line":23,"column":4},"end":{"line":25,"column":5}},"9":{"start":{"line":24,"column":6},"end":{"line":24,"column":24}},"10":{"start":{"line":27,"column":24},"end":{"line":27,"column":43}},"11":{"start":{"line":30,"column":4},"end":{"line":45,"column":5}},"12":{"start":{"line":32,"column":29},"end":{"line":32,"column":77}},"13":{"start":{"line":33,"column":6},"end":{"line":44,"column":7}},"14":{"start":{"line":35,"column":27},"end":{"line":35,"column":64}},"15":{"start":{"line":38,"column":8},"end":{"line":40,"column":9}},"16":{"start":{"line":39,"column":10},"end":{"line":39,"column":28}},"17":{"start":{"line":43,"column":8},"end":{"line":43,"column":44}},"18":{"start":{"line":47,"column":4},"end":{"line":47,"column":29}},"19":{"start":{"line":57,"column":39},"end":{"line":63,"column":6}},"20":{"start":{"line":60,"column":23},"end":{"line":60,"column":68}},"21":{"start":{"line":61,"column":8},"end":{"line":61,"column":44}},"22":{"start":{"line":65,"column":4},"end":{"line":68,"column":6}},"23":{"start":{"line":76,"column":24},"end":{"line":76,"column":49}},"24":{"start":{"line":79,"column":4},"end":{"line":82,"column":6}},"25":{"start":{"line":9,"column":0},"end":{"line":9,"column":13}},"26":{"start":{"line":98,"column":2},"end":{"line":98,"column":42}}},"fnMap":{"0":{"name":"(anonymous_0)","decl":{"start":{"line":10,"column":2},"end":{"line":10,"column":null}},"loc":{"start":{"line":12,"column":54},"end":{"line":15,"column":3}}},"1":{"name":"(anonymous_1)","decl":{"start":{"line":20,"column":2},"end":{"line":20,"column":8}},"loc":{"start":{"line":20,"column":50},"end":{"line":48,"column":3}}},"2":{"name":"(anonymous_2)","decl":{"start":{"line":53,"column":2},"end":{"line":53,"column":13}},"loc":{"start":{"line":55,"column":42},"end":{"line":69,"column":3}}},"3":{"name":"(anonymous_3)","decl":{"start":{"line":59,"column":16},"end":{"line":59,"column":17}},"loc":{"start":{"line":59,"column":34},"end":{"line":62,"column":7}}},"4":{"name":"(anonymous_4)","decl":{"start":{"line":74,"column":2},"end":{"line":74,"column":9}},"loc":{"start":{"line":74,"column":9},"end":{"line":83,"column":3}}},"5":{"name":"withContext","decl":{"start":{"line":97,"column":16},"end":{"line":97,"column":27}},"loc":{"start":{"line":97,"column":48},"end":{"line":99,"column":1}}}},"branchMap":{"0":{"loc":{"start":{"line":23,"column":4},"end":{"line":25,"column":5}},"type":"if","locations":[{"start":{"line":23,"column":4},"end":{"line":25,"column":5}}]},"1":{"loc":{"start":{"line":33,"column":6},"end":{"line":44,"column":7}},"type":"if","locations":[{"start":{"line":33,"column":6},"end":{"line":44,"column":7}}]},"2":{"loc":{"start":{"line":38,"column":8},"end":{"line":40,"column":9}},"type":"if","locations":[{"start":{"line":38,"column":8},"end":{"line":40,"column":9}}]}},"s":{"0":0,"1":0,"2":0,"3":0,"4":0,"5":0,"6":0,"7":0,"8":0,"9":0,"10":0,"11":0,"12":0,"13":0,"14":0,"15":0,"16":0,"17":0,"18":0,"19":0,"20":0,"21":0,"22":0,"23":0,"24":0,"25":0,"26":0},"f":{"0":0,"1":0,"2":0,"3":0,"4":0,"5":0},"b":{"0":[0],"1":[0],"2":[0]}}
,"/Users/twnguy/Documents/Github perso/ts-smart-schema/src/core/errors.ts": {"path":"/Users/twnguy/Documents/Github perso/ts-smart-schema/src/core/errors.ts","statementMap":{"0":{"start":{"line":20,"column":4},"end":{"line":20,"column":49}},"1":{"start":{"line":19,"column":30},"end":{"line":19,"column":55}},"2":{"start":{"line":21,"column":4},"end":{"line":21,"column":34}},"3":{"start":{"line":24,"column":4},"end":{"line":26,"column":5}},"4":{"start":{"line":25,"column":6},"end":{"line":25,"column":53}},"5":{"start":{"line":33,"column":4},"end":{"line":35,"column":5}},"6":{"start":{"line":34,"column":6},"end":{"line":34,"column":33}},"7":{"start":{"line":37,"column":4},"end":{"line":41,"column":5}},"8":{"start":{"line":38,"column":22},"end":{"line":38,"column":28}},"9":{"start":{"line":39,"column":19},"end":{"line":39,"column":69}},"10":{"start":{"line":40,"column":6},"end":{"line":40,"column":62}},"11":{"start":{"line":43,"column":26},"end":{"line":48,"column":17}},"12":{"start":{"line":45,"column":21},"end":{"line":45,"column":71}},"13":{"start":{"line":46,"column":8},"end":{"line":46,"column":47}},"14":{"start":{"line":50,"column":4},"end":{"line":50,"column":79}},"15":{"start":{"line":58,"column":22},"end":{"line":58,"column":71}},"16":{"start":{"line":60,"column":4},"end":{"line":73,"column":7}},"17":{"start":{"line":62,"column":6},"end":{"line":64,"column":7}},"18":{"start":{"line":63,"column":8},"end":{"line":63,"column":21}},"19":{"start":{"line":66,"column":6},"end":{"line":70,"column":7}},"20":{"start":{"line":66,"column":19},"end":{"line":66,"column":20}},"21":{"start":{"line":67,"column":8},"end":{"line":69,"column":9}},"22":{"start":{"line":68,"column":10},"end":{"line":68,"column":23}},"23":{"start":{"line":72,"column":6},"end":{"line":72,"column":18}},"24":{"start":{"line":82,"column":4},"end":{"line":88,"column":7}},"25":{"start":{"line":102,"column":23},"end":{"line":102,"column":38}},"26":{"start":{"line":103,"column":4},"end":{"line":110,"column":7}},"27":{"start":{"line":14,"column":0},"end":{"line":14,"column":13}}},"fnMap":{"0":{"name":"(anonymous_0)","decl":{"start":{"line":19,"column":2},"end":{"line":19,"column":30}},"loc":{"start":{"line":19,"column":55},"end":{"line":27,"column":3}}},"1":{"name":"(anonymous_1)","decl":{"start":{"line":32,"column":10},"end":{"line":32,"column":16}},"loc":{"start":{"line":32,"column":56},"end":{"line":51,"column":3}}},"2":{"name":"(anonymous_2)","decl":{"start":{"line":44,"column":11},"end":{"line":44,"column":16}},"loc":{"start":{"line":44,"column":19},"end":{"line":47,"column":7}}},"3":{"name":"(anonymous_3)","decl":{"start":{"line":57,"column":2},"end":{"line":57,"column":17}},"loc":{"start":{"line":57,"column":41},"end":{"line":74,"column":3}}},"4":{"name":"(anonymous_4)","decl":{"start":{"line":60,"column":30},"end":{"line":60,"column":35}},"loc":{"start":{"line":60,"column":38},"end":{"line":73,"column":5}}},"5":{"name":"(anonymous_5)","decl":{"start":{"line":81,"column":2},"end":{"line":81,"column":8}},"loc":{"start":{"line":81,"column":57},"end":{"line":89,"column":3}}},"6":{"name":"(anonymous_6)","decl":{"start":{"line":97,"column":2},"end":{"line":97,"column":8}},"loc":{"start":{"line":100,"column":23},"end":{"line":111,"column":3}}}},"branchMap":{"0":{"loc":{"start":{"line":24,"column":4},"end":{"line":26,"column":5}},"type":"if","locations":[{"start":{"line":24,"column":4},"end":{"line":26,"column":5}}]},"1":{"loc":{"start":{"line":33,"column":4},"end":{"line":35,"column":5}},"type":"if","locations":[{"start":{"line":33,"column":4},"end":{"line":35,"column":5}}]},"2":{"loc":{"start":{"line":37,"column":4},"end":{"line":41,"column":5}},"type":"if","locations":[{"start":{"line":37,"column":4},"end":{"line":41,"column":5}}]},"3":{"loc":{"start":{"line":39,"column":19},"end":{"line":39,"column":69}},"type":"cond-expr","locations":[{"start":{"line":39,"column":39},"end":{"line":39,"column":59}},{"start":{"line":39,"column":62},"end":{"line":39,"column":69}}]},"4":{"loc":{"start":{"line":45,"column":21},"end":{"line":45,"column":71}},"type":"cond-expr","locations":[{"start":{"line":45,"column":41},"end":{"line":45,"column":61}},{"start":{"line":45,"column":64},"end":{"line":45,"column":71}}]},"5":{"loc":{"start":{"line":58,"column":22},"end":{"line":58,"column":71}},"type":"cond-expr","locations":[{"start":{"line":58,"column":49},"end":{"line":58,"column":64}},{"start":{"line":58,"column":67},"end":{"line":58,"column":71}}]},"6":{"loc":{"start":{"line":62,"column":6},"end":{"line":64,"column":7}},"type":"if","locations":[{"start":{"line":62,"column":6},"end":{"line":64,"column":7}}]},"7":{"loc":{"start":{"line":67,"column":8},"end":{"line":69,"column":9}},"type":"if","locations":[{"start":{"line":67,"column":8},"end":{"line":69,"column":9}}]},"8":{"loc":{"start":{"line":81,"column":38},"end":{"line":81,"column":57}},"type":"default-arg","locations":[{"start":{"line":81,"column":55},"end":{"line":81,"column":57}}]},"9":{"loc":{"start":{"line":100,"column":4},"end":{"line":100,"column":23}},"type":"default-arg","locations":[{"start":{"line":100,"column":21},"end":{"line":100,"column":23}}]}},"s":{"0":109,"1":109,"2":109,"3":109,"4":109,"5":109,"6":0,"7":109,"8":101,"9":101,"10":101,"11":8,"12":23,"13":23,"14":8,"15":0,"16":0,"17":0,"18":0,"19":0,"20":0,"21":0,"22":0,"23":0,"24":0,"25":58,"26":58,"27":4},"f":{"0":109,"1":109,"2":23,"3":0,"4":0,"5":0,"6":58},"b":{"0":[109],"1":[0],"2":[101],"3":[69,32],"4":[19,4],"5":[0,0],"6":[0],"7":[0],"8":[0],"9":[0]}}
,"/Users/twnguy/Documents/Github perso/ts-smart-schema/src/core/generic.ts": {"path":"/Users/twnguy/Documents/Github perso/ts-smart-schema/src/core/generic.ts","statementMap":{"0":{"start":{"line":55,"column":0},"end":{"line":55,"column":16}},"1":{"start":{"line":136,"column":0},"end":{"line":136,"column":16}},"2":{"start":{"line":203,"column":0},"end":{"line":203,"column":16}},"3":{"start":{"line":294,"column":0},"end":{"line":294,"column":16}},"4":{"start":{"line":399,"column":0},"end":{"line":399,"column":16}},"5":{"start":{"line":525,"column":0},"end":{"line":525,"column":16}},"6":{"start":{"line":613,"column":0},"end":{"line":613,"column":16}},"7":{"start":{"line":1,"column":0},"end":{"line":1,"column":53}},"8":{"start":{"line":2,"column":0},"end":{"line":2,"column":43}},"9":{"start":{"line":3,"column":0},"end":{"line":3,"column":60}},"10":{"start":{"line":10,"column":4},"end":{"line":10,"column":12}},"11":{"start":{"line":9,"column":31},"end":{"line":9,"column":53}},"12":{"start":{"line":17,"column":17},"end":{"line":17,"column":35}},"13":{"start":{"line":18,"column":38},"end":{"line":18,"column":40}},"14":{"start":{"line":21,"column":4},"end":{"line":30,"column":5}},"15":{"start":{"line":22,"column":21},"end":{"line":22,"column":52}},"16":{"start":{"line":24,"column":6},"end":{"line":26,"column":7}},"17":{"start":{"line":25,"column":8},"end":{"line":25,"column":52}},"18":{"start":{"line":29,"column":6},"end":{"line":29,"column":48}},"19":{"start":{"line":33,"column":4},"end":{"line":41,"column":8}},"20":{"start":{"line":48,"column":4},"end":{"line":48,"column":73}},"21":{"start":{"line":48,"column":54},"end":{"line":48,"column":70}},"22":{"start":{"line":8,"column":0},"end":{"line":8,"column":13}},"23":{"start":{"line":58,"column":2},"end":{"line":58,"column":34}},"24":{"start":{"line":69,"column":4},"end":{"line":69,"column":12}},"25":{"start":{"line":66,"column":21},"end":{"line":66,"column":37}},"26":{"start":{"line":67,"column":21},"end":{"line":67,"column":43}},"27":{"start":{"line":76,"column":17},"end":{"line":76,"column":35}},"28":{"start":{"line":79,"column":4},"end":{"line":81,"column":5}},"29":{"start":{"line":80,"column":6},"end":{"line":80,"column":69}},"30":{"start":{"line":83,"column":18},"end":{"line":83,"column":67}},"31":{"start":{"line":86,"column":4},"end":{"line":93,"column":5}},"32":{"start":{"line":87,"column":6},"end":{"line":92,"column":11}},"33":{"start":{"line":95,"column":31},"end":{"line":95,"column":56}},"34":{"start":{"line":96,"column":38},"end":{"line":96,"column":40}},"35":{"start":{"line":99,"column":4},"end":{"line":108,"column":5}},"36":{"start":{"line":100,"column":21},"end":{"line":100,"column":52}},"37":{"start":{"line":102,"column":6},"end":{"line":104,"column":7}},"38":{"start":{"line":103,"column":8},"end":{"line":103,"column":52}},"39":{"start":{"line":107,"column":6},"end":{"line":107,"column":48}},"40":{"start":{"line":111,"column":4},"end":{"line":119,"column":8}},"41":{"start":{"line":126,"column":4},"end":{"line":129,"column":6}},"42":{"start":{"line":128,"column":33},"end":{"line":128,"column":49}},"43":{"start":{"line":64,"column":0},"end":{"line":64,"column":13}},"44":{"start":{"line":143,"column":2},"end":{"line":143,"column":62}},"45":{"start":{"line":153,"column":4},"end":{"line":153,"column":12}},"46":{"start":{"line":151,"column":21},"end":{"line":151,"column":43}},"47":{"start":{"line":160,"column":17},"end":{"line":160,"column":35}},"48":{"start":{"line":161,"column":38},"end":{"line":161,"column":40}},"49":{"start":{"line":162,"column":40},"end":{"line":162,"column":42}},"50":{"start":{"line":165,"column":4},"end":{"line":183,"column":5}},"51":{"start":{"line":166,"column":27},"end":{"line":166,"column":58}},"52":{"start":{"line":168,"column":6},"end":{"line":182,"column":7}},"53":{"start":{"line":169,"column":8},"end":{"line":169,"column":56}},"54":{"start":{"line":172,"column":8},"end":{"line":174,"column":9}},"55":{"start":{"line":173,"column":10},"end":{"line":173,"column":50}},"56":{"start":{"line":177,"column":22},"end":{"line":177,"column":43}},"57":{"start":{"line":179,"column":8},"end":{"line":181,"column":9}},"58":{"start":{"line":180,"column":10},"end":{"line":180,"column":39}},"59":{"start":{"line":185,"column":4},"end":{"line":187,"column":5}},"60":{"start":{"line":186,"column":6},"end":{"line":186,"column":46}},"61":{"start":{"line":189,"column":4},"end":{"line":189,"column":27}},"62":{"start":{"line":196,"column":4},"end":{"line":196,"column":80}},"63":{"start":{"line":196,"column":61},"end":{"line":196,"column":77}},"64":{"start":{"line":149,"column":0},"end":{"line":149,"column":13}},"65":{"start":{"line":207,"column":2},"end":{"line":207,"column":52}},"66":{"start":{"line":217,"column":4},"end":{"line":217,"column":12}},"67":{"start":{"line":216,"column":31},"end":{"line":216,"column":56}},"68":{"start":{"line":214,"column":10},"end":{"line":214,"column":49}},"69":{"start":{"line":225,"column":4},"end":{"line":237,"column":5}},"70":{"start":{"line":232,"column":6},"end":{"line":234,"column":7}},"71":{"start":{"line":233,"column":8},"end":{"line":233,"column":45}},"72":{"start":{"line":236,"column":6},"end":{"line":236,"column":54}},"73":{"start":{"line":240,"column":4},"end":{"line":250,"column":5}},"74":{"start":{"line":243,"column":6},"end":{"line":249,"column":7}},"75":{"start":{"line":248,"column":8},"end":{"line":248,"column":38}},"76":{"start":{"line":253,"column":4},"end":{"line":271,"column":5}},"77":{"start":{"line":254,"column":6},"end":{"line":270,"column":7}},"78":{"start":{"line":255,"column":8},"end":{"line":255,"column":45}},"79":{"start":{"line":258,"column":8},"end":{"line":262,"column":9}},"80":{"start":{"line":261,"column":10},"end":{"line":261,"column":40}},"81":{"start":{"line":264,"column":8},"end":{"line":269,"column":13}},"82":{"start":{"line":274,"column":4},"end":{"line":274,"column":52}},"83":{"start":{"line":281,"column":4},"end":{"line":287,"column":7}},"84":{"start":{"line":282,"column":6},"end":{"line":284,"column":7}},"85":{"start":{"line":283,"column":8},"end":{"line":283,"column":45}},"86":{"start":{"line":286,"column":6},"end":{"line":286,"column":42}},"87":{"start":{"line":213,"column":0},"end":{"line":213,"column":13}},"88":{"start":{"line":295,"column":2},"end":{"line":295,"column":34}},"89":{"start":{"line":310,"column":4},"end":{"line":310,"column":12}},"90":{"start":{"line":307,"column":21},"end":{"line":307,"column":42}},"91":{"start":{"line":308,"column":21},"end":{"line":308,"column":44}},"92":{"start":{"line":321,"column":17},"end":{"line":321,"column":35}},"93":{"start":{"line":324,"column":4},"end":{"line":326,"column":5}},"94":{"start":{"line":325,"column":6},"end":{"line":325,"column":69}},"95":{"start":{"line":328,"column":18},"end":{"line":328,"column":49}},"96":{"start":{"line":331,"column":4},"end":{"line":338,"column":5}},"97":{"start":{"line":332,"column":6},"end":{"line":337,"column":11}},"98":{"start":{"line":344,"column":8},"end":{"line":346,"column":6}},"99":{"start":{"line":349,"column":4},"end":{"line":380,"column":5}},"100":{"start":{"line":350,"column":6},"end":{"line":368,"column":7}},"101":{"start":{"line":351,"column":27},"end":{"line":354,"column":10}},"102":{"start":{"line":356,"column":8},"end":{"line":358,"column":9}},"103":{"start":{"line":357,"column":10},"end":{"line":357,"column":60}},"104":{"start":{"line":360,"column":8},"end":{"line":360,"column":42}},"105":{"start":{"line":362,"column":8},"end":{"line":367,"column":13}},"106":{"start":{"line":369,"column":11},"end":{"line":380,"column":5}},"107":{"start":{"line":370,"column":26},"end":{"line":373,"column":8}},"108":{"start":{"line":375,"column":6},"end":{"line":377,"column":7}},"109":{"start":{"line":376,"column":8},"end":{"line":376,"column":59}},"110":{"start":{"line":379,"column":6},"end":{"line":379,"column":42}},"111":{"start":{"line":382,"column":4},"end":{"line":382,"column":22}},"112":{"start":{"line":389,"column":4},"end":{"line":392,"column":6}},"113":{"start":{"line":301,"column":0},"end":{"line":301,"column":13}},"114":{"start":{"line":403,"column":2},"end":{"line":403,"column":56}},"115":{"start":{"line":417,"column":4},"end":{"line":417,"column":12}},"116":{"start":{"line":416,"column":31},"end":{"line":416,"column":52}},"117":{"start":{"line":430,"column":17},"end":{"line":430,"column":35}},"118":{"start":{"line":433,"column":4},"end":{"line":435,"column":5}},"119":{"start":{"line":434,"column":6},"end":{"line":434,"column":69}},"120":{"start":{"line":437,"column":18},"end":{"line":437,"column":49}},"121":{"start":{"line":438,"column":24},"end":{"line":438,"column":26}},"122":{"start":{"line":439,"column":38},"end":{"line":439,"column":40}},"123":{"start":{"line":442,"column":27},"end":{"line":442,"column":78}},"124":{"start":{"line":444,"column":4},"end":{"line":453,"column":5}},"125":{"start":{"line":445,"column":6},"end":{"line":452,"column":7}},"126":{"start":{"line":446,"column":8},"end":{"line":451,"column":11}},"127":{"start":{"line":455,"column":4},"end":{"line":457,"column":5}},"128":{"start":{"line":456,"column":6},"end":{"line":456,"column":46}},"129":{"start":{"line":460,"column":4},"end":{"line":467,"column":5}},"130":{"start":{"line":461,"column":6},"end":{"line":466,"column":11}},"131":{"start":{"line":470,"column":29},"end":{"line":470,"column":31}},"132":{"start":{"line":472,"column":4},"end":{"line":487,"column":5}},"133":{"start":{"line":472,"column":17},"end":{"line":472,"column":18}},"134":{"start":{"line":473,"column":25},"end":{"line":476,"column":8}},"135":{"start":{"line":478,"column":6},"end":{"line":486,"column":7}},"136":{"start":{"line":479,"column":8},"end":{"line":479,"column":54}},"137":{"start":{"line":481,"column":8},"end":{"line":483,"column":9}},"138":{"start":{"line":482,"column":10},"end":{"line":482,"column":50}},"139":{"start":{"line":485,"column":8},"end":{"line":485,"column":46}},"140":{"start":{"line":490,"column":26},"end":{"line":490,"column":68}},"141":{"start":{"line":492,"column":4},"end":{"line":503,"column":5}},"142":{"start":{"line":493,"column":6},"end":{"line":502,"column":7}},"143":{"start":{"line":494,"column":8},"end":{"line":499,"column":11}},"144":{"start":{"line":501,"column":8},"end":{"line":501,"column":37}},"145":{"start":{"line":505,"column":4},"end":{"line":507,"column":5}},"146":{"start":{"line":506,"column":6},"end":{"line":506,"column":46}},"147":{"start":{"line":509,"column":4},"end":{"line":509,"column":31}},"148":{"start":{"line":511,"column":4},"end":{"line":511,"column":22}},"149":{"start":{"line":518,"column":4},"end":{"line":518,"column":58}},"150":{"start":{"line":409,"column":0},"end":{"line":409,"column":13}},"151":{"start":{"line":528,"column":2},"end":{"line":528,"column":41}},"152":{"start":{"line":539,"column":4},"end":{"line":539,"column":12}},"153":{"start":{"line":536,"column":21},"end":{"line":536,"column":41}},"154":{"start":{"line":537,"column":21},"end":{"line":537,"column":43}},"155":{"start":{"line":546,"column":17},"end":{"line":546,"column":35}},"156":{"start":{"line":549,"column":4},"end":{"line":551,"column":5}},"157":{"start":{"line":550,"column":6},"end":{"line":550,"column":69}},"158":{"start":{"line":553,"column":18},"end":{"line":553,"column":49}},"159":{"start":{"line":554,"column":38},"end":{"line":554,"column":40}},"160":{"start":{"line":555,"column":38},"end":{"line":555,"column":40}},"161":{"start":{"line":558,"column":4},"end":{"line":590,"column":5}},"162":{"start":{"line":560,"column":24},"end":{"line":563,"column":8}},"163":{"start":{"line":565,"column":6},"end":{"line":573,"column":7}},"164":{"start":{"line":566,"column":8},"end":{"line":566,"column":53}},"165":{"start":{"line":568,"column":8},"end":{"line":570,"column":9}},"166":{"start":{"line":569,"column":10},"end":{"line":569,"column":50}},"167":{"start":{"line":572,"column":8},"end":{"line":572,"column":17}},"168":{"start":{"line":576,"column":26},"end":{"line":579,"column":8}},"169":{"start":{"line":581,"column":6},"end":{"line":589,"column":7}},"170":{"start":{"line":582,"column":8},"end":{"line":582,"column":55}},"171":{"start":{"line":584,"column":8},"end":{"line":586,"column":9}},"172":{"start":{"line":585,"column":10},"end":{"line":585,"column":50}},"173":{"start":{"line":588,"column":8},"end":{"line":588,"column":43}},"174":{"start":{"line":592,"column":4},"end":{"line":594,"column":5}},"175":{"start":{"line":593,"column":6},"end":{"line":593,"column":46}},"176":{"start":{"line":596,"column":4},"end":{"line":596,"column":38}},"177":{"start":{"line":603,"column":4},"end":{"line":606,"column":6}},"178":{"start":{"line":534,"column":0},"end":{"line":534,"column":13}},"179":{"start":{"line":617,"column":2},"end":{"line":617,"column":50}}},"fnMap":{"0":{"name":"(anonymous_0)","decl":{"start":{"line":9,"column":2},"end":{"line":9,"column":31}},"loc":{"start":{"line":9,"column":53},"end":{"line":11,"column":3}}},"1":{"name":"(anonymous_1)","decl":{"start":{"line":16,"column":2},"end":{"line":16,"column":8}},"loc":{"start":{"line":16,"column":50},"end":{"line":42,"column":3}}},"2":{"name":"(anonymous_2)","decl":{"start":{"line":47,"column":2},"end":{"line":47,"column":9}},"loc":{"start":{"line":47,"column":9},"end":{"line":49,"column":3}}},"3":{"name":"(anonymous_3)","decl":{"start":{"line":48,"column":44},"end":{"line":48,"column":50}},"loc":{"start":{"line":48,"column":54},"end":{"line":48,"column":70}}},"4":{"name":"createUnionSchema","decl":{"start":{"line":55,"column":16},"end":{"line":55,"column":33}},"loc":{"start":{"line":56,"column":17},"end":{"line":59,"column":1}}},"5":{"name":"(anonymous_5)","decl":{"start":{"line":65,"column":2},"end":{"line":65,"column":null}},"loc":{"start":{"line":67,"column":43},"end":{"line":70,"column":3}}},"6":{"name":"(anonymous_6)","decl":{"start":{"line":75,"column":2},"end":{"line":75,"column":8}},"loc":{"start":{"line":75,"column":50},"end":{"line":120,"column":3}}},"7":{"name":"(anonymous_7)","decl":{"start":{"line":125,"column":2},"end":{"line":125,"column":9}},"loc":{"start":{"line":125,"column":9},"end":{"line":130,"column":3}}},"8":{"name":"(anonymous_8)","decl":{"start":{"line":128,"column":23},"end":{"line":128,"column":29}},"loc":{"start":{"line":128,"column":33},"end":{"line":128,"column":49}}},"9":{"name":"createDiscriminatedUnionSchema","decl":{"start":{"line":136,"column":16},"end":{"line":136,"column":46}},"loc":{"start":{"line":141,"column":17},"end":{"line":144,"column":1}}},"10":{"name":"(anonymous_10)","decl":{"start":{"line":150,"column":2},"end":{"line":150,"column":null}},"loc":{"start":{"line":151,"column":43},"end":{"line":154,"column":3}}},"11":{"name":"(anonymous_11)","decl":{"start":{"line":159,"column":2},"end":{"line":159,"column":8}},"loc":{"start":{"line":159,"column":50},"end":{"line":190,"column":3}}},"12":{"name":"(anonymous_12)","decl":{"start":{"line":195,"column":2},"end":{"line":195,"column":9}},"loc":{"start":{"line":195,"column":9},"end":{"line":197,"column":3}}},"13":{"name":"(anonymous_13)","decl":{"start":{"line":196,"column":51},"end":{"line":196,"column":57}},"loc":{"start":{"line":196,"column":61},"end":{"line":196,"column":77}}},"14":{"name":"createIntersectionSchema","decl":{"start":{"line":203,"column":16},"end":{"line":203,"column":40}},"loc":{"start":{"line":205,"column":13},"end":{"line":208,"column":1}}},"15":{"name":"(anonymous_15)","decl":{"start":{"line":216,"column":2},"end":{"line":216,"column":31}},"loc":{"start":{"line":216,"column":56},"end":{"line":218,"column":3}}},"16":{"name":"(anonymous_16)","decl":{"start":{"line":223,"column":2},"end":{"line":223,"column":8}},"loc":{"start":{"line":223,"column":50},"end":{"line":275,"column":3}}},"17":{"name":"(anonymous_17)","decl":{"start":{"line":280,"column":2},"end":{"line":280,"column":9}},"loc":{"start":{"line":280,"column":9},"end":{"line":288,"column":3}}},"18":{"name":"(anonymous_18)","decl":{"start":{"line":281,"column":26},"end":{"line":281,"column":29}},"loc":{"start":{"line":281,"column":31},"end":{"line":287,"column":5}}},"19":{"name":"createLazySchema","decl":{"start":{"line":294,"column":16},"end":{"line":294,"column":32}},"loc":{"start":{"line":294,"column":61},"end":{"line":296,"column":1}}},"20":{"name":"(anonymous_20)","decl":{"start":{"line":306,"column":2},"end":{"line":306,"column":null}},"loc":{"start":{"line":308,"column":44},"end":{"line":311,"column":3}}},"21":{"name":"(anonymous_21)","decl":{"start":{"line":316,"column":2},"end":{"line":316,"column":8}},"loc":{"start":{"line":316,"column":50},"end":{"line":383,"column":3}}},"22":{"name":"(anonymous_22)","decl":{"start":{"line":388,"column":2},"end":{"line":388,"column":9}},"loc":{"start":{"line":388,"column":9},"end":{"line":393,"column":3}}},"23":{"name":"createApiResponseSchema","decl":{"start":{"line":399,"column":16},"end":{"line":399,"column":39}},"loc":{"start":{"line":401,"column":25},"end":{"line":404,"column":1}}},"24":{"name":"(anonymous_24)","decl":{"start":{"line":416,"column":2},"end":{"line":416,"column":31}},"loc":{"start":{"line":416,"column":52},"end":{"line":418,"column":3}}},"25":{"name":"(anonymous_25)","decl":{"start":{"line":423,"column":2},"end":{"line":423,"column":8}},"loc":{"start":{"line":423,"column":50},"end":{"line":512,"column":3}}},"26":{"name":"(anonymous_26)","decl":{"start":{"line":517,"column":2},"end":{"line":517,"column":9}},"loc":{"start":{"line":517,"column":9},"end":{"line":519,"column":3}}},"27":{"name":"createPaginatedSchema","decl":{"start":{"line":525,"column":16},"end":{"line":525,"column":37}},"loc":{"start":{"line":526,"column":23},"end":{"line":529,"column":1}}},"28":{"name":"(anonymous_28)","decl":{"start":{"line":535,"column":2},"end":{"line":535,"column":null}},"loc":{"start":{"line":537,"column":43},"end":{"line":540,"column":3}}},"29":{"name":"(anonymous_29)","decl":{"start":{"line":545,"column":2},"end":{"line":545,"column":8}},"loc":{"start":{"line":545,"column":50},"end":{"line":597,"column":3}}},"30":{"name":"(anonymous_30)","decl":{"start":{"line":602,"column":2},"end":{"line":602,"column":9}},"loc":{"start":{"line":602,"column":9},"end":{"line":607,"column":3}}},"31":{"name":"createRecordSchema","decl":{"start":{"line":613,"column":16},"end":{"line":613,"column":34}},"loc":{"start":{"line":615,"column":24},"end":{"line":618,"column":1}}}},"branchMap":{"0":{"loc":{"start":{"line":17,"column":17},"end":{"line":17,"column":35}},"type":"binary-expr","locations":[{"start":{"line":17,"column":17},"end":{"line":17,"column":29}},{"start":{"line":17,"column":33},"end":{"line":17,"column":35}}]},"1":{"loc":{"start":{"line":24,"column":6},"end":{"line":26,"column":7}},"type":"if","locations":[{"start":{"line":24,"column":6},"end":{"line":26,"column":7}}]},"2":{"loc":{"start":{"line":76,"column":17},"end":{"line":76,"column":35}},"type":"binary-expr","locations":[{"start":{"line":76,"column":17},"end":{"line":76,"column":29}},{"start":{"line":76,"column":33},"end":{"line":76,"column":35}}]},"3":{"loc":{"start":{"line":79,"column":4},"end":{"line":81,"column":5}},"type":"if","locations":[{"start":{"line":79,"column":4},"end":{"line":81,"column":5}}]},"4":{"loc":{"start":{"line":79,"column":8},"end":{"line":79,"column":49}},"type":"binary-expr","locations":[{"start":{"line":79,"column":8},"end":{"line":79,"column":32}},{"start":{"line":79,"column":36},"end":{"line":79,"column":49}}]},"5":{"loc":{"start":{"line":86,"column":4},"end":{"line":93,"column":5}},"type":"if","locations":[{"start":{"line":86,"column":4},"end":{"line":93,"column":5}}]},"6":{"loc":{"start":{"line":102,"column":6},"end":{"line":104,"column":7}},"type":"if","locations":[{"start":{"line":102,"column":6},"end":{"line":104,"column":7}}]},"7":{"loc":{"start":{"line":160,"column":17},"end":{"line":160,"column":35}},"type":"binary-expr","locations":[{"start":{"line":160,"column":17},"end":{"line":160,"column":29}},{"start":{"line":160,"column":33},"end":{"line":160,"column":35}}]},"8":{"loc":{"start":{"line":168,"column":6},"end":{"line":182,"column":7}},"type":"if","locations":[{"start":{"line":168,"column":6},"end":{"line":182,"column":7}},{"start":{"line":175,"column":13},"end":{"line":182,"column":7}}]},"9":{"loc":{"start":{"line":172,"column":8},"end":{"line":174,"column":9}},"type":"if","locations":[{"start":{"line":172,"column":8},"end":{"line":174,"column":9}}]},"10":{"loc":{"start":{"line":172,"column":12},"end":{"line":172,"column":51}},"type":"binary-expr","locations":[{"start":{"line":172,"column":12},"end":{"line":172,"column":30}},{"start":{"line":172,"column":34},"end":{"line":172,"column":51}}]},"11":{"loc":{"start":{"line":179,"column":8},"end":{"line":181,"column":9}},"type":"if","locations":[{"start":{"line":179,"column":8},"end":{"line":181,"column":9}}]},"12":{"loc":{"start":{"line":179,"column":12},"end":{"line":179,"column":80}},"type":"binary-expr","locations":[{"start":{"line":179,"column":12},"end":{"line":179,"column":37}},{"start":{"line":179,"column":41},"end":{"line":179,"column":55}},{"start":{"line":179,"column":59},"end":{"line":179,"column":80}}]},"13":{"loc":{"start":{"line":185,"column":4},"end":{"line":187,"column":5}},"type":"if","locations":[{"start":{"line":185,"column":4},"end":{"line":187,"column":5}}]},"14":{"loc":{"start":{"line":225,"column":4},"end":{"line":237,"column":5}},"type":"if","locations":[{"start":{"line":225,"column":4},"end":{"line":237,"column":5}}]},"15":{"loc":{"start":{"line":225,"column":8},"end":{"line":228,"column":31}},"type":"binary-expr","locations":[{"start":{"line":225,"column":8},"end":{"line":225,"column":37}},{"start":{"line":226,"column":8},"end":{"line":226,"column":26}},{"start":{"line":227,"column":8},"end":{"line":227,"column":20}},{"start":{"line":228,"column":8},"end":{"line":228,"column":31}}]},"16":{"loc":{"start":{"line":232,"column":6},"end":{"line":234,"column":7}},"type":"if","locations":[{"start":{"line":232,"column":6},"end":{"line":234,"column":7}}]},"17":{"loc":{"start":{"line":240,"column":4},"end":{"line":250,"column":5}},"type":"if","locations":[{"start":{"line":240,"column":4},"end":{"line":250,"column":5}}]},"18":{"loc":{"start":{"line":240,"column":8},"end":{"line":240,"column":55}},"type":"binary-expr","locations":[{"start":{"line":240,"column":8},"end":{"line":240,"column":26}},{"start":{"line":240,"column":30},"end":{"line":240,"column":55}}]},"19":{"loc":{"start":{"line":243,"column":6},"end":{"line":249,"column":7}},"type":"if","locations":[{"start":{"line":243,"column":6},"end":{"line":249,"column":7}}]},"20":{"loc":{"start":{"line":244,"column":8},"end":{"line":245,"column":52}},"type":"binary-expr","locations":[{"start":{"line":244,"column":8},"end":{"line":244,"column":50}},{"start":{"line":245,"column":8},"end":{"line":245,"column":52}}]},"21":{"loc":{"start":{"line":253,"column":4},"end":{"line":271,"column":5}},"type":"if","locations":[{"start":{"line":253,"column":4},"end":{"line":271,"column":5}}]},"22":{"loc":{"start":{"line":258,"column":8},"end":{"line":262,"column":9}},"type":"if","locations":[{"start":{"line":258,"column":8},"end":{"line":262,"column":9}}]},"23":{"loc":{"start":{"line":258,"column":12},"end":{"line":258,"column":59}},"type":"binary-expr","locations":[{"start":{"line":258,"column":12},"end":{"line":258,"column":30}},{"start":{"line":258,"column":34},"end":{"line":258,"column":59}}]},"24":{"loc":{"start":{"line":265,"column":16},"end":{"line":265,"column":34}},"type":"binary-expr","locations":[{"start":{"line":265,"column":16},"end":{"line":265,"column":28}},{"start":{"line":265,"column":32},"end":{"line":265,"column":34}}]},"25":{"loc":{"start":{"line":266,"column":54},"end":{"line":266,"column":96}},"type":"cond-expr","locations":[{"start":{"line":266,"column":75},"end":{"line":266,"column":84}},{"start":{"line":266,"column":87},"end":{"line":266,"column":96}}]},"26":{"loc":{"start":{"line":282,"column":6},"end":{"line":284,"column":7}},"type":"if","locations":[{"start":{"line":282,"column":6},"end":{"line":284,"column":7}}]},"27":{"loc":{"start":{"line":321,"column":17},"end":{"line":321,"column":35}},"type":"binary-expr","locations":[{"start":{"line":321,"column":17},"end":{"line":321,"column":29}},{"start":{"line":321,"column":33},"end":{"line":321,"column":35}}]},"28":{"loc":{"start":{"line":324,"column":4},"end":{"line":326,"column":5}},"type":"if","locations":[{"start":{"line":324,"column":4},"end":{"line":326,"column":5}}]},"29":{"loc":{"start":{"line":324,"column":8},"end":{"line":324,"column":49}},"type":"binary-expr","locations":[{"start":{"line":324,"column":8},"end":{"line":324,"column":32}},{"start":{"line":324,"column":36},"end":{"line":324,"column":49}}]},"30":{"loc":{"start":{"line":331,"column":4},"end":{"line":338,"column":5}},"type":"if","locations":[{"start":{"line":331,"column":4},"end":{"line":338,"column":5}}]},"31":{"loc":{"start":{"line":349,"column":4},"end":{"line":380,"column":5}},"type":"if","locations":[{"start":{"line":349,"column":4},"end":{"line":380,"column":5}},{"start":{"line":369,"column":11},"end":{"line":380,"column":5}}]},"32":{"loc":{"start":{"line":350,"column":6},"end":{"line":368,"column":7}},"type":"if","locations":[{"start":{"line":350,"column":6},"end":{"line":368,"column":7}},{"start":{"line":361,"column":13},"end":{"line":368,"column":7}}]},"33":{"loc":{"start":{"line":356,"column":8},"end":{"line":358,"column":9}},"type":"if","locations":[{"start":{"line":356,"column":8},"end":{"line":358,"column":9}}]},"34":{"loc":{"start":{"line":369,"column":11},"end":{"line":380,"column":5}},"type":"if","locations":[{"start":{"line":369,"column":11},"end":{"line":380,"column":5}}]},"35":{"loc":{"start":{"line":369,"column":15},"end":{"line":369,"column":51}},"type":"binary-expr","locations":[{"start":{"line":369,"column":15},"end":{"line":369,"column":31}},{"start":{"line":369,"column":35},"end":{"line":369,"column":51}}]},"36":{"loc":{"start":{"line":375,"column":6},"end":{"line":377,"column":7}},"type":"if","locations":[{"start":{"line":375,"column":6},"end":{"line":377,"column":7}}]},"37":{"loc":{"start":{"line":391,"column":6},"end":{"line":391,"column":63}},"type":"cond-expr","locations":[{"start":{"line":391,"column":25},"end":{"line":391,"column":51}},{"start":{"line":391,"column":54},"end":{"line":391,"column":63}}]},"38":{"loc":{"start":{"line":430,"column":17},"end":{"line":430,"column":35}},"type":"binary-expr","locations":[{"start":{"line":430,"column":17},"end":{"line":430,"column":29}},{"start":{"line":430,"column":33},"end":{"line":430,"column":35}}]},"39":{"loc":{"start":{"line":433,"column":4},"end":{"line":435,"column":5}},"type":"if","locations":[{"start":{"line":433,"column":4},"end":{"line":435,"column":5}}]},"40":{"loc":{"start":{"line":433,"column":8},"end":{"line":433,"column":49}},"type":"binary-expr","locations":[{"start":{"line":433,"column":8},"end":{"line":433,"column":32}},{"start":{"line":433,"column":36},"end":{"line":433,"column":49}}]},"41":{"loc":{"start":{"line":445,"column":6},"end":{"line":452,"column":7}},"type":"if","locations":[{"start":{"line":445,"column":6},"end":{"line":452,"column":7}}]},"42":{"loc":{"start":{"line":455,"column":4},"end":{"line":457,"column":5}},"type":"if","locations":[{"start":{"line":455,"column":4},"end":{"line":457,"column":5}}]},"43":{"loc":{"start":{"line":460,"column":4},"end":{"line":467,"column":5}},"type":"if","locations":[{"start":{"line":460,"column":4},"end":{"line":467,"column":5}}]},"44":{"loc":{"start":{"line":478,"column":6},"end":{"line":486,"column":7}},"type":"if","locations":[{"start":{"line":478,"column":6},"end":{"line":486,"column":7}},{"start":{"line":484,"column":13},"end":{"line":486,"column":7}}]},"45":{"loc":{"start":{"line":481,"column":8},"end":{"line":483,"column":9}},"type":"if","locations":[{"start":{"line":481,"column":8},"end":{"line":483,"column":9}}]},"46":{"loc":{"start":{"line":493,"column":6},"end":{"line":502,"column":7}},"type":"if","locations":[{"start":{"line":493,"column":6},"end":{"line":502,"column":7}},{"start":{"line":500,"column":13},"end":{"line":502,"column":7}}]},"47":{"loc":{"start":{"line":505,"column":4},"end":{"line":507,"column":5}},"type":"if","locations":[{"start":{"line":505,"column":4},"end":{"line":507,"column":5}}]},"48":{"loc":{"start":{"line":546,"column":17},"end":{"line":546,"column":35}},"type":"binary-expr","locations":[{"start":{"line":546,"column":17},"end":{"line":546,"column":29}},{"start":{"line":546,"column":33},"end":{"line":546,"column":35}}]},"49":{"loc":{"start":{"line":549,"column":4},"end":{"line":551,"column":5}},"type":"if","locations":[{"start":{"line":549,"column":4},"end":{"line":551,"column":5}}]},"50":{"loc":{"start":{"line":549,"column":8},"end":{"line":549,"column":72}},"type":"binary-expr","locations":[{"start":{"line":549,"column":8},"end":{"line":549,"column":32}},{"start":{"line":549,"column":36},"end":{"line":549,"column":49}},{"start":{"line":549,"column":53},"end":{"line":549,"column":72}}]},"51":{"loc":{"start":{"line":565,"column":6},"end":{"line":573,"column":7}},"type":"if","locations":[{"start":{"line":565,"column":6},"end":{"line":573,"column":7}}]},"52":{"loc":{"start":{"line":568,"column":8},"end":{"line":570,"column":9}},"type":"if","locations":[{"start":{"line":568,"column":8},"end":{"line":570,"column":9}}]},"53":{"loc":{"start":{"line":581,"column":6},"end":{"line":589,"column":7}},"type":"if","locations":[{"start":{"line":581,"column":6},"end":{"line":589,"column":7}},{"start":{"line":587,"column":13},"end":{"line":589,"column":7}}]},"54":{"loc":{"start":{"line":584,"column":8},"end":{"line":586,"column":9}},"type":"if","locations":[{"start":{"line":584,"column":8},"end":{"line":586,"column":9}}]},"55":{"loc":{"start":{"line":592,"column":4},"end":{"line":594,"column":5}},"type":"if","locations":[{"start":{"line":592,"column":4},"end":{"line":594,"column":5}}]}},"s":{"0":4,"1":4,"2":4,"3":4,"4":4,"5":4,"6":4,"7":4,"8":4,"9":4,"10":5,"11":5,"12":26,"13":26,"14":26,"15":71,"16":71,"17":24,"18":47,"19":2,"20":0,"21":0,"22":4,"23":5,"24":1,"25":1,"26":1,"27":2,"28":2,"29":0,"30":2,"31":2,"32":1,"33":1,"34":1,"35":1,"36":1,"37":1,"38":1,"39":0,"40":0,"41":0,"42":0,"43":4,"44":1,"45":1,"46":1,"47":2,"48":2,"49":2,"50":2,"51":4,"52":4,"53":2,"54":2,"55":0,"56":2,"57":2,"58":2,"59":2,"60":1,"61":1,"62":0,"63":0,"64":4,"65":1,"66":3,"67":3,"68":3,"69":16,"70":0,"71":0,"72":0,"73":16,"74":1,"75":1,"76":15,"77":3,"78":3,"79":0,"80":0,"81":0,"82":15,"83":0,"84":0,"85":0,"86":0,"87":4,"88":3,"89":0,"90":0,"91":0,"92":0,"93":0,"94":0,"95":0,"96":0,"97":0,"98":0,"99":0,"100":0,"101":0,"102":0,"103":0,"104":0,"105":0,"106":0,"107":0,"108":0,"109":0,"110":0,"111":0,"112":0,"113":4,"114":0,"115":0,"116":0,"117":0,"118":0,"119":0,"120":0,"121":0,"122":0,"123":0,"124":0,"125":0,"126":0,"127":0,"128":0,"129":0,"130":0,"131":0,"132":0,"133":0,"134":0,"135":0,"136":0,"137":0,"138":0,"139":0,"140":0,"141":0,"142":0,"143":0,"144":0,"145":0,"146":0,"147":0,"148":0,"149":0,"150":4,"151":0,"152":1,"153":1,"154":1,"155":4,"156":4,"157":0,"158":4,"159":4,"160":4,"161":4,"162":9,"163":9,"164":0,"165":0,"166":0,"167":0,"168":9,"169":9,"170":0,"171":0,"172":0,"173":9,"174":4,"175":0,"176":4,"177":0,"178":4,"179":1},"f":{"0":5,"1":26,"2":0,"3":0,"4":5,"5":1,"6":2,"7":0,"8":0,"9":1,"10":1,"11":2,"12":0,"13":0,"14":1,"15":3,"16":16,"17":0,"18":0,"19":3,"20":0,"21":0,"22":0,"23":0,"24":0,"25":0,"26":0,"27":0,"28":1,"29":4,"30":0,"31":1},"b":{"0":[26,0],"1":[24],"2":[2,0],"3":[0],"4":[2,2],"5":[1],"6":[1],"7":[2,0],"8":[2,2],"9":[0],"10":[2,0],"11":[2],"12":[2,2,2],"13":[1],"14":[0],"15":[16,0,0,0],"16":[0],"17":[1],"18":[16,1],"19":[1],"20":[1,1],"21":[3],"22":[0],"23":[0,0],"24":[0,0],"25":[0,0],"26":[0],"27":[0,0],"28":[0],"29":[0,0],"30":[0],"31":[0,0],"32":[0,0],"33":[0],"34":[0],"35":[0,0],"36":[0],"37":[0,0],"38":[0,0],"39":[0],"40":[0,0],"41":[0],"42":[0],"43":[0],"44":[0,0],"45":[0],"46":[0,0],"47":[0],"48":[4,0],"49":[0],"50":[4,4,4],"51":[0],"52":[0],"53":[0,9],"54":[0],"55":[0]}}
,"/Users/twnguy/Documents/Github perso/ts-smart-schema/src/core/metadata.ts": {"path":"/Users/twnguy/Documents/Github perso/ts-smart-schema/src/core/metadata.ts","statementMap":{"0":{"start":{"line":183,"column":0},"end":{"line":183,"column":16}},"1":{"start":{"line":1,"column":0},"end":{"line":1,"column":53}},"2":{"start":{"line":48,"column":4},"end":{"line":48,"column":12}},"3":{"start":{"line":45,"column":21},"end":{"line":45,"column":42}},"4":{"start":{"line":46,"column":21},"end":{"line":46,"column":45}},"5":{"start":{"line":55,"column":4},"end":{"line":55,"column":49}},"6":{"start":{"line":62,"column":4},"end":{"line":62,"column":32}},"7":{"start":{"line":69,"column":4},"end":{"line":72,"column":6}},"8":{"start":{"line":79,"column":4},"end":{"line":82,"column":6}},"9":{"start":{"line":89,"column":23},"end":{"line":91,"column":19}},"10":{"start":{"line":93,"column":4},"end":{"line":96,"column":6}},"11":{"start":{"line":103,"column":4},"end":{"line":106,"column":6}},"12":{"start":{"line":113,"column":21},"end":{"line":113,"column":65}},"13":{"start":{"line":114,"column":4},"end":{"line":117,"column":6}},"14":{"start":{"line":124,"column":4},"end":{"line":127,"column":6}},"15":{"start":{"line":135,"column":24},"end":{"line":135,"column":49}},"16":{"start":{"line":138,"column":4},"end":{"line":141,"column":6}},"17":{"start":{"line":150,"column":45},"end":{"line":150,"column":47}},"18":{"start":{"line":152,"column":4},"end":{"line":154,"column":5}},"19":{"start":{"line":153,"column":6},"end":{"line":153,"column":62}},"20":{"start":{"line":157,"column":4},"end":{"line":159,"column":5}},"21":{"start":{"line":158,"column":6},"end":{"line":158,"column":60}},"22":{"start":{"line":161,"column":4},"end":{"line":163,"column":5}},"23":{"start":{"line":162,"column":6},"end":{"line":162,"column":54}},"24":{"start":{"line":165,"column":4},"end":{"line":167,"column":5}},"25":{"start":{"line":166,"column":6},"end":{"line":166,"column":38}},"26":{"start":{"line":170,"column":4},"end":{"line":174,"column":5}},"27":{"start":{"line":171,"column":6},"end":{"line":173,"column":7}},"28":{"start":{"line":172,"column":8},"end":{"line":172,"column":35}},"29":{"start":{"line":176,"column":4},"end":{"line":176,"column":25}},"30":{"start":{"line":43,"column":0},"end":{"line":43,"column":13}},"31":{"start":{"line":187,"column":2},"end":{"line":187,"column":49}}},"fnMap":{"0":{"name":"(anonymous_0)","decl":{"start":{"line":44,"column":2},"end":{"line":44,"column":null}},"loc":{"start":{"line":46,"column":45},"end":{"line":49,"column":3}}},"1":{"name":"(anonymous_1)","decl":{"start":{"line":54,"column":2},"end":{"line":54,"column":8}},"loc":{"start":{"line":54,"column":50},"end":{"line":56,"column":3}}},"2":{"name":"(anonymous_2)","decl":{"start":{"line":61,"column":2},"end":{"line":61,"column":13}},"loc":{"start":{"line":61,"column":13},"end":{"line":63,"column":3}}},"3":{"name":"(anonymous_3)","decl":{"start":{"line":68,"column":2},"end":{"line":68,"column":10}},"loc":{"start":{"line":68,"column":30},"end":{"line":73,"column":3}}},"4":{"name":"(anonymous_4)","decl":{"start":{"line":78,"column":2},"end":{"line":78,"column":12}},"loc":{"start":{"line":78,"column":29},"end":{"line":83,"column":3}}},"5":{"name":"(anonymous_5)","decl":{"start":{"line":88,"column":2},"end":{"line":88,"column":16}},"loc":{"start":{"line":88,"column":36},"end":{"line":97,"column":3}}},"6":{"name":"(anonymous_6)","decl":{"start":{"line":102,"column":2},"end":{"line":102,"column":12}},"loc":{"start":{"line":102,"column":37},"end":{"line":107,"column":3}}},"7":{"name":"(anonymous_7)","decl":{"start":{"line":112,"column":2},"end":{"line":112,"column":9}},"loc":{"start":{"line":112,"column":22},"end":{"line":118,"column":3}}},"8":{"name":"(anonymous_8)","decl":{"start":{"line":123,"column":2},"end":{"line":123,"column":6}},"loc":{"start":{"line":123,"column":30},"end":{"line":128,"column":3}}},"9":{"name":"(anonymous_9)","decl":{"start":{"line":133,"column":2},"end":{"line":133,"column":9}},"loc":{"start":{"line":133,"column":9},"end":{"line":142,"column":3}}},"10":{"name":"(anonymous_10)","decl":{"start":{"line":148,"column":2},"end":{"line":148,"column":11}},"loc":{"start":{"line":148,"column":11},"end":{"line":177,"column":3}}},"11":{"name":"withMetadata","decl":{"start":{"line":183,"column":16},"end":{"line":183,"column":28}},"loc":{"start":{"line":185,"column":31},"end":{"line":188,"column":1}}}},"branchMap":{"0":{"loc":{"start":{"line":89,"column":23},"end":{"line":91,"column":19}},"type":"cond-expr","locations":[{"start":{"line":90,"column":8},"end":{"line":90,"column":48}},{"start":{"line":91,"column":8},"end":{"line":91,"column":19}}]},"1":{"loc":{"start":{"line":113,"column":26},"end":{"line":113,"column":54}},"type":"binary-expr","locations":[{"start":{"line":113,"column":26},"end":{"line":113,"column":48}},{"start":{"line":113,"column":52},"end":{"line":113,"column":54}}]},"2":{"loc":{"start":{"line":152,"column":4},"end":{"line":154,"column":5}},"type":"if","locations":[{"start":{"line":152,"column":4},"end":{"line":154,"column":5}}]},"3":{"loc":{"start":{"line":157,"column":4},"end":{"line":159,"column":5}},"type":"if","locations":[{"start":{"line":157,"column":4},"end":{"line":159,"column":5}}]},"4":{"loc":{"start":{"line":161,"column":4},"end":{"line":163,"column":5}},"type":"if","locations":[{"start":{"line":161,"column":4},"end":{"line":163,"column":5}}]},"5":{"loc":{"start":{"line":161,"column":8},"end":{"line":161,"column":67}},"type":"binary-expr","locations":[{"start":{"line":161,"column":8},"end":{"line":161,"column":30}},{"start":{"line":161,"column":34},"end":{"line":161,"column":67}}]},"6":{"loc":{"start":{"line":165,"column":4},"end":{"line":167,"column":5}},"type":"if","locations":[{"start":{"line":165,"column":4},"end":{"line":167,"column":5}}]},"7":{"loc":{"start":{"line":171,"column":6},"end":{"line":173,"column":7}},"type":"if","locations":[{"start":{"line":171,"column":6},"end":{"line":173,"column":7}}]},"8":{"loc":{"start":{"line":185,"column":2},"end":{"line":185,"column":31}},"type":"default-arg","locations":[{"start":{"line":185,"column":29},"end":{"line":185,"column":31}}]}},"s":{"0":4,"1":4,"2":0,"3":0,"4":0,"5":0,"6":0,"7":0,"8":0,"9":0,"10":0,"11":0,"12":0,"13":0,"14":0,"15":0,"16":0,"17":0,"18":0,"19":0,"20":0,"21":0,"22":0,"23":0,"24":0,"25":0,"26":0,"27":0,"28":0,"29":0,"30":4,"31":0},"f":{"0":0,"1":0,"2":0,"3":0,"4":0,"5":0,"6":0,"7":0,"8":0,"9":0,"10":0,"11":0},"b":{"0":[0,0],"1":[0,0],"2":[0],"3":[0],"4":[0],"5":[0,0],"6":[0],"7":[0],"8":[0]}}
,"/Users/twnguy/Documents/Github perso/ts-smart-schema/src/core/migration.ts": {"path":"/Users/twnguy/Documents/Github perso/ts-smart-schema/src/core/migration.ts","statementMap":{"0":{"start":{"line":241,"column":0},"end":{"line":241,"column":16}},"1":{"start":{"line":2,"column":0},"end":{"line":2,"column":43}},"2":{"start":{"line":3,"column":0},"end":{"line":3,"column":43}},"3":{"start":{"line":60,"column":21},"end":{"line":60,"column":61}},"4":{"start":{"line":68,"column":25},"end":{"line":68,"column":71}},"5":{"start":{"line":70,"column":4},"end":{"line":78,"column":5}},"6":{"start":{"line":71,"column":6},"end":{"line":77,"column":10}},"7":{"start":{"line":81,"column":4},"end":{"line":106,"column":5}},"8":{"start":{"line":82,"column":27},"end":{"line":82,"column":59}},"9":{"start":{"line":85,"column":27},"end":{"line":85,"column":79}},"10":{"start":{"line":87,"column":6},"end":{"line":95,"column":7}},"11":{"start":{"line":88,"column":8},"end":{"line":94,"column":12}},"12":{"start":{"line":97,"column":6},"end":{"line":97,"column":30}},"13":{"start":{"line":99,"column":6},"end":{"line":105,"column":10}},"14":{"start":{"line":113,"column":4},"end":{"line":113,"column":43}},"15":{"start":{"line":120,"column":4},"end":{"line":120,"column":41}},"16":{"start":{"line":127,"column":4},"end":{"line":127,"column":58}},"17":{"start":{"line":134,"column":4},"end":{"line":134,"column":49}},"18":{"start":{"line":58,"column":0},"end":{"line":58,"column":13}},"19":{"start":{"line":142,"column":10},"end":{"line":142,"column":73}},"20":{"start":{"line":143,"column":10},"end":{"line":143,"column":67}},"21":{"start":{"line":149,"column":4},"end":{"line":149,"column":48}},"22":{"start":{"line":150,"column":4},"end":{"line":150,"column":16}},"23":{"start":{"line":162,"column":23},"end":{"line":162,"column":53}},"24":{"start":{"line":163,"column":4},"end":{"line":165,"column":5}},"25":{"start":{"line":164,"column":6},"end":{"line":164,"column":77}},"26":{"start":{"line":168,"column":21},"end":{"line":168,"column":49}},"27":{"start":{"line":169,"column":4},"end":{"line":171,"column":5}},"28":{"start":{"line":170,"column":6},"end":{"line":170,"column":75}},"29":{"start":{"line":174,"column":22},"end":{"line":178,"column":6}},"30":{"start":{"line":181,"column":25},"end":{"line":181,"column":55}},"31":{"start":{"line":182,"column":4},"end":{"line":182,"column":49}},"32":{"start":{"line":184,"column":4},"end":{"line":184,"column":21}},"33":{"start":{"line":191,"column":4},"end":{"line":191,"column":46}},"34":{"start":{"line":198,"column":4},"end":{"line":198,"column":38}},"35":{"start":{"line":208,"column":25},"end":{"line":208,"column":55}},"36":{"start":{"line":209,"column":4},"end":{"line":209,"column":82}},"37":{"start":{"line":221,"column":22},"end":{"line":221,"column":75}},"38":{"start":{"line":223,"column":4},"end":{"line":231,"column":5}},"39":{"start":{"line":224,"column":6},"end":{"line":230,"column":10}},"40":{"start":{"line":234,"column":4},"end":{"line":234,"column":35}},"41":{"start":{"line":141,"column":0},"end":{"line":141,"column":13}},"42":{"start":{"line":242,"column":2},"end":{"line":242,"column":39}}},"fnMap":{"0":{"name":"(anonymous_0)","decl":{"start":{"line":59,"column":2},"end":{"line":59,"column":null}},"loc":{"start":{"line":60,"column":61},"end":{"line":61,"column":6}}},"1":{"name":"(anonymous_1)","decl":{"start":{"line":66,"column":2},"end":{"line":66,"column":9}},"loc":{"start":{"line":66,"column":21},"end":{"line":107,"column":3}}},"2":{"name":"(anonymous_2)","decl":{"start":{"line":112,"column":2},"end":{"line":112,"column":6}},"loc":{"start":{"line":112,"column":19},"end":{"line":114,"column":3}}},"3":{"name":"(anonymous_3)","decl":{"start":{"line":119,"column":2},"end":{"line":119,"column":6}},"loc":{"start":{"line":119,"column":19},"end":{"line":121,"column":3}}},"4":{"name":"(anonymous_4)","decl":{"start":{"line":126,"column":2},"end":{"line":126,"column":6}},"loc":{"start":{"line":126,"column":22},"end":{"line":128,"column":3}}},"5":{"name":"(anonymous_5)","decl":{"start":{"line":133,"column":2},"end":{"line":133,"column":6}},"loc":{"start":{"line":133,"column":15},"end":{"line":135,"column":3}}},"6":{"name":"(anonymous_6)","decl":{"start":{"line":141,"column":0},"end":{"line":141,"column":13}},"loc":{"start":{"line":141,"column":0},"end":{"line":236,"column":1}}},"7":{"name":"(anonymous_7)","decl":{"start":{"line":148,"column":2},"end":{"line":148,"column":10}},"loc":{"start":{"line":148,"column":39},"end":{"line":151,"column":3}}},"8":{"name":"(anonymous_8)","decl":{"start":{"line":156,"column":2},"end":{"line":156,"column":17}},"loc":{"start":{"line":159,"column":35},"end":{"line":185,"column":3}}},"9":{"name":"(anonymous_9)","decl":{"start":{"line":190,"column":2},"end":{"line":190,"column":13}},"loc":{"start":{"line":190,"column":13},"end":{"line":192,"column":3}}},"10":{"name":"(anonymous_10)","decl":{"start":{"line":197,"column":2},"end":{"line":197,"column":12}},"loc":{"start":{"line":197,"column":37},"end":{"line":199,"column":3}}},"11":{"name":"(anonymous_11)","decl":{"start":{"line":204,"column":2},"end":{"line":204,"column":14}},"loc":{"start":{"line":206,"column":30},"end":{"line":210,"column":3}}},"12":{"name":"(anonymous_12)","decl":{"start":{"line":215,"column":2},"end":{"line":215,"column":9}},"loc":{"start":{"line":218,"column":30},"end":{"line":235,"column":3}}},"13":{"name":"createVersionRegistry","decl":{"start":{"line":241,"column":16},"end":{"line":241,"column":37}},"loc":{"start":{"line":241,"column":37},"end":{"line":243,"column":1}}}},"branchMap":{"0":{"loc":{"start":{"line":70,"column":4},"end":{"line":78,"column":5}},"type":"if","locations":[{"start":{"line":70,"column":4},"end":{"line":78,"column":5}}]},"1":{"loc":{"start":{"line":87,"column":6},"end":{"line":95,"column":7}},"type":"if","locations":[{"start":{"line":87,"column":6},"end":{"line":95,"column":7}}]},"2":{"loc":{"start":{"line":102,"column":40},"end":{"line":102,"column":94}},"type":"cond-expr","locations":[{"start":{"line":102,"column":65},"end":{"line":102,"column":78}},{"start":{"line":102,"column":81},"end":{"line":102,"column":94}}]},"3":{"loc":{"start":{"line":127,"column":11},"end":{"line":127,"column":57}},"type":"binary-expr","locations":[{"start":{"line":127,"column":11},"end":{"line":127,"column":51}},{"start":{"line":127,"column":55},"end":{"line":127,"column":57}}]},"4":{"loc":{"start":{"line":134,"column":11},"end":{"line":134,"column":48}},"type":"binary-expr","locations":[{"start":{"line":134,"column":11},"end":{"line":134,"column":42}},{"start":{"line":134,"column":46},"end":{"line":134,"column":48}}]},"5":{"loc":{"start":{"line":163,"column":4},"end":{"line":165,"column":5}},"type":"if","locations":[{"start":{"line":163,"column":4},"end":{"line":165,"column":5}}]},"6":{"loc":{"start":{"line":169,"column":4},"end":{"line":171,"column":5}},"type":"if","locations":[{"start":{"line":169,"column":4},"end":{"line":171,"column":5}}]},"7":{"loc":{"start":{"line":223,"column":4},"end":{"line":231,"column":5}},"type":"if","locations":[{"start":{"line":223,"column":4},"end":{"line":231,"column":5}}]}},"s":{"0":4,"1":4,"2":4,"3":0,"4":0,"5":0,"6":0,"7":0,"8":0,"9":0,"10":0,"11":0,"12":0,"13":0,"14":0,"15":0,"16":0,"17":0,"18":4,"19":0,"20":0,"21":0,"22":0,"23":0,"24":0,"25":0,"26":0,"27":0,"28":0,"29":0,"30":0,"31":0,"32":0,"33":0,"34":0,"35":0,"36":0,"37":0,"38":0,"39":0,"40":0,"41":4,"42":0},"f":{"0":0,"1":0,"2":0,"3":0,"4":0,"5":0,"6":0,"7":0,"8":0,"9":0,"10":0,"11":0,"12":0,"13":0},"b":{"0":[0],"1":[0],"2":[0,0],"3":[0,0],"4":[0,0],"5":[0],"6":[0],"7":[0]}}
[...]
,"/Users/twnguy/Documents/Github perso/ts-smart-schema/src/web/express.ts": {"path":"/Users/twnguy/Documents/Github perso/ts-smart-schema/src/web/express.ts","statementMap":{"0":{"start":{"line":51,"column":0},"end":{"line":51,"column":16}},"1":{"start":{"line":102,"column":0},"end":{"line":102,"column":16}},"2":{"start":{"line":2,"column":0},"end":{"line":2,"column":49}},"3":{"start":{"line":38,"column":2},"end":{"line":45,"column":5}},"4":{"start":{"line":40,"column":37},"end":{"line":44,"column":6}},"5":{"start":{"line":57,"column":23},"end":{"line":57,"column":73}},"6":{"start":{"line":58,"column":26},"end":{"line":58,"column":58}},"7":{"start":{"line":61,"column":2},"end":{"line":96,"column":4}},"8":{"start":{"line":63,"column":17},"end":{"line":63,"column":30}},"9":{"start":{"line":64,"column":4},"end":{"line":67,"column":5}},"10":{"start":{"line":65,"column":6},"end":{"line":65,"column":13}},"11":{"start":{"line":66,"column":6},"end":{"line":66,"column":13}},"12":{"start":{"line":69,"column":4},"end":{"line":95,"column":5}},"13":{"start":{"line":71,"column":28},"end":{"line":73,"column":8}},"14":{"start":{"line":76,"column":6},"end":{"line":76,"column":36}},"15":{"start":{"line":79,"column":6},"end":{"line":79,"column":13}},"16":{"start":{"line":81,"column":6},"end":{"line":94,"column":7}},"17":{"start":{"line":83,"column":8},"end":{"line":90,"column":9}},"18":{"start":{"line":85,"column":10},"end":{"line":85,"column":38}},"19":{"start":{"line":86,"column":10},"end":{"line":86,"column":17}},"20":{"start":{"line":89,"column":10},"end":{"line":89,"column":46}},"21":{"start":{"line":93,"column":8},"end":{"line":93,"column":20}},"22":{"start":{"line":110,"column":69},"end":{"line":110,"column":71}},"23":{"start":{"line":112,"column":2},"end":{"line":122,"column":3}},"24":{"start":{"line":113,"column":4},"end":{"line":121,"column":5}},"25":{"start":{"line":114,"column":6},"end":{"line":120,"column":8}},"26":{"start":{"line":125,"column":23},"end":{"line":125,"column":73}},"27":{"start":{"line":128,"column":2},"end":{"line":170,"column":4}},"28":{"start":{"line":130,"column":23},"end":{"line":130,"column":24}},"29":{"start":{"line":134,"column":6},"end":{"line":134,"column":33}},"30":{"start":{"line":137,"column":6},"end":{"line":140,"column":7}},"31":{"start":{"line":138,"column":8},"end":{"line":138,"column":15}},"32":{"start":{"line":139,"column":8},"end":{"line":139,"column":15}},"33":{"start":{"line":143,"column":24},"end":{"line":143,"column":50}},"34":{"start":{"line":146,"column":6},"end":{"line":165,"column":9}},"35":{"start":{"line":147,"column":8},"end":{"line":150,"column":9}},"36":{"start":{"line":148,"column":10},"end":{"line":148,"column":20}},"37":{"start":{"line":149,"column":10},"end":{"line":149,"column":17}},"38":{"start":{"line":153,"column":8},"end":{"line":164,"column":9}},"39":{"start":{"line":154,"column":10},"end":{"line":160,"column":11}},"40":{"start":{"line":156,"column":12},"end":{"line":156,"column":28}},"41":{"start":{"line":159,"column":12},"end":{"line":159,"column":62}},"42":{"start":{"line":163,"column":10},"end":{"line":163,"column":26}},"43":{"start":{"line":169,"column":4},"end":{"line":169,"column":20}}},"fnMap":{"0":{"name":"defaultExpressErrorHandler","decl":{"start":{"line":32,"column":9},"end":{"line":32,"column":35}},"loc":{"start":{"line":36,"column":12},"end":{"line":46,"column":1}}},"1":{"name":"(anonymous_1)","decl":{"start":{"line":40,"column":27},"end":{"line":40,"column":32}},"loc":{"start":{"line":40,"column":37},"end":{"line":44,"column":6}}},"2":{"name":"createExpressValidator","decl":{"start":{"line":51,"column":16},"end":{"line":51,"column":38}},"loc":{"start":{"line":54,"column":40},"end":{"line":97,"column":1}}},"3":{"name":"(anonymous_3)","decl":{"start":{"line":61,"column":9},"end":{"line":61,"column":18}},"loc":{"start":{"line":61,"column":47},"end":{"line":96,"column":3}}},"4":{"name":"createRequestValidator","decl":{"start":{"line":102,"column":16},"end":{"line":102,"column":38}},"loc":{"start":{"line":108,"column":41},"end":{"line":171,"column":1}}},"5":{"name":"(anonymous_5)","decl":{"start":{"line":128,"column":9},"end":{"line":128,"column":18}},"loc":{"start":{"line":128,"column":47},"end":{"line":170,"column":3}}},"6":{"name":"nextValidator","decl":{"start":{"line":132,"column":13},"end":{"line":132,"column":26}},"loc":{"start":{"line":132,"column":26},"end":{"line":166,"column":5}}},"7":{"name":"(anonymous_7)","decl":{"start":{"line":146,"column":26},"end":{"line":146,"column":27}},"loc":{"start":{"line":146,"column":40},"end":{"line":165,"column":7}}}},"branchMap":{"0":{"loc":{"start":{"line":53,"column":2},"end":{"line":53,"column":36}},"type":"default-arg","locations":[{"start":{"line":53,"column":30},"end":{"line":53,"column":36}}]},"1":{"loc":{"start":{"line":54,"column":2},"end":{"line":54,"column":40}},"type":"default-arg","locations":[{"start":{"line":54,"column":38},"end":{"line":54,"column":40}}]},"2":{"loc":{"start":{"line":57,"column":23},"end":{"line":57,"column":73}},"type":"binary-expr","locations":[{"start":{"line":57,"column":23},"end":{"line":57,"column":43}},{"start":{"line":57,"column":47},"end":{"line":57,"column":73}}]},"3":{"loc":{"start":{"line":58,"column":26},"end":{"line":58,"column":58}},"type":"binary-expr","locations":[{"start":{"line":58,"column":26},"end":{"line":58,"column":49}},{"start":{"line":58,"column":53},"end":{"line":58,"column":58}}]},"4":{"loc":{"start":{"line":64,"column":4},"end":{"line":67,"column":5}},"type":"if","locations":[{"start":{"line":64,"column":4},"end":{"line":67,"column":5}}]},"5":{"loc":{"start":{"line":81,"column":6},"end":{"line":94,"column":7}},"type":"if","locations":[{"start":{"line":81,"column":6},"end":{"line":94,"column":7}},{"start":{"line":91,"column":13},"end":{"line":94,"column":7}}]},"6":{"loc":{"start":{"line":83,"column":8},"end":{"line":90,"column":9}},"type":"if","locations":[{"start":{"line":83,"column":8},"end":{"line":90,"column":9}},{"start":{"line":87,"column":15},"end":{"line":90,"column":9}}]},"7":{"loc":{"start":{"line":108,"column":3},"end":{"line":108,"column":41}},"type":"default-arg","locations":[{"start":{"line":108,"column":39},"end":{"line":108,"column":41}}]},"8":{"loc":{"start":{"line":113,"column":4},"end":{"line":121,"column":5}},"type":"if","locations":[{"start":{"line":113,"column":4},"end":{"line":121,"column":5}}]},"9":{"loc":{"start":{"line":125,"column":23},"end":{"line":125,"column":73}},"type":"binary-expr","locations":[{"start":{"line":125,"column":23},"end":{"line":125,"column":43}},{"start":{"line":125,"column":47},"end":{"line":125,"column":73}}]},"10":{"loc":{"start":{"line":137,"column":6},"end":{"line":140,"column":7}},"type":"if","locations":[{"start":{"line":137,"column":6},"end":{"line":140,"column":7}}]},"11":{"loc":{"start":{"line":147,"column":8},"end":{"line":150,"column":9}},"type":"if","locations":[{"start":{"line":147,"column":8},"end":{"line":150,"column":9}}]},"12":{"loc":{"start":{"line":153,"column":8},"end":{"line":164,"column":9}},"type":"if","locations":[{"start":{"line":153,"column":8},"end":{"line":164,"column":9}},{"start":{"line":161,"column":15},"end":{"line":164,"column":9}}]},"13":{"loc":{"start":{"line":154,"column":10},"end":{"line":160,"column":11}},"type":"if","locations":[{"start":{"line":154,"column":10},"end":{"line":160,"column":11}},{"start":{"line":157,"column":17},"end":{"line":160,"column":11}}]}},"s":{"0":4,"1":4,"2":4,"3":0,"4":0,"5":0,"6":0,"7":0,"8":0,"9":0,"10":0,"11":0,"12":0,"13":0,"14":0,"15":0,"16":0,"17":0,"18":0,"19":0,"20":0,"21":0,"22":0,"23":0,"24":0,"25":0,"26":0,"27":0,"28":0,"29":0,"30":0,"31":0,"32":0,"33":0,"34":0,"35":0,"36":0,"37":0,"38":0,"39":0,"40":0,"41":0,"42":0,"43":0},"f":{"0":0,"1":0,"2":0,"3":0,"4":0,"5":0,"6":0,"7":0},"b":{"0":[0],"1":[0],"2":[0,0],"3":[0,0],"4":[0],"5":[0,0],"6":[0,0],"7":[0],"8":[0],"9":[0,0],"10":[0],"11":[0],"12":[0,0],"13":[0,0]}}
,"/Users/twnguy/Documents/Github perso/ts-smart-schema/src/web/fastify.ts": {"path":"/Users/twnguy/Documents/Github perso/ts-smart-schema/src/web/fastify.ts","statementMap":{"0":{"start":{"line":17,"column":0},"end":{"line":17,"column":16}},"1":{"start":{"line":103,"column":0},"end":{"line":103,"column":16}},"2":{"start":{"line":120,"column":0},"end":{"line":120,"column":16}},"3":{"start":{"line":243,"column":0},"end":{"line":243,"column":16}},"4":{"start":{"line":2,"column":0},"end":{"line":2,"column":49}},"5":{"start":{"line":36,"column":22},"end":{"line":36,"column":24}},"6":{"start":{"line":39,"column":2},"end":{"line":45,"column":3}},"7":{"start":{"line":40,"column":4},"end":{"line":44,"column":5}},"8":{"start":{"line":41,"column":6},"end":{"line":43,"column":8}},"9":{"start":{"line":47,"column":2},"end":{"line":47,"column":16}},"10":{"start":{"line":58,"column":2},"end":{"line":97,"column":4}},"11":{"start":{"line":59,"column":4},"end":{"line":96,"column":5}},"12":{"start":{"line":61,"column":19},"end":{"line":61,"column":36}},"13":{"start":{"line":64,"column":28},"end":{"line":66,"column":8}},"14":{"start":{"line":69,"column":6},"end":{"line":69,"column":40}},"15":{"start":{"line":72,"column":6},"end":{"line":72,"column":13}},"16":{"start":{"line":74,"column":6},"end":{"line":95,"column":7}},"17":{"start":{"line":76,"column":27},"end":{"line":76,"column":30}},"18":{"start":{"line":77,"column":32},"end":{"line":77,"column":61}},"19":{"start":{"line":80,"column":8},"end":{"line":88,"column":11}},"20":{"start":{"line":82,"column":49},"end":{"line":86,"column":12}},"21":{"start":{"line":91,"column":8},"end":{"line":91,"column":30}},"22":{"start":{"line":94,"column":8},"end":{"line":94,"column":20}},"23":{"start":{"line":106,"column":2},"end":{"line":114,"column":4}},"24":{"start":{"line":109,"column":28},"end":{"line":109,"column":46}},"25":{"start":{"line":112,"column":6},"end":{"line":112,"column":43}},"26":{"start":{"line":124,"column":23},"end":{"line":124,"column":73}},"27":{"start":{"line":127,"column":2},"end":{"line":219,"column":4}},"28":{"start":{"line":129,"column":4},"end":{"line":192,"column":7}},"29":{"start":{"line":132,"column":8},"end":{"line":134,"column":10}},"30":{"start":{"line":139,"column":8},"end":{"line":141,"column":10}},"31":{"start":{"line":146,"column":8},"end":{"line":148,"column":10}},"32":{"start":{"line":153,"column":8},"end":{"line":155,"column":10}},"33":{"start":{"line":165,"column":29},"end":{"line":165,"column":31}},"34":{"start":{"line":168,"column":8},"end":{"line":172,"column":9}},"35":{"start":{"line":169,"column":10},"end":{"line":171,"column":11}},"36":{"start":{"line":170,"column":12},"end":{"line":170,"column":67}},"37":{"start":{"line":175,"column":8},"end":{"line":177,"column":10}},"38":{"start":{"line":182,"column":8},"end":{"line":190,"column":10}},"39":{"start":{"line":195,"column":4},"end":{"line":215,"column":7}},"40":{"start":{"line":196,"column":6},"end":{"line":214,"column":7}},"41":{"start":{"line":198,"column":8},"end":{"line":198,"column":44}},"42":{"start":{"line":199,"column":13},"end":{"line":214,"column":7}},"43":{"start":{"line":201,"column":32},"end":{"line":206,"column":null}},"44":{"start":{"line":202,"column":44},"end":{"line":206,"column":12}},"45":{"start":{"line":210,"column":8},"end":{"line":210,"column":54}},"46":{"start":{"line":213,"column":8},"end":{"line":213,"column":26}},"47":{"start":{"line":218,"column":4},"end":{"line":218,"column":11}},"48":{"start":{"line":230,"column":2},"end":{"line":237,"column":5}},"49":{"start":{"line":232,"column":39},"end":{"line":236,"column":6}},"50":{"start":{"line":252,"column":22},"end":{"line":252,"column":24}},"51":{"start":{"line":255,"column":2},"end":{"line":258,"column":3}},"52":{"start":{"line":256,"column":23},"end":{"line":256,"column":63}},"53":{"start":{"line":257,"column":4},"end":{"line":257,"column":38}},"54":{"start":{"line":261,"column":2},"end":{"line":269,"column":3}},"55":{"start":{"line":262,"column":4},"end":{"line":268,"column":6}},"56":{"start":{"line":271,"column":2},"end":{"line":271,"column":16}}},"fnMap":{"0":{"name":"createFastifyValidation","decl":{"start":{"line":17,"column":16},"end":{"line":17,"column":39}},"loc":{"start":{"line":22,"column":41},"end":{"line":48,"column":1}}},"1":{"name":"createPreValidator","decl":{"start":{"line":53,"column":9},"end":{"line":53,"column":27}},"loc":{"start":{"line":56,"column":35},"end":{"line":98,"column":1}}},"2":{"name":"(anonymous_2)","decl":{"start":{"line":58,"column":9},"end":{"line":58,"column":18}},"loc":{"start":{"line":58,"column":53},"end":{"line":97,"column":3}}},"3":{"name":"(anonymous_3)","decl":{"start":{"line":82,"column":39},"end":{"line":82,"column":44}},"loc":{"start":{"line":82,"column":49},"end":{"line":86,"column":12}}},"4":{"name":"createFastifySerializerPlugin","decl":{"start":{"line":103,"column":16},"end":{"line":103,"column":45}},"loc":{"start":{"line":103,"column":65},"end":{"line":115,"column":1}}},"5":{"name":"(anonymous_5)","decl":{"start":{"line":107,"column":15},"end":{"line":107,"column":16}},"loc":{"start":{"line":107,"column":29},"end":{"line":113,"column":5}}},"6":{"name":"createFastifyPlugin","decl":{"start":{"line":120,"column":16},"end":{"line":120,"column":35}},"loc":{"start":{"line":122,"column":1},"end":{"line":220,"column":1}}},"7":{"name":"(anonymous_7)","decl":{"start":{"line":127,"column":9},"end":{"line":127,"column":18}},"loc":{"start":{"line":127,"column":53},"end":{"line":219,"column":3}}},"8":{"name":"(anonymous_8)","decl":{"start":{"line":131,"column":12},"end":{"line":131,"column":13}},"loc":{"start":{"line":131,"column":73},"end":{"line":135,"column":7}}},"9":{"name":"(anonymous_9)","decl":{"start":{"line":138,"column":13},"end":{"line":138,"column":14}},"loc":{"start":{"line":138,"column":74},"end":{"line":142,"column":7}}},"10":{"name":"(anonymous_10)","decl":{"start":{"line":145,"column":14},"end":{"line":145,"column":15}},"loc":{"start":{"line":145,"column":75},"end":{"line":149,"column":7}}},"11":{"name":"(anonymous_11)","decl":{"start":{"line":152,"column":15},"end":{"line":152,"column":16}},"loc":{"start":{"line":152,"column":76},"end":{"line":156,"column":7}}},"12":{"name":"(anonymous_12)","decl":{"start":{"line":159,"column":16},"end":{"line":159,"column":17}},"loc":{"start":{"line":164,"column":48},"end":{"line":178,"column":7}}},"13":{"name":"(anonymous_13)","decl":{"start":{"line":181,"column":16},"end":{"line":181,"column":17}},"loc":{"start":{"line":181,"column":40},"end":{"line":191,"column":7}}},"14":{"name":"(anonymous_14)","decl":{"start":{"line":195,"column":28},"end":{"line":195,"column":37}},"loc":{"start":{"line":195,"column":73},"end":{"line":215,"column":5}}},"15":{"name":"(anonymous_15)","decl":{"start":{"line":202,"column":31},"end":{"line":202,"column":32}},"loc":{"start":{"line":202,"column":44},"end":{"line":206,"column":12}}},"16":{"name":"defaultFastifyErrorHandler","decl":{"start":{"line":225,"column":9},"end":{"line":225,"column":35}},"loc":{"start":{"line":228,"column":12},"end":{"line":238,"column":1}}},"17":{"name":"(anonymous_17)","decl":{"start":{"line":232,"column":29},"end":{"line":232,"column":34}},"loc":{"start":{"line":232,"column":39},"end":{"line":236,"column":6}}},"18":{"name":"createFastifySchemas","decl":{"start":{"line":243,"column":16},"end":{"line":243,"column":36}},"loc":{"start":{"line":251,"column":1},"end":{"line":272,"column":1}}}},"branchMap":{"0":{"loc":{"start":{"line":22,"column":3},"end":{"line":22,"column":41}},"type":"default-arg","locations":[{"start":{"line":22,"column":39},"end":{"line":22,"column":41}}]},"1":{"loc":{"start":{"line":40,"column":4},"end":{"line":44,"column":5}},"type":"if","locations":[{"start":{"line":40,"column":4},"end":{"line":44,"column":5}}]},"2":{"loc":{"start":{"line":74,"column":6},"end":{"line":95,"column":7}},"type":"if","locations":[{"start":{"line":74,"column":6},"end":{"line":95,"column":7}},{"start":{"line":92,"column":13},"end":{"line":95,"column":7}}]},"3":{"loc":{"start":{"line":124,"column":23},"end":{"line":124,"column":73}},"type":"binary-expr","locations":[{"start":{"line":124,"column":23},"end":{"line":124,"column":43}},{"start":{"line":124,"column":47},"end":{"line":124,"column":73}}]},"4":{"loc":{"start":{"line":131,"column":34},"end":{"line":131,"column":69}},"type":"default-arg","locations":[{"start":{"line":131,"column":67},"end":{"line":131,"column":69}}]},"5":{"loc":{"start":{"line":138,"column":35},"end":{"line":138,"column":70}},"type":"default-arg","locations":[{"start":{"line":138,"column":68},"end":{"line":138,"column":70}}]},"6":{"loc":{"start":{"line":145,"column":36},"end":{"line":145,"column":71}},"type":"default-arg","locations":[{"start":{"line":145,"column":69},"end":{"line":145,"column":71}}]},"7":{"loc":{"start":{"line":152,"column":37},"end":{"line":152,"column":72}},"type":"default-arg","locations":[{"start":{"line":152,"column":70},"end":{"line":152,"column":72}}]},"8":{"loc":{"start":{"line":164,"column":9},"end":{"line":164,"column":44}},"type":"default-arg","locations":[{"start":{"line":164,"column":42},"end":{"line":164,"column":44}}]},"9":{"loc":{"start":{"line":169,"column":10},"end":{"line":171,"column":11}},"type":"if","locations":[{"start":{"line":169,"column":10},"end":{"line":171,"column":11}}]},"10":{"loc":{"start":{"line":196,"column":6},"end":{"line":214,"column":7}},"type":"if","locations":[{"start":{"line":196,"column":6},"end":{"line":214,"column":7}},{"start":{"line":199,"column":13},"end":{"line":214,"column":7}}]},"11":{"loc":{"start":{"line":199,"column":13},"end":{"line":214,"column":7}},"type":"if","locations":[{"start":{"line":199,"column":13},"end":{"line":214,"column":7}},{"start":{"line":211,"column":13},"end":{"line":214,"column":7}}]},"12":{"loc":{"start":{"line":203,"column":18},"end":{"line":203,"column":49}},"type":"cond-expr","locations":[{"start":{"line":203,"column":27},"end":{"line":203,"column":44}},{"start":{"line":203,"column":47},"end":{"line":203,"column":49}}]},"13":{"loc":{"start":{"line":205,"column":18},"end":{"line":205,"column":46}},"type":"binary-expr","locations":[{"start":{"line":205,"column":18},"end":{"line":205,"column":24}},{"start":{"line":205,"column":28},"end":{"line":205,"column":46}}]},"14":{"loc":{"start":{"line":255,"column":2},"end":{"line":258,"column":3}},"type":"if","locations":[{"start":{"line":255,"column":2},"end":{"line":258,"column":3}}]},"15":{"loc":{"start":{"line":261,"column":2},"end":{"line":269,"column":3}},"type":"if","locations":[{"start":{"line":261,"column":2},"end":{"line":269,"column":3}}]}},"s":{"0":4,"1":4,"2":4,"3":4,"4":4,"5":0,"6":0,"7":0,"8":0,"9":0,"10":0,"11":0,"12":0,"13":0,"14":0,"15":0,"16":0,"17":0,"18":0,"19":0,"20":0,"21":0,"22":0,"23":0,"24":0,"25":0,"26":0,"27":0,"28":0,"29":0,"30":0,"31":0,"32":0,"33":0,"34":0,"35":0,"36":0,"37":0,"38":0,"39":0,"40":0,"41":0,"42":0,"43":0,"44":0,"45":0,"46":0,"47":0,"48":0,"49":0,"50":0,"51":0,"52":0,"53":0,"54":0,"55":0,"56":0},"f":{"0":0,"1":0,"2":0,"3":0,"4":0,"5":0,"6":0,"7":0,"8":0,"9":0,"10":0,"11":0,"12":0,"13":0,"14":0,"15":0,"16":0,"17":0,"18":0},"b":{"0":[0],"1":[0],"2":[0,0],"3":[0,0],"4":[0],"5":[0],"6":[0],"7":[0],"8":[0],"9":[0],"10":[0,0],"11":[0,0],"12":[0,0],"13":[0,0],"14":[0],"15":[0]}}
}
