{"/Users/twnguy/Documents/Github perso/ts-smart-schema/src/index.ts": {"path":"/Users/twnguy/Documents/Github perso/ts-smart-schema/src/index.ts","statementMap":{"0":{"start":{"line":2,"column":0},"end":{"line":2,"column":48}},"1":{"start":{"line":3,"column":0},"end":{"line":3,"column":9}},"2":{"start":{"line":64,"column":2},"end":{"line":3,"column":73}},"3":{"start":{"line":4,"column":0},"end":{"line":4,"column":9}},"4":{"start":{"line":65,"column":2},"end":{"line":4,"column":48}},"5":{"start":{"line":5,"column":0},"end":{"line":5,"column":9}},"6":{"start":{"line":67,"column":2},"end":{"line":5,"column":37}},"7":{"start":{"line":6,"column":0},"end":{"line":6,"column":56}},"8":{"start":{"line":9,"column":0},"end":{"line":9,"column":40}},"9":{"start":{"line":10,"column":0},"end":{"line":10,"column":40}},"10":{"start":{"line":11,"column":0},"end":{"line":11,"column":40}},"11":{"start":{"line":12,"column":0},"end":{"line":12,"column":38}},"12":{"start":{"line":13,"column":0},"end":{"line":13,"column":42}},"13":{"start":{"line":16,"column":10},"end":{"line":40,"column":2}},"14":{"start":{"line":38,"column":4},"end":{"line":38,"column":39}},"15":{"start":{"line":63,"column":2},"end":{"line":63,"column":3}},"16":{"start":{"line":43,"column":0},"end":{"line":43,"column":23}},"17":{"start":{"line":48,"column":4},"end":{"line":48,"column":12}},"18":{"start":{"line":47,"column":31},"end":{"line":47,"column":88}},"19":{"start":{"line":52,"column":4},"end":{"line":52,"column":32}},"20":{"start":{"line":58,"column":4},"end":{"line":58,"column":49}}},"fnMap":{"0":{"name":"(anonymous_0)","decl":{"start":{"line":64,"column":2},"end":{"line":64,"column":8}},"loc":{"start":{"line":64,"column":2},"end":{"line":3,"column":73}}},"1":{"name":"(anonymous_1)","decl":{"start":{"line":65,"column":2},"end":{"line":65,"column":17}},"loc":{"start":{"line":65,"column":2},"end":{"line":4,"column":48}}},"2":{"name":"(anonymous_2)","decl":{"start":{"line":67,"column":2},"end":{"line":67,"column":7}},"loc":{"start":{"line":67,"column":2},"end":{"line":5,"column":37}}},"3":{"name":"(anonymous_3)","decl":{"start":{"line":37,"column":2},"end":{"line":37,"column":8}},"loc":{"start":{"line":37,"column":69},"end":{"line":39,"column":3}}},"4":{"name":"(anonymous_4)","decl":{"start":{"line":47,"column":2},"end":{"line":47,"column":31}},"loc":{"start":{"line":47,"column":88},"end":{"line":49,"column":3}}},"5":{"name":"(anonymous_5)","decl":{"start":{"line":51,"column":2},"end":{"line":51,"column":8}},"loc":{"start":{"line":51,"column":50},"end":{"line":53,"column":3}}},"6":{"name":"(anonymous_6)","decl":{"start":{"line":55,"column":2},"end":{"line":55,"column":9}},"loc":{"start":{"line":55,"column":9},"end":{"line":59,"column":3}}}},"branchMap":{},"s":{"0":1,"1":1,"2":1,"3":1,"4":1,"5":1,"6":1,"7":1,"8":1,"9":1,"10":1,"11":1,"12":1,"13":1,"14":0,"15":1,"16":1,"17":0,"18":0,"19":0,"20":0},"f":{"0":0,"1":0,"2":0,"3":0,"4":0,"5":0,"6":0},"b":{}}
,"/Users/twnguy/Documents/Github perso/ts-smart-schema/src/core/bimap.ts": {"path":"/Users/twnguy/Documents/Github perso/ts-smart-schema/src/core/bimap.ts","statementMap":{"0":{"start":{"line":103,"column":0},"end":{"line":103,"column":16}},"1":{"start":{"line":39,"column":21},"end":{"line":39,"column":44}},"2":{"start":{"line":40,"column":21},"end":{"line":40,"column":44}},"3":{"start":{"line":41,"column":21},"end":{"line":41,"column":46}},"4":{"start":{"line":48,"column":19},"end":{"line":48,"column":44}},"5":{"start":{"line":51,"column":4},"end":{"line":54,"column":5}},"6":{"start":{"line":52,"column":21},"end":{"line":52,"column":45}},"7":{"start":{"line":53,"column":6},"end":{"line":53,"column":35}},"8":{"start":{"line":56,"column":4},"end":{"line":56,"column":47}},"9":{"start":{"line":63,"column":19},"end":{"line":63,"column":44}},"10":{"start":{"line":65,"column":4},"end":{"line":68,"column":5}},"11":{"start":{"line":66,"column":21},"end":{"line":66,"column":45}},"12":{"start":{"line":67,"column":6},"end":{"line":67,"column":35}},"13":{"start":{"line":70,"column":4},"end":{"line":70,"column":47}},"14":{"start":{"line":77,"column":19},"end":{"line":77,"column":34}},"15":{"start":{"line":79,"column":4},"end":{"line":81,"column":5}},"16":{"start":{"line":80,"column":6},"end":{"line":80,"column":31}},"17":{"start":{"line":83,"column":4},"end":{"line":83,"column":27}},"18":{"start":{"line":90,"column":19},"end":{"line":90,"column":36}},"19":{"start":{"line":92,"column":4},"end":{"line":94,"column":5}},"20":{"start":{"line":93,"column":6},"end":{"line":93,"column":31}},"21":{"start":{"line":96,"column":4},"end":{"line":96,"column":27}},"22":{"start":{"line":37,"column":0},"end":{"line":37,"column":13}},"23":{"start":{"line":108,"column":2},"end":{"line":108,"column":55}}},"fnMap":{"0":{"name":"(anonymous_0)","decl":{"start":{"line":38,"column":2},"end":{"line":38,"column":null}},"loc":{"start":{"line":41,"column":46},"end":{"line":42,"column":7}}},"1":{"name":"(anonymous_1)","decl":{"start":{"line":47,"column":2},"end":{"line":47,"column":4}},"loc":{"start":{"line":47,"column":14},"end":{"line":57,"column":3}}},"2":{"name":"(anonymous_2)","decl":{"start":{"line":62,"column":2},"end":{"line":62,"column":6}},"loc":{"start":{"line":62,"column":16},"end":{"line":71,"column":3}}},"3":{"name":"(anonymous_3)","decl":{"start":{"line":76,"column":2},"end":{"line":76,"column":15}},"loc":{"start":{"line":76,"column":25},"end":{"line":84,"column":3}}},"4":{"name":"(anonymous_4)","decl":{"start":{"line":89,"column":2},"end":{"line":89,"column":17}},"loc":{"start":{"line":89,"column":27},"end":{"line":97,"column":3}}},"5":{"name":"biMap","decl":{"start":{"line":103,"column":16},"end":{"line":103,"column":21}},"loc":{"start":{"line":106,"column":27},"end":{"line":109,"column":1}}}},"branchMap":{"0":{"loc":{"start":{"line":79,"column":4},"end":{"line":81,"column":5}},"type":"if","locations":[{"start":{"line":79,"column":4},"end":{"line":81,"column":5}}]},"1":{"loc":{"start":{"line":92,"column":4},"end":{"line":94,"column":5}},"type":"if","locations":[{"start":{"line":92,"column":4},"end":{"line":94,"column":5}}]}},"s":{"0":1,"1":0,"2":0,"3":0,"4":0,"5":0,"6":0,"7":0,"8":0,"9":0,"10":0,"11":0,"12":0,"13":0,"14":0,"15":0,"16":0,"17":0,"18":0,"19":0,"20":0,"21":0,"22":1,"23":0},"f":{"0":0,"1":0,"2":0,"3":0,"4":0,"5":0},"b":{"0":[0],"1":[0]}}
,"/Users/twnguy/Documents/Github perso/ts-smart-schema/src/core/errors.ts": {"path":"/Users/twnguy/Documents/Github perso/ts-smart-schema/src/core/errors.ts","statementMap":{"0":{"start":{"line":20,"column":4},"end":{"line":20,"column":49}},"1":{"start":{"line":19,"column":30},"end":{"line":19,"column":55}},"2":{"start":{"line":21,"column":4},"end":{"line":21,"column":34}},"3":{"start":{"line":24,"column":4},"end":{"line":26,"column":5}},"4":{"start":{"line":25,"column":6},"end":{"line":25,"column":53}},"5":{"start":{"line":33,"column":4},"end":{"line":35,"column":5}},"6":{"start":{"line":34,"column":6},"end":{"line":34,"column":33}},"7":{"start":{"line":37,"column":4},"end":{"line":41,"column":5}},"8":{"start":{"line":38,"column":22},"end":{"line":38,"column":28}},"9":{"start":{"line":39,"column":19},"end":{"line":39,"column":69}},"10":{"start":{"line":40,"column":6},"end":{"line":40,"column":62}},"11":{"start":{"line":43,"column":26},"end":{"line":48,"column":17}},"12":{"start":{"line":45,"column":21},"end":{"line":45,"column":71}},"13":{"start":{"line":46,"column":8},"end":{"line":46,"column":47}},"14":{"start":{"line":50,"column":4},"end":{"line":50,"column":79}},"15":{"start":{"line":58,"column":22},"end":{"line":58,"column":71}},"16":{"start":{"line":60,"column":4},"end":{"line":73,"column":7}},"17":{"start":{"line":62,"column":6},"end":{"line":64,"column":7}},"18":{"start":{"line":63,"column":8},"end":{"line":63,"column":21}},"19":{"start":{"line":66,"column":6},"end":{"line":70,"column":7}},"20":{"start":{"line":66,"column":19},"end":{"line":66,"column":20}},"21":{"start":{"line":67,"column":8},"end":{"line":69,"column":9}},"22":{"start":{"line":68,"column":10},"end":{"line":68,"column":23}},"23":{"start":{"line":72,"column":6},"end":{"line":72,"column":18}},"24":{"start":{"line":82,"column":4},"end":{"line":88,"column":7}},"25":{"start":{"line":102,"column":23},"end":{"line":102,"column":38}},"26":{"start":{"line":103,"column":4},"end":{"line":110,"column":7}},"27":{"start":{"line":14,"column":0},"end":{"line":14,"column":13}}},"fnMap":{"0":{"name":"(anonymous_0)","decl":{"start":{"line":19,"column":2},"end":{"line":19,"column":30}},"loc":{"start":{"line":19,"column":55},"end":{"line":27,"column":3}}},"1":{"name":"(anonymous_1)","decl":{"start":{"line":32,"column":10},"end":{"line":32,"column":16}},"loc":{"start":{"line":32,"column":56},"end":{"line":51,"column":3}}},"2":{"name":"(anonymous_2)","decl":{"start":{"line":44,"column":11},"end":{"line":44,"column":16}},"loc":{"start":{"line":44,"column":19},"end":{"line":47,"column":7}}},"3":{"name":"(anonymous_3)","decl":{"start":{"line":57,"column":2},"end":{"line":57,"column":17}},"loc":{"start":{"line":57,"column":41},"end":{"line":74,"column":3}}},"4":{"name":"(anonymous_4)","decl":{"start":{"line":60,"column":30},"end":{"line":60,"column":35}},"loc":{"start":{"line":60,"column":38},"end":{"line":73,"column":5}}},"5":{"name":"(anonymous_5)","decl":{"start":{"line":81,"column":2},"end":{"line":81,"column":8}},"loc":{"start":{"line":81,"column":57},"end":{"line":89,"column":3}}},"6":{"name":"(anonymous_6)","decl":{"start":{"line":97,"column":2},"end":{"line":97,"column":8}},"loc":{"start":{"line":100,"column":23},"end":{"line":111,"column":3}}}},"branchMap":{"0":{"loc":{"start":{"line":24,"column":4},"end":{"line":26,"column":5}},"type":"if","locations":[{"start":{"line":24,"column":4},"end":{"line":26,"column":5}}]},"1":{"loc":{"start":{"line":33,"column":4},"end":{"line":35,"column":5}},"type":"if","locations":[{"start":{"line":33,"column":4},"end":{"line":35,"column":5}}]},"2":{"loc":{"start":{"line":37,"column":4},"end":{"line":41,"column":5}},"type":"if","locations":[{"start":{"line":37,"column":4},"end":{"line":41,"column":5}}]},"3":{"loc":{"start":{"line":39,"column":19},"end":{"line":39,"column":69}},"type":"cond-expr","locations":[{"start":{"line":39,"column":39},"end":{"line":39,"column":59}},{"start":{"line":39,"column":62},"end":{"line":39,"column":69}}]},"4":{"loc":{"start":{"line":45,"column":21},"end":{"line":45,"column":71}},"type":"cond-expr","locations":[{"start":{"line":45,"column":41},"end":{"line":45,"column":61}},{"start":{"line":45,"column":64},"end":{"line":45,"column":71}}]},"5":{"loc":{"start":{"line":58,"column":22},"end":{"line":58,"column":71}},"type":"cond-expr","locations":[{"start":{"line":58,"column":49},"end":{"line":58,"column":64}},{"start":{"line":58,"column":67},"end":{"line":58,"column":71}}]},"6":{"loc":{"start":{"line":62,"column":6},"end":{"line":64,"column":7}},"type":"if","locations":[{"start":{"line":62,"column":6},"end":{"line":64,"column":7}}]},"7":{"loc":{"start":{"line":67,"column":8},"end":{"line":69,"column":9}},"type":"if","locations":[{"start":{"line":67,"column":8},"end":{"line":69,"column":9}}]},"8":{"loc":{"start":{"line":81,"column":38},"end":{"line":81,"column":57}},"type":"default-arg","locations":[{"start":{"line":81,"column":55},"end":{"line":81,"column":57}}]},"9":{"loc":{"start":{"line":100,"column":4},"end":{"line":100,"column":23}},"type":"default-arg","locations":[{"start":{"line":100,"column":21},"end":{"line":100,"column":23}}]}},"s":{"0":27,"1":27,"2":27,"3":27,"4":27,"5":27,"6":0,"7":27,"8":26,"9":26,"10":26,"11":1,"12":3,"13":3,"14":1,"15":0,"16":0,"17":0,"18":0,"19":0,"20":0,"21":0,"22":0,"23":0,"24":0,"25":7,"26":7,"27":1},"f":{"0":27,"1":27,"2":3,"3":0,"4":0,"5":0,"6":7},"b":{"0":[27],"1":[0],"2":[26],"3":[9,17],"4":[3,0],"5":[0,0],"6":[0],"7":[0],"8":[0],"9":[0]}}
,"/Users/twnguy/Documents/Github perso/ts-smart-schema/src/core/result.ts": {"path":"/Users/twnguy/Documents/Github perso/ts-smart-schema/src/core/result.ts","statementMap":{"0":{"start":{"line":151,"column":0},"end":{"line":151,"column":16}},"1":{"start":{"line":158,"column":0},"end":{"line":158,"column":16}},"2":{"start":{"line":11,"column":31},"end":{"line":11,"column":39}},"3":{"start":{"line":10,"column":11},"end":{"line":10,"column":29}},"4":{"start":{"line":17,"column":4},"end":{"line":17,"column":16}},"5":{"start":{"line":24,"column":4},"end":{"line":24,"column":17}},"6":{"start":{"line":31,"column":4},"end":{"line":31,"column":22}},"7":{"start":{"line":38,"column":4},"end":{"line":38,"column":22}},"8":{"start":{"line":45,"column":4},"end":{"line":45,"column":78}},"9":{"start":{"line":52,"column":4},"end":{"line":52,"column":34}},"10":{"start":{"line":59,"column":4},"end":{"line":59,"column":36}},"11":{"start":{"line":66,"column":4},"end":{"line":66,"column":26}},"12":{"start":{"line":73,"column":4},"end":{"line":73,"column":35}},"13":{"start":{"line":9,"column":0},"end":{"line":9,"column":13}},"14":{"start":{"line":82,"column":31},"end":{"line":82,"column":39}},"15":{"start":{"line":81,"column":11},"end":{"line":81,"column":31}},"16":{"start":{"line":88,"column":4},"end":{"line":88,"column":17}},"17":{"start":{"line":95,"column":4},"end":{"line":95,"column":16}},"18":{"start":{"line":102,"column":4},"end":{"line":102,"column":79}},"19":{"start":{"line":109,"column":4},"end":{"line":109,"column":24}},"20":{"start":{"line":116,"column":4},"end":{"line":116,"column":22}},"21":{"start":{"line":123,"column":4},"end":{"line":123,"column":37}},"22":{"start":{"line":130,"column":4},"end":{"line":130,"column":41}},"23":{"start":{"line":137,"column":4},"end":{"line":137,"column":37}},"24":{"start":{"line":144,"column":4},"end":{"line":144,"column":36}},"25":{"start":{"line":80,"column":0},"end":{"line":80,"column":13}},"26":{"start":{"line":152,"column":2},"end":{"line":152,"column":29}},"27":{"start":{"line":159,"column":2},"end":{"line":159,"column":30}}},"fnMap":{"0":{"name":"(anonymous_0)","decl":{"start":{"line":11,"column":2},"end":{"line":11,"column":31}},"loc":{"start":{"line":11,"column":39},"end":{"line":11,"column":43}}},"1":{"name":"(anonymous_1)","decl":{"start":{"line":16,"column":2},"end":{"line":16,"column":6}},"loc":{"start":{"line":16,"column":6},"end":{"line":18,"column":3}}},"2":{"name":"(anonymous_2)","decl":{"start":{"line":23,"column":2},"end":{"line":23,"column":7}},"loc":{"start":{"line":23,"column":7},"end":{"line":25,"column":3}}},"3":{"name":"(anonymous_3)","decl":{"start":{"line":30,"column":2},"end":{"line":30,"column":8}},"loc":{"start":{"line":30,"column":8},"end":{"line":32,"column":3}}},"4":{"name":"(anonymous_4)","decl":{"start":{"line":37,"column":2},"end":{"line":37,"column":10}},"loc":{"start":{"line":37,"column":26},"end":{"line":39,"column":3}}},"5":{"name":"(anonymous_5)","decl":{"start":{"line":44,"column":2},"end":{"line":44,"column":11}},"loc":{"start":{"line":44,"column":11},"end":{"line":46,"column":3}}},"6":{"name":"(anonymous_6)","decl":{"start":{"line":51,"column":2},"end":{"line":51,"column":5}},"loc":{"start":{"line":51,"column":28},"end":{"line":53,"column":3}}},"7":{"name":"(anonymous_7)","decl":{"start":{"line":58,"column":2},"end":{"line":58,"column":8}},"loc":{"start":{"line":58,"column":31},"end":{"line":60,"column":3}}},"8":{"name":"(anonymous_8)","decl":{"start":{"line":65,"column":2},"end":{"line":65,"column":9}},"loc":{"start":{"line":65,"column":43},"end":{"line":67,"column":3}}},"9":{"name":"(anonymous_9)","decl":{"start":{"line":72,"column":2},"end":{"line":72,"column":7}},"loc":{"start":{"line":72,"column":66},"end":{"line":74,"column":3}}},"10":{"name":"(anonymous_10)","decl":{"start":{"line":82,"column":2},"end":{"line":82,"column":31}},"loc":{"start":{"line":82,"column":39},"end":{"line":82,"column":43}}},"11":{"name":"(anonymous_11)","decl":{"start":{"line":87,"column":2},"end":{"line":87,"column":6}},"loc":{"start":{"line":87,"column":6},"end":{"line":89,"column":3}}},"12":{"name":"(anonymous_12)","decl":{"start":{"line":94,"column":2},"end":{"line":94,"column":7}},"loc":{"start":{"line":94,"column":7},"end":{"line":96,"column":3}}},"13":{"name":"(anonymous_13)","decl":{"start":{"line":101,"column":2},"end":{"line":101,"column":8}},"loc":{"start":{"line":101,"column":8},"end":{"line":103,"column":3}}},"14":{"name":"(anonymous_14)","decl":{"start":{"line":108,"column":2},"end":{"line":108,"column":10}},"loc":{"start":{"line":108,"column":26},"end":{"line":110,"column":3}}},"15":{"name":"(anonymous_15)","decl":{"start":{"line":115,"column":2},"end":{"line":115,"column":11}},"loc":{"start":{"line":115,"column":11},"end":{"line":117,"column":3}}},"16":{"name":"(anonymous_16)","decl":{"start":{"line":122,"column":2},"end":{"line":122,"column":5}},"loc":{"start":{"line":122,"column":29},"end":{"line":124,"column":3}}},"17":{"name":"(anonymous_17)","decl":{"start":{"line":129,"column":2},"end":{"line":129,"column":8}},"loc":{"start":{"line":129,"column":31},"end":{"line":131,"column":3}}},"18":{"name":"(anonymous_18)","decl":{"start":{"line":136,"column":2},"end":{"line":136,"column":9}},"loc":{"start":{"line":136,"column":44},"end":{"line":138,"column":3}}},"19":{"name":"(anonymous_19)","decl":{"start":{"line":143,"column":2},"end":{"line":143,"column":7}},"loc":{"start":{"line":143,"column":66},"end":{"line":145,"column":3}}},"20":{"name":"ok","decl":{"start":{"line":151,"column":16},"end":{"line":151,"column":18}},"loc":{"start":{"line":151,"column":41},"end":{"line":153,"column":1}}},"21":{"name":"err","decl":{"start":{"line":158,"column":16},"end":{"line":158,"column":19}},"loc":{"start":{"line":158,"column":42},"end":{"line":160,"column":1}}}},"branchMap":{},"s":{"0":1,"1":1,"2":59,"3":59,"4":57,"5":1,"6":57,"7":1,"8":1,"9":1,"10":0,"11":1,"12":0,"13":1,"14":28,"15":28,"16":28,"17":1,"18":1,"19":1,"20":28,"21":0,"22":0,"23":0,"24":0,"25":1,"26":58,"27":28},"f":{"0":59,"1":57,"2":1,"3":57,"4":1,"5":1,"6":1,"7":0,"8":1,"9":0,"10":28,"11":28,"12":1,"13":1,"14":1,"15":28,"16":0,"17":0,"18":0,"19":0,"20":58,"21":28},"b":{}}
,"/Users/twnguy/Documents/Github perso/ts-smart-schema/src/core/schema.ts": {"path":"/Users/twnguy/Documents/Github perso/ts-smart-schema/src/core/schema.ts","statementMap":{"0":{"start":{"line":1,"column":0},"end":{"line":1,"column":43}},"1":{"start":{"line":2,"column":0},"end":{"line":2,"column":60}},"2":{"start":{"line":38,"column":13},"end":{"line":43,"column":2}},"3":{"start":{"line":90,"column":26},"end":{"line":90,"column":71}},"4":{"start":{"line":91,"column":19},"end":{"line":91,"column":51}},"5":{"start":{"line":93,"column":4},"end":{"line":95,"column":5}},"6":{"start":{"line":94,"column":6},"end":{"line":94,"column":29}},"7":{"start":{"line":97,"column":4},"end":{"line":97,"column":29}},"8":{"start":{"line":104,"column":26},"end":{"line":104,"column":71}},"9":{"start":{"line":105,"column":19},"end":{"line":105,"column":51}},"10":{"start":{"line":107,"column":4},"end":{"line":109,"column":5}},"11":{"start":{"line":108,"column":6},"end":{"line":108,"column":27}},"12":{"start":{"line":111,"column":4},"end":{"line":111,"column":35}},"13":{"start":{"line":118,"column":26},"end":{"line":118,"column":71}},"14":{"start":{"line":119,"column":4},"end":{"line":119,"column":44}},"15":{"start":{"line":136,"column":4},"end":{"line":141,"column":6}},"16":{"start":{"line":148,"column":4},"end":{"line":148,"column":39}},"17":{"start":{"line":162,"column":19},"end":{"line":162,"column":23}},"18":{"start":{"line":163,"column":22},"end":{"line":163,"column":36}},"19":{"start":{"line":166,"column":4},"end":{"line":168,"column":5}},"20":{"start":{"line":167,"column":7},"end":{"line":167,"column":35}},"21":{"start":{"line":170,"column":4},"end":{"line":170,"column":30}},"22":{"start":{"line":177,"column":4},"end":{"line":177,"column":29}},"23":{"start":{"line":187,"column":4},"end":{"line":187,"column":59}},"24":{"start":{"line":85,"column":0},"end":{"line":85,"column":22}},"25":{"start":{"line":207,"column":4},"end":{"line":207,"column":12}},"26":{"start":{"line":203,"column":21},"end":{"line":203,"column":36}},"27":{"start":{"line":204,"column":21},"end":{"line":204,"column":73}},"28":{"start":{"line":205,"column":21},"end":{"line":205,"column":61}},"29":{"start":{"line":211,"column":19},"end":{"line":211,"column":50}},"30":{"start":{"line":213,"column":4},"end":{"line":215,"column":5}},"31":{"start":{"line":214,"column":6},"end":{"line":214,"column":20}},"32":{"start":{"line":217,"column":18},"end":{"line":217,"column":33}},"33":{"start":{"line":219,"column":4},"end":{"line":233,"column":5}},"34":{"start":{"line":220,"column":27},"end":{"line":222,"column":22}},"35":{"start":{"line":224,"column":6},"end":{"line":232,"column":8}},"36":{"start":{"line":235,"column":4},"end":{"line":235,"column":21}},"37":{"start":{"line":241,"column":24},"end":{"line":241,"column":43}},"38":{"start":{"line":245,"column":4},"end":{"line":254,"column":6}},"39":{"start":{"line":249,"column":8},"end":{"line":249,"column":54}},"40":{"start":{"line":252,"column":21},"end":{"line":252,"column":108}}},"fnMap":{"0":{"name":"(anonymous_0)","decl":{"start":{"line":89,"column":2},"end":{"line":89,"column":7}},"loc":{"start":{"line":89,"column":54},"end":{"line":98,"column":3}}},"1":{"name":"(anonymous_1)","decl":{"start":{"line":103,"column":2},"end":{"line":103,"column":10}},"loc":{"start":{"line":103,"column":57},"end":{"line":112,"column":3}}},"2":{"name":"(anonymous_2)","decl":{"start":{"line":117,"column":2},"end":{"line":117,"column":11}},"loc":{"start":{"line":117,"column":58},"end":{"line":120,"column":3}}},"3":{"name":"(anonymous_3)","decl":{"start":{"line":130,"column":12},"end":{"line":130,"column":17}},"loc":{"start":{"line":134,"column":32},"end":{"line":142,"column":3}}},"4":{"name":"(anonymous_4)","decl":{"start":{"line":147,"column":12},"end":{"line":147,"column":27}},"loc":{"start":{"line":147,"column":53},"end":{"line":149,"column":3}}},"5":{"name":"(anonymous_5)","decl":{"start":{"line":161,"column":2},"end":{"line":161,"column":8}},"loc":{"start":{"line":161,"column":50},"end":{"line":171,"column":3}}},"6":{"name":"(anonymous_6)","decl":{"start":{"line":176,"column":2},"end":{"line":176,"column":7}},"loc":{"start":{"line":176,"column":41},"end":{"line":178,"column":3}}},"7":{"name":"(anonymous_7)","decl":{"start":{"line":183,"column":2},"end":{"line":183,"column":8}},"loc":{"start":{"line":185,"column":44},"end":{"line":188,"column":3}}},"8":{"name":"(anonymous_8)","decl":{"start":{"line":202,"column":2},"end":{"line":202,"column":null}},"loc":{"start":{"line":205,"column":61},"end":{"line":208,"column":3}}},"9":{"name":"(anonymous_9)","decl":{"start":{"line":210,"column":2},"end":{"line":210,"column":8}},"loc":{"start":{"line":210,"column":50},"end":{"line":236,"column":3}}},"10":{"name":"(anonymous_10)","decl":{"start":{"line":239,"column":2},"end":{"line":239,"column":9}},"loc":{"start":{"line":239,"column":9},"end":{"line":255,"column":3}}},"11":{"name":"(anonymous_11)","decl":{"start":{"line":247,"column":6},"end":{"line":247,"column":7}},"loc":{"start":{"line":247,"column":16},"end":{"line":250,"column":7}}},"12":{"name":"(anonymous_12)","decl":{"start":{"line":252,"column":10},"end":{"line":252,"column":11}},"loc":{"start":{"line":252,"column":21},"end":{"line":252,"column":108}}}},"branchMap":{"0":{"loc":{"start":{"line":89,"column":23},"end":{"line":89,"column":54}},"type":"default-arg","locations":[{"start":{"line":89,"column":52},"end":{"line":89,"column":54}}]},"1":{"loc":{"start":{"line":93,"column":4},"end":{"line":95,"column":5}},"type":"if","locations":[{"start":{"line":93,"column":4},"end":{"line":95,"column":5}}]},"2":{"loc":{"start":{"line":103,"column":26},"end":{"line":103,"column":57}},"type":"default-arg","locations":[{"start":{"line":103,"column":55},"end":{"line":103,"column":57}}]},"3":{"loc":{"start":{"line":107,"column":4},"end":{"line":109,"column":5}},"type":"if","locations":[{"start":{"line":107,"column":4},"end":{"line":109,"column":5}}]},"4":{"loc":{"start":{"line":117,"column":27},"end":{"line":117,"column":58}},"type":"default-arg","locations":[{"start":{"line":117,"column":56},"end":{"line":117,"column":58}}]},"5":{"loc":{"start":{"line":133,"column":4},"end":{"line":133,"column":23}},"type":"default-arg","locations":[{"start":{"line":133,"column":21},"end":{"line":133,"column":23}}]},"6":{"loc":{"start":{"line":213,"column":4},"end":{"line":215,"column":5}},"type":"if","locations":[{"start":{"line":213,"column":4},"end":{"line":215,"column":5}}]},"7":{"loc":{"start":{"line":219,"column":4},"end":{"line":233,"column":5}},"type":"if","locations":[{"start":{"line":219,"column":4},"end":{"line":233,"column":5}}]},"8":{"loc":{"start":{"line":220,"column":27},"end":{"line":222,"column":22}},"type":"cond-expr","locations":[{"start":{"line":221,"column":10},"end":{"line":221,"column":29}},{"start":{"line":222,"column":10},"end":{"line":222,"column":22}}]},"9":{"loc":{"start":{"line":251,"column":6},"end":{"line":253,"column":22}},"type":"cond-expr","locations":[{"start":{"line":252,"column":10},"end":{"line":252,"column":108}},{"start":{"line":253,"column":10},"end":{"line":253,"column":22}}]},"10":{"loc":{"start":{"line":252,"column":21},"end":{"line":252,"column":108}},"type":"cond-expr","locations":[{"start":{"line":252,"column":58},"end":{"line":252,"column":93}},{"start":{"line":252,"column":96},"end":{"line":252,"column":108}}]}},"s":{"0":1,"1":1,"2":1,"3":48,"4":48,"5":48,"6":26,"7":22,"8":0,"9":0,"10":0,"11":0,"12":0,"13":33,"14":33,"15":17,"16":19,"17":0,"18":0,"19":0,"20":0,"21":0,"22":0,"23":0,"24":1,"25":0,"26":0,"27":0,"28":0,"29":0,"30":0,"31":0,"32":0,"33":0,"34":0,"35":0,"36":0,"37":0,"38":0,"39":0,"40":0},"f":{"0":48,"1":0,"2":33,"3":17,"4":19,"5":0,"6":0,"7":0,"8":0,"9":0,"10":0,"11":0,"12":0},"b":{"0":[48],"1":[26],"2":[0],"3":[0],"4":[0],"5":[0],"6":[0],"7":[0],"8":[0,0],"9":[0,0],"10":[0,0]}}
,"/Users/twnguy/Documents/Github perso/ts-smart-schema/src/core/versioned.ts": {"path":"/Users/twnguy/Documents/Github perso/ts-smart-schema/src/core/versioned.ts","statementMap":{"0":{"start":{"line":218,"column":0},"end":{"line":218,"column":16}},"1":{"start":{"line":1,"column":0},"end":{"line":1,"column":34}},"2":{"start":{"line":2,"column":0},"end":{"line":2,"column":43}},"3":{"start":{"line":36,"column":62},"end":{"line":40,"column":2}},"4":{"start":{"line":48,"column":19},"end":{"line":48,"column":52}},"5":{"start":{"line":50,"column":10},"end":{"line":50,"column":36}},"6":{"start":{"line":56,"column":4},"end":{"line":56,"column":26}},"7":{"start":{"line":57,"column":4},"end":{"line":57,"column":95}},"8":{"start":{"line":59,"column":4},"end":{"line":59,"column":34}},"9":{"start":{"line":66,"column":4},"end":{"line":66,"column":50}},"10":{"start":{"line":78,"column":4},"end":{"line":81,"column":8}},"11":{"start":{"line":78,"column":48},"end":{"line":81,"column":6}},"12":{"start":{"line":88,"column":4},"end":{"line":88,"column":24}},"13":{"start":{"line":96,"column":23},"end":{"line":96,"column":56}},"14":{"start":{"line":99,"column":4},"end":{"line":99,"column":28}},"15":{"start":{"line":102,"column":19},"end":{"line":102,"column":53}},"16":{"start":{"line":104,"column":4},"end":{"line":106,"column":5}},"17":{"start":{"line":105,"column":6},"end":{"line":105,"column":31}},"18":{"start":{"line":109,"column":26},"end":{"line":109,"column":41}},"19":{"start":{"line":112,"column":4},"end":{"line":117,"column":5}},"20":{"start":{"line":113,"column":6},"end":{"line":113,"column":45}},"21":{"start":{"line":116,"column":6},"end":{"line":116,"column":61}},"22":{"start":{"line":119,"column":4},"end":{"line":119,"column":25}},"23":{"start":{"line":126,"column":19},"end":{"line":126,"column":47}},"24":{"start":{"line":128,"column":4},"end":{"line":130,"column":5}},"25":{"start":{"line":129,"column":6},"end":{"line":129,"column":31}},"26":{"start":{"line":133,"column":26},"end":{"line":133,"column":41}},"27":{"start":{"line":136,"column":4},"end":{"line":136,"column":43}},"28":{"start":{"line":138,"column":4},"end":{"line":138,"column":25}},"29":{"start":{"line":145,"column":4},"end":{"line":147,"column":5}},"30":{"start":{"line":146,"column":6},"end":{"line":146,"column":48}},"31":{"start":{"line":149,"column":24},"end":{"line":149,"column":50}},"32":{"start":{"line":151,"column":4},"end":{"line":153,"column":5}},"33":{"start":{"line":152,"column":6},"end":{"line":152,"column":105}},"34":{"start":{"line":155,"column":4},"end":{"line":155,"column":37}},"35":{"start":{"line":156,"column":4},"end":{"line":156,"column":24}},"36":{"start":{"line":163,"column":4},"end":{"line":165,"column":5}},"37":{"start":{"line":164,"column":6},"end":{"line":164,"column":48}},"38":{"start":{"line":167,"column":24},"end":{"line":167,"column":50}},"39":{"start":{"line":169,"column":4},"end":{"line":171,"column":5}},"40":{"start":{"line":170,"column":6},"end":{"line":170,"column":130}},"41":{"start":{"line":173,"column":4},"end":{"line":173,"column":37}},"42":{"start":{"line":174,"column":4},"end":{"line":174,"column":24}},"43":{"start":{"line":182,"column":4},"end":{"line":184,"column":5}},"44":{"start":{"line":183,"column":6},"end":{"line":183,"column":51}},"45":{"start":{"line":187,"column":4},"end":{"line":191,"column":7}},"46":{"start":{"line":194,"column":4},"end":{"line":194,"column":50}},"47":{"start":{"line":197,"column":4},"end":{"line":197,"column":24}},"48":{"start":{"line":204,"column":24},"end":{"line":204,"column":49}},"49":{"start":{"line":206,"column":4},"end":{"line":211,"column":5}},"50":{"start":{"line":208,"column":21},"end":{"line":208,"column":55}},"51":{"start":{"line":209,"column":6},"end":{"line":209,"column":38}},"52":{"start":{"line":210,"column":6},"end":{"line":210,"column":68}},"53":{"start":{"line":46,"column":0},"end":{"line":46,"column":13}},"54":{"start":{"line":220,"column":2},"end":{"line":230,"column":4}},"55":{"start":{"line":222,"column":19},"end":{"line":222,"column":39}},"56":{"start":{"line":224,"column":4},"end":{"line":226,"column":5}},"57":{"start":{"line":225,"column":6},"end":{"line":225,"column":31}},"58":{"start":{"line":229,"column":4},"end":{"line":229,"column":57}}},"fnMap":{"0":{"name":"(anonymous_0)","decl":{"start":{"line":55,"column":2},"end":{"line":55,"column":14}},"loc":{"start":{"line":55,"column":79},"end":{"line":60,"column":3}}},"1":{"name":"(anonymous_1)","decl":{"start":{"line":65,"column":2},"end":{"line":65,"column":6}},"loc":{"start":{"line":65,"column":13},"end":{"line":67,"column":3}}},"2":{"name":"(anonymous_2)","decl":{"start":{"line":72,"column":2},"end":{"line":72,"column":6}},"loc":{"start":{"line":72,"column":13},"end":{"line":82,"column":3}}},"3":{"name":"(anonymous_3)","decl":{"start":{"line":78,"column":29},"end":{"line":78,"column":30}},"loc":{"start":{"line":78,"column":48},"end":{"line":81,"column":6}}},"4":{"name":"(anonymous_4)","decl":{"start":{"line":87,"column":2},"end":{"line":87,"column":6}},"loc":{"start":{"line":87,"column":12},"end":{"line":89,"column":3}}},"5":{"name":"(anonymous_5)","decl":{"start":{"line":94,"column":2},"end":{"line":94,"column":11}},"loc":{"start":{"line":94,"column":58},"end":{"line":120,"column":3}}},"6":{"name":"(anonymous_6)","decl":{"start":{"line":125,"column":2},"end":{"line":125,"column":15}},"loc":{"start":{"line":125,"column":39},"end":{"line":139,"column":3}}},"7":{"name":"(anonymous_7)","decl":{"start":{"line":144,"column":2},"end":{"line":144,"column":8}},"loc":{"start":{"line":144,"column":26},"end":{"line":157,"column":3}}},"8":{"name":"(anonymous_8)","decl":{"start":{"line":162,"column":2},"end":{"line":162,"column":6}},"loc":{"start":{"line":162,"column":24},"end":{"line":175,"column":3}}},"9":{"name":"(anonymous_9)","decl":{"start":{"line":180,"column":10},"end":{"line":180,"column":21}},"loc":{"start":{"line":180,"column":45},"end":{"line":198,"column":3}}},"10":{"name":"(anonymous_10)","decl":{"start":{"line":203,"column":10},"end":{"line":203,"column":22}},"loc":{"start":{"line":203,"column":22},"end":{"line":212,"column":3}}},"11":{"name":"addVersionedToSchema","decl":{"start":{"line":218,"column":16},"end":{"line":218,"column":36}},"loc":{"start":{"line":218,"column":36},"end":{"line":231,"column":1}}},"12":{"name":"(anonymous_12)","decl":{"start":{"line":220,"column":37},"end":{"line":220,"column":49}},"loc":{"start":{"line":220,"column":84},"end":{"line":230,"column":3}}}},"branchMap":{"0":{"loc":{"start":{"line":55,"column":49},"end":{"line":55,"column":79}},"type":"default-arg","locations":[{"start":{"line":55,"column":77},"end":{"line":55,"column":79}}]},"1":{"loc":{"start":{"line":104,"column":4},"end":{"line":106,"column":5}},"type":"if","locations":[{"start":{"line":104,"column":4},"end":{"line":106,"column":5}}]},"2":{"loc":{"start":{"line":112,"column":4},"end":{"line":117,"column":5}},"type":"if","locations":[{"start":{"line":112,"column":4},"end":{"line":117,"column":5}},{"start":{"line":114,"column":11},"end":{"line":117,"column":5}}]},"3":{"loc":{"start":{"line":128,"column":4},"end":{"line":130,"column":5}},"type":"if","locations":[{"start":{"line":128,"column":4},"end":{"line":130,"column":5}}]},"4":{"loc":{"start":{"line":144,"column":9},"end":{"line":144,"column":26}},"type":"default-arg","locations":[{"start":{"line":144,"column":25},"end":{"line":144,"column":26}}]},"5":{"loc":{"start":{"line":145,"column":4},"end":{"line":147,"column":5}},"type":"if","locations":[{"start":{"line":145,"column":4},"end":{"line":147,"column":5}}]},"6":{"loc":{"start":{"line":151,"column":4},"end":{"line":153,"column":5}},"type":"if","locations":[{"start":{"line":151,"column":4},"end":{"line":153,"column":5}}]},"7":{"loc":{"start":{"line":162,"column":7},"end":{"line":162,"column":24}},"type":"default-arg","locations":[{"start":{"line":162,"column":23},"end":{"line":162,"column":24}}]},"8":{"loc":{"start":{"line":163,"column":4},"end":{"line":165,"column":5}},"type":"if","locations":[{"start":{"line":163,"column":4},"end":{"line":165,"column":5}}]},"9":{"loc":{"start":{"line":169,"column":4},"end":{"line":171,"column":5}},"type":"if","locations":[{"start":{"line":169,"column":4},"end":{"line":171,"column":5}}]},"10":{"loc":{"start":{"line":182,"column":4},"end":{"line":184,"column":5}},"type":"if","locations":[{"start":{"line":182,"column":4},"end":{"line":184,"column":5}}]},"11":{"loc":{"start":{"line":206,"column":4},"end":{"line":211,"column":5}},"type":"if","locations":[{"start":{"line":206,"column":4},"end":{"line":211,"column":5}}]},"12":{"loc":{"start":{"line":224,"column":4},"end":{"line":226,"column":5}},"type":"if","locations":[{"start":{"line":224,"column":4},"end":{"line":226,"column":5}}]}},"s":{"0":1,"1":1,"2":1,"3":1,"4":0,"5":0,"6":0,"7":0,"8":0,"9":0,"10":0,"11":0,"12":0,"13":0,"14":0,"15":0,"16":0,"17":0,"18":0,"19":0,"20":0,"21":0,"22":0,"23":0,"24":0,"25":0,"26":0,"27":0,"28":0,"29":0,"30":0,"31":0,"32":0,"33":0,"34":0,"35":0,"36":0,"37":0,"38":0,"39":0,"40":0,"41":0,"42":0,"43":0,"44":0,"45":0,"46":0,"47":0,"48":0,"49":0,"50":0,"51":0,"52":0,"53":1,"54":1,"55":0,"56":0,"57":0,"58":0},"f":{"0":0,"1":0,"2":0,"3":0,"4":0,"5":0,"6":0,"7":0,"8":0,"9":0,"10":0,"11":1,"12":0},"b":{"0":[0],"1":[0],"2":[0,0],"3":[0],"4":[0],"5":[0],"6":[0],"7":[0],"8":[0],"9":[0],"10":[0],"11":[0],"12":[0]}}
,"/Users/twnguy/Documents/Github perso/ts-smart-schema/src/plugins/json-schema.ts": {"path":"/Users/twnguy/Documents/Github perso/ts-smart-schema/src/plugins/json-schema.ts","statementMap":{"0":{"start":{"line":37,"column":0},"end":{"line":37,"column":16}},"1":{"start":{"line":172,"column":0},"end":{"line":172,"column":16}},"2":{"start":{"line":322,"column":0},"end":{"line":322,"column":16}},"3":{"start":{"line":329,"column":0},"end":{"line":329,"column":16}},"4":{"start":{"line":1,"column":0},"end":{"line":1,"column":40}},"5":{"start":{"line":2,"column":0},"end":{"line":2,"column":47}},"6":{"start":{"line":3,"column":0},"end":{"line":3,"column":47}},"7":{"start":{"line":4,"column":0},"end":{"line":4,"column":47}},"8":{"start":{"line":5,"column":0},"end":{"line":5,"column":45}},"9":{"start":{"line":38,"column":2},"end":{"line":46,"column":3}},"10":{"start":{"line":39,"column":4},"end":{"line":39,"column":39}},"11":{"start":{"line":40,"column":9},"end":{"line":46,"column":3}},"12":{"start":{"line":41,"column":4},"end":{"line":41,"column":39}},"13":{"start":{"line":42,"column":9},"end":{"line":46,"column":3}},"14":{"start":{"line":43,"column":4},"end":{"line":43,"column":39}},"15":{"start":{"line":44,"column":9},"end":{"line":46,"column":3}},"16":{"start":{"line":45,"column":4},"end":{"line":45,"column":38}},"17":{"start":{"line":49,"column":2},"end":{"line":49,"column":28}},"18":{"start":{"line":56,"column":33},"end":{"line":58,"column":4}},"19":{"start":{"line":61,"column":23},"end":{"line":61,"column":36}},"20":{"start":{"line":63,"column":2},"end":{"line":65,"column":3}},"21":{"start":{"line":64,"column":4},"end":{"line":64,"column":51}},"22":{"start":{"line":67,"column":2},"end":{"line":69,"column":3}},"23":{"start":{"line":68,"column":4},"end":{"line":68,"column":51}},"24":{"start":{"line":71,"column":2},"end":{"line":73,"column":3}},"25":{"start":{"line":72,"column":4},"end":{"line":72,"column":54}},"26":{"start":{"line":75,"column":2},"end":{"line":77,"column":3}},"27":{"start":{"line":76,"column":4},"end":{"line":76,"column":45}},"28":{"start":{"line":79,"column":2},"end":{"line":79,"column":20}},"29":{"start":{"line":86,"column":33},"end":{"line":88,"column":4}},"30":{"start":{"line":91,"column":23},"end":{"line":91,"column":36}},"31":{"start":{"line":93,"column":2},"end":{"line":95,"column":3}},"32":{"start":{"line":94,"column":4},"end":{"line":94,"column":32}},"33":{"start":{"line":97,"column":2},"end":{"line":99,"column":3}},"34":{"start":{"line":98,"column":4},"end":{"line":98,"column":43}},"35":{"start":{"line":101,"column":2},"end":{"line":103,"column":3}},"36":{"start":{"line":102,"column":4},"end":{"line":102,"column":43}},"37":{"start":{"line":105,"column":2},"end":{"line":107,"column":3}},"38":{"start":{"line":106,"column":4},"end":{"line":106,"column":53}},"39":{"start":{"line":109,"column":2},"end":{"line":109,"column":20}},"40":{"start":{"line":116,"column":33},"end":{"line":120,"column":4}},"41":{"start":{"line":123,"column":23},"end":{"line":123,"column":36}},"42":{"start":{"line":125,"column":2},"end":{"line":129,"column":3}},"43":{"start":{"line":126,"column":4},"end":{"line":128,"column":5}},"44":{"start":{"line":127,"column":6},"end":{"line":127,"column":76}},"45":{"start":{"line":131,"column":2},"end":{"line":133,"column":3}},"46":{"start":{"line":132,"column":4},"end":{"line":132,"column":61}},"47":{"start":{"line":135,"column":2},"end":{"line":135,"column":20}},"48":{"start":{"line":142,"column":33},"end":{"line":144,"column":4}},"49":{"start":{"line":147,"column":23},"end":{"line":147,"column":36}},"50":{"start":{"line":149,"column":2},"end":{"line":151,"column":3}},"51":{"start":{"line":150,"column":4},"end":{"line":150,"column":62}},"52":{"start":{"line":153,"column":2},"end":{"line":155,"column":3}},"53":{"start":{"line":154,"column":4},"end":{"line":154,"column":49}},"54":{"start":{"line":157,"column":2},"end":{"line":159,"column":3}},"55":{"start":{"line":158,"column":4},"end":{"line":158,"column":49}},"56":{"start":{"line":161,"column":2},"end":{"line":163,"column":3}},"57":{"start":{"line":162,"column":4},"end":{"line":162,"column":55}},"58":{"start":{"line":165,"column":2},"end":{"line":165,"column":20}},"59":{"start":{"line":173,"column":16},"end":{"line":173,"column":35}},"60":{"start":{"line":175,"column":2},"end":{"line":178,"column":3}},"61":{"start":{"line":177,"column":4},"end":{"line":177,"column":24}},"62":{"start":{"line":180,"column":15},"end":{"line":180,"column":84}},"63":{"start":{"line":182,"column":2},"end":{"line":199,"column":3}},"64":{"start":{"line":184,"column":6},"end":{"line":184,"column":51}},"65":{"start":{"line":188,"column":6},"end":{"line":188,"column":51}},"66":{"start":{"line":191,"column":6},"end":{"line":191,"column":50}},"67":{"start":{"line":194,"column":6},"end":{"line":194,"column":51}},"68":{"start":{"line":198,"column":6},"end":{"line":198,"column":51}},"69":{"start":{"line":198,"column":38},"end":{"line":198,"column":49}},"70":{"start":{"line":206,"column":16},"end":{"line":206,"column":35}},"71":{"start":{"line":207,"column":15},"end":{"line":207,"column":25}},"72":{"start":{"line":209,"column":2},"end":{"line":211,"column":3}},"73":{"start":{"line":210,"column":4},"end":{"line":210,"column":46}},"74":{"start":{"line":213,"column":2},"end":{"line":215,"column":3}},"75":{"start":{"line":214,"column":4},"end":{"line":214,"column":46}},"76":{"start":{"line":217,"column":2},"end":{"line":219,"column":3}},"77":{"start":{"line":218,"column":4},"end":{"line":218,"column":58}},"78":{"start":{"line":221,"column":2},"end":{"line":235,"column":3}},"79":{"start":{"line":223,"column":4},"end":{"line":234,"column":5}},"80":{"start":{"line":225,"column":8},"end":{"line":225,"column":32}},"81":{"start":{"line":226,"column":8},"end":{"line":226,"column":14}},"82":{"start":{"line":229,"column":8},"end":{"line":229,"column":30}},"83":{"start":{"line":230,"column":8},"end":{"line":230,"column":14}},"84":{"start":{"line":232,"column":8},"end":{"line":232,"column":31}},"85":{"start":{"line":233,"column":8},"end":{"line":233,"column":14}},"86":{"start":{"line":237,"column":2},"end":{"line":237,"column":16}},"87":{"start":{"line":244,"column":16},"end":{"line":244,"column":35}},"88":{"start":{"line":245,"column":15},"end":{"line":245,"column":25}},"89":{"start":{"line":247,"column":2},"end":{"line":249,"column":3}},"90":{"start":{"line":248,"column":4},"end":{"line":248,"column":26}},"91":{"start":{"line":251,"column":2},"end":{"line":253,"column":3}},"92":{"start":{"line":252,"column":4},"end":{"line":252,"column":44}},"93":{"start":{"line":255,"column":2},"end":{"line":257,"column":3}},"94":{"start":{"line":256,"column":4},"end":{"line":256,"column":44}},"95":{"start":{"line":259,"column":2},"end":{"line":261,"column":3}},"96":{"start":{"line":260,"column":4},"end":{"line":260,"column":54}},"97":{"start":{"line":263,"column":2},"end":{"line":263,"column":16}},"98":{"start":{"line":270,"column":16},"end":{"line":270,"column":35}},"99":{"start":{"line":273,"column":21},"end":{"line":275,"column":43}},"100":{"start":{"line":275,"column":31},"end":{"line":275,"column":42}},"101":{"start":{"line":277,"column":15},"end":{"line":277,"column":34}},"102":{"start":{"line":279,"column":2},"end":{"line":281,"column":3}},"103":{"start":{"line":280,"column":4},"end":{"line":280,"column":45}},"104":{"start":{"line":283,"column":2},"end":{"line":285,"column":3}},"105":{"start":{"line":284,"column":4},"end":{"line":284,"column":45}},"106":{"start":{"line":287,"column":2},"end":{"line":289,"column":3}},"107":{"start":{"line":288,"column":4},"end":{"line":288,"column":29}},"108":{"start":{"line":291,"column":2},"end":{"line":291,"column":16}},"109":{"start":{"line":298,"column":16},"end":{"line":298,"column":35}},"110":{"start":{"line":299,"column":50},"end":{"line":299,"column":52}},"111":{"start":{"line":302,"column":2},"end":{"line":306,"column":3}},"112":{"start":{"line":303,"column":4},"end":{"line":305,"column":5}},"113":{"start":{"line":304,"column":6},"end":{"line":304,"column":51}},"114":{"start":{"line":308,"column":15},"end":{"line":308,"column":35}},"115":{"start":{"line":311,"column":19},"end":{"line":311,"column":44}},"116":{"start":{"line":312,"column":19},"end":{"line":312,"column":81}},"117":{"start":{"line":312,"column":57},"end":{"line":312,"column":80}},"118":{"start":{"line":314,"column":2},"end":{"line":316,"column":3}},"119":{"start":{"line":315,"column":4},"end":{"line":315,"column":46}},"120":{"start":{"line":318,"column":2},"end":{"line":318,"column":16}},"121":{"start":{"line":323,"column":2},"end":{"line":325,"column":4}},"122":{"start":{"line":324,"column":4},"end":{"line":324,"column":30}},"123":{"start":{"line":331,"column":2},"end":{"line":331,"column":42}},"124":{"start":{"line":334,"column":21},"end":{"line":334,"column":40}},"125":{"start":{"line":335,"column":2},"end":{"line":335,"column":47}}},"fnMap":{"0":{"name":"toJsonSchema","decl":{"start":{"line":37,"column":16},"end":{"line":37,"column":28}},"loc":{"start":{"line":37,"column":48},"end":{"line":50,"column":1}}},"1":{"name":"convertStringSchema","decl":{"start":{"line":55,"column":9},"end":{"line":55,"column":28}},"loc":{"start":{"line":55,"column":49},"end":{"line":80,"column":1}}},"2":{"name":"convertNumberSchema","decl":{"start":{"line":85,"column":9},"end":{"line":85,"column":28}},"loc":{"start":{"line":85,"column":49},"end":{"line":110,"column":1}}},"3":{"name":"convertObjectSchema","decl":{"start":{"line":115,"column":9},"end":{"line":115,"column":28}},"loc":{"start":{"line":115,"column":54},"end":{"line":136,"column":1}}},"4":{"name":"convertArraySchema","decl":{"start":{"line":141,"column":9},"end":{"line":141,"column":27}},"loc":{"start":{"line":141,"column":52},"end":{"line":166,"column":1}}},"5":{"name":"fromJsonSchema","decl":{"start":{"line":172,"column":16},"end":{"line":172,"column":30}},"loc":{"start":{"line":172,"column":53},"end":{"line":200,"column":1}}},"6":{"name":"(anonymous_6)","decl":{"start":{"line":198,"column":22},"end":{"line":198,"column":23}},"loc":{"start":{"line":198,"column":38},"end":{"line":198,"column":49}}},"7":{"name":"convertJsonToStringSchema","decl":{"start":{"line":205,"column":9},"end":{"line":205,"column":34}},"loc":{"start":{"line":205,"column":57},"end":{"line":238,"column":1}}},"8":{"name":"convertJsonToNumberSchema","decl":{"start":{"line":243,"column":9},"end":{"line":243,"column":34}},"loc":{"start":{"line":243,"column":57},"end":{"line":264,"column":1}}},"9":{"name":"convertJsonToArraySchema","decl":{"start":{"line":269,"column":9},"end":{"line":269,"column":33}},"loc":{"start":{"line":269,"column":56},"end":{"line":292,"column":1}}},"10":{"name":"(anonymous_10)","decl":{"start":{"line":275,"column":15},"end":{"line":275,"column":16}},"loc":{"start":{"line":275,"column":31},"end":{"line":275,"column":42}}},"11":{"name":"convertJsonToObjectSchema","decl":{"start":{"line":297,"column":9},"end":{"line":297,"column":34}},"loc":{"start":{"line":297,"column":57},"end":{"line":319,"column":1}}},"12":{"name":"(anonymous_12)","decl":{"start":{"line":312,"column":50},"end":{"line":312,"column":53}},"loc":{"start":{"line":312,"column":57},"end":{"line":312,"column":80}}},"13":{"name":"addJsonSchemaToSchema","decl":{"start":{"line":322,"column":16},"end":{"line":322,"column":37}},"loc":{"start":{"line":322,"column":96},"end":{"line":326,"column":1}}},"14":{"name":"(anonymous_14)","decl":{"start":{"line":323,"column":24},"end":{"line":323,"column":null}},"loc":{"start":{"line":323,"column":24},"end":{"line":325,"column":3}}},"15":{"name":"initJsonSchemaPlugin","decl":{"start":{"line":329,"column":16},"end":{"line":329,"column":36}},"loc":{"start":{"line":329,"column":36},"end":{"line":336,"column":1}}}},"branchMap":{"0":{"loc":{"start":{"line":38,"column":2},"end":{"line":46,"column":3}},"type":"if","locations":[{"start":{"line":38,"column":2},"end":{"line":46,"column":3}},{"start":{"line":40,"column":9},"end":{"line":46,"column":3}}]},"1":{"loc":{"start":{"line":40,"column":9},"end":{"line":46,"column":3}},"type":"if","locations":[{"start":{"line":40,"column":9},"end":{"line":46,"column":3}},{"start":{"line":42,"column":9},"end":{"line":46,"column":3}}]},"2":{"loc":{"start":{"line":42,"column":9},"end":{"line":46,"column":3}},"type":"if","locations":[{"start":{"line":42,"column":9},"end":{"line":46,"column":3}},{"start":{"line":44,"column":9},"end":{"line":46,"column":3}}]},"3":{"loc":{"start":{"line":44,"column":9},"end":{"line":46,"column":3}},"type":"if","locations":[{"start":{"line":44,"column":9},"end":{"line":46,"column":3}}]},"4":{"loc":{"start":{"line":63,"column":2},"end":{"line":65,"column":3}},"type":"if","locations":[{"start":{"line":63,"column":2},"end":{"line":65,"column":3}}]},"5":{"loc":{"start":{"line":67,"column":2},"end":{"line":69,"column":3}},"type":"if","locations":[{"start":{"line":67,"column":2},"end":{"line":69,"column":3}}]},"6":{"loc":{"start":{"line":71,"column":2},"end":{"line":73,"column":3}},"type":"if","locations":[{"start":{"line":71,"column":2},"end":{"line":73,"column":3}}]},"7":{"loc":{"start":{"line":75,"column":2},"end":{"line":77,"column":3}},"type":"if","locations":[{"start":{"line":75,"column":2},"end":{"line":77,"column":3}}]},"8":{"loc":{"start":{"line":93,"column":2},"end":{"line":95,"column":3}},"type":"if","locations":[{"start":{"line":93,"column":2},"end":{"line":95,"column":3}}]},"9":{"loc":{"start":{"line":97,"column":2},"end":{"line":99,"column":3}},"type":"if","locations":[{"start":{"line":97,"column":2},"end":{"line":99,"column":3}}]},"10":{"loc":{"start":{"line":101,"column":2},"end":{"line":103,"column":3}},"type":"if","locations":[{"start":{"line":101,"column":2},"end":{"line":103,"column":3}}]},"11":{"loc":{"start":{"line":105,"column":2},"end":{"line":107,"column":3}},"type":"if","locations":[{"start":{"line":105,"column":2},"end":{"line":107,"column":3}}]},"12":{"loc":{"start":{"line":125,"column":2},"end":{"line":129,"column":3}},"type":"if","locations":[{"start":{"line":125,"column":2},"end":{"line":129,"column":3}}]},"13":{"loc":{"start":{"line":131,"column":2},"end":{"line":133,"column":3}},"type":"if","locations":[{"start":{"line":131,"column":2},"end":{"line":133,"column":3}}]},"14":{"loc":{"start":{"line":131,"column":6},"end":{"line":131,"column":63}},"type":"binary-expr","locations":[{"start":{"line":131,"column":6},"end":{"line":131,"column":28}},{"start":{"line":131,"column":32},"end":{"line":131,"column":63}}]},"15":{"loc":{"start":{"line":149,"column":2},"end":{"line":151,"column":3}},"type":"if","locations":[{"start":{"line":149,"column":2},"end":{"line":151,"column":3}}]},"16":{"loc":{"start":{"line":153,"column":2},"end":{"line":155,"column":3}},"type":"if","locations":[{"start":{"line":153,"column":2},"end":{"line":155,"column":3}}]},"17":{"loc":{"start":{"line":157,"column":2},"end":{"line":159,"column":3}},"type":"if","locations":[{"start":{"line":157,"column":2},"end":{"line":159,"column":3}}]},"18":{"loc":{"start":{"line":161,"column":2},"end":{"line":163,"column":3}},"type":"if","locations":[{"start":{"line":161,"column":2},"end":{"line":163,"column":3}}]},"19":{"loc":{"start":{"line":175,"column":2},"end":{"line":178,"column":3}},"type":"if","locations":[{"start":{"line":175,"column":2},"end":{"line":178,"column":3}}]},"20":{"loc":{"start":{"line":180,"column":15},"end":{"line":180,"column":84}},"type":"cond-expr","locations":[{"start":{"line":180,"column":48},"end":{"line":180,"column":66}},{"start":{"line":180,"column":69},"end":{"line":180,"column":84}}]},"21":{"loc":{"start":{"line":182,"column":2},"end":{"line":199,"column":3}},"type":"switch","locations":[{"start":{"line":183,"column":4},"end":{"line":184,"column":51}},{"start":{"line":186,"column":4},"end":{"line":186,"column":18}},{"start":{"line":187,"column":4},"end":{"line":188,"column":51}},{"start":{"line":190,"column":4},"end":{"line":191,"column":50}},{"start":{"line":193,"column":4},"end":{"line":194,"column":51}},{"start":{"line":196,"column":4},"end":{"line":198,"column":51}}]},"22":{"loc":{"start":{"line":209,"column":2},"end":{"line":211,"column":3}},"type":"if","locations":[{"start":{"line":209,"column":2},"end":{"line":211,"column":3}}]},"23":{"loc":{"start":{"line":213,"column":2},"end":{"line":215,"column":3}},"type":"if","locations":[{"start":{"line":213,"column":2},"end":{"line":215,"column":3}}]},"24":{"loc":{"start":{"line":217,"column":2},"end":{"line":219,"column":3}},"type":"if","locations":[{"start":{"line":217,"column":2},"end":{"line":219,"column":3}}]},"25":{"loc":{"start":{"line":221,"column":2},"end":{"line":235,"column":3}},"type":"if","locations":[{"start":{"line":221,"column":2},"end":{"line":235,"column":3}}]},"26":{"loc":{"start":{"line":223,"column":4},"end":{"line":234,"column":5}},"type":"switch","locations":[{"start":{"line":224,"column":6},"end":{"line":226,"column":14}},{"start":{"line":227,"column":6},"end":{"line":227,"column":17}},{"start":{"line":228,"column":6},"end":{"line":230,"column":14}},{"start":{"line":231,"column":6},"end":{"line":233,"column":14}}]},"27":{"loc":{"start":{"line":247,"column":2},"end":{"line":249,"column":3}},"type":"if","locations":[{"start":{"line":247,"column":2},"end":{"line":249,"column":3}}]},"28":{"loc":{"start":{"line":251,"column":2},"end":{"line":253,"column":3}},"type":"if","locations":[{"start":{"line":251,"column":2},"end":{"line":253,"column":3}}]},"29":{"loc":{"start":{"line":255,"column":2},"end":{"line":257,"column":3}},"type":"if","locations":[{"start":{"line":255,"column":2},"end":{"line":257,"column":3}}]},"30":{"loc":{"start":{"line":259,"column":2},"end":{"line":261,"column":3}},"type":"if","locations":[{"start":{"line":259,"column":2},"end":{"line":261,"column":3}}]},"31":{"loc":{"start":{"line":273,"column":21},"end":{"line":275,"column":43}},"type":"cond-expr","locations":[{"start":{"line":274,"column":6},"end":{"line":274,"column":38}},{"start":{"line":275,"column":6},"end":{"line":275,"column":43}}]},"32":{"loc":{"start":{"line":279,"column":2},"end":{"line":281,"column":3}},"type":"if","locations":[{"start":{"line":279,"column":2},"end":{"line":281,"column":3}}]},"33":{"loc":{"start":{"line":283,"column":2},"end":{"line":285,"column":3}},"type":"if","locations":[{"start":{"line":283,"column":2},"end":{"line":285,"column":3}}]},"34":{"loc":{"start":{"line":287,"column":2},"end":{"line":289,"column":3}},"type":"if","locations":[{"start":{"line":287,"column":2},"end":{"line":289,"column":3}}]},"35":{"loc":{"start":{"line":302,"column":2},"end":{"line":306,"column":3}},"type":"if","locations":[{"start":{"line":302,"column":2},"end":{"line":306,"column":3}}]},"36":{"loc":{"start":{"line":311,"column":19},"end":{"line":311,"column":44}},"type":"binary-expr","locations":[{"start":{"line":311,"column":19},"end":{"line":311,"column":38}},{"start":{"line":311,"column":42},"end":{"line":311,"column":44}}]},"37":{"loc":{"start":{"line":314,"column":2},"end":{"line":316,"column":3}},"type":"if","locations":[{"start":{"line":314,"column":2},"end":{"line":316,"column":3}}]}},"s":{"0":0,"1":0,"2":0,"3":0,"4":0,"5":0,"6":0,"7":0,"8":0,"9":0,"10":0,"11":0,"12":0,"13":0,"14":0,"15":0,"16":0,"17":0,"18":0,"19":0,"20":0,"21":0,"22":0,"23":0,"24":0,"25":0,"26":0,"27":0,"28":0,"29":0,"30":0,"31":0,"32":0,"33":0,"34":0,"35":0,"36":0,"37":0,"38":0,"39":0,"40":0,"41":0,"42":0,"43":0,"44":0,"45":0,"46":0,"47":0,"48":0,"49":0,"50":0,"51":0,"52":0,"53":0,"54":0,"55":0,"56":0,"57":0,"58":0,"59":0,"60":0,"61":0,"62":0,"63":0,"64":0,"65":0,"66":0,"67":0,"68":0,"69":0,"70":0,"71":0,"72":0,"73":0,"74":0,"75":0,"76":0,"77":0,"78":0,"79":0,"80":0,"81":0,"82":0,"83":0,"84":0,"85":0,"86":0,"87":0,"88":0,"89":0,"90":0,"91":0,"92":0,"93":0,"94":0,"95":0,"96":0,"97":0,"98":0,"99":0,"100":0,"101":0,"102":0,"103":0,"104":0,"105":0,"106":0,"107":0,"108":0,"109":0,"110":0,"111":0,"112":0,"113":0,"114":0,"115":0,"116":0,"117":0,"118":0,"119":0,"120":0,"121":0,"122":0,"123":0,"124":0,"125":0},"f":{"0":0,"1":0,"2":0,"3":0,"4":0,"5":0,"6":0,"7":0,"8":0,"9":0,"10":0,"11":0,"12":0,"13":0,"14":0,"15":0},"b":{"0":[0,0],"1":[0,0],"2":[0,0],"3":[0],"4":[0],"5":[0],"6":[0],"7":[0],"8":[0],"9":[0],"10":[0],"11":[0],"12":[0],"13":[0],"14":[0,0],"15":[0],"16":[0],"17":[0],"18":[0],"19":[0],"20":[0,0],"21":[0,0,0,0,0,0],"22":[0],"23":[0],"24":[0],"25":[0],"26":[0,0,0,0],"27":[0],"28":[0],"29":[0],"30":[0],"31":[0,0],"32":[0],"33":[0],"34":[0],"35":[0],"36":[0,0],"37":[0]}}
,"/Users/twnguy/Documents/Github perso/ts-smart-schema/src/types/array.ts": {"path":"/Users/twnguy/Documents/Github perso/ts-smart-schema/src/types/array.ts","statementMap":{"0":{"start":{"line":207,"column":0},"end":{"line":207,"column":16}},"1":{"start":{"line":1,"column":0},"end":{"line":1,"column":59}},"2":{"start":{"line":2,"column":0},"end":{"line":2,"column":49}},"3":{"start":{"line":3,"column":0},"end":{"line":3,"column":66}},"4":{"start":{"line":15,"column":4},"end":{"line":15,"column":12}},"5":{"start":{"line":12,"column":19},"end":{"line":12,"column":49}},"6":{"start":{"line":16,"column":4},"end":{"line":16,"column":34}},"7":{"start":{"line":17,"column":4},"end":{"line":17,"column":38}},"8":{"start":{"line":18,"column":4},"end":{"line":18,"column":38}},"9":{"start":{"line":19,"column":4},"end":{"line":19,"column":53}},"10":{"start":{"line":26,"column":4},"end":{"line":29,"column":7}},"11":{"start":{"line":36,"column":4},"end":{"line":39,"column":7}},"12":{"start":{"line":46,"column":4},"end":{"line":49,"column":7}},"13":{"start":{"line":61,"column":30},"end":{"line":61,"column":78}},"14":{"start":{"line":65,"column":4},"end":{"line":65,"column":118}},"15":{"start":{"line":72,"column":4},"end":{"line":72,"column":76}},"16":{"start":{"line":79,"column":4},"end":{"line":83,"column":6}},"17":{"start":{"line":90,"column":17},"end":{"line":90,"column":35}},"18":{"start":{"line":93,"column":4},"end":{"line":95,"column":5}},"19":{"start":{"line":94,"column":6},"end":{"line":94,"column":68}},"20":{"start":{"line":97,"column":18},"end":{"line":97,"column":22}},"21":{"start":{"line":98,"column":38},"end":{"line":98,"column":40}},"22":{"start":{"line":101,"column":4},"end":{"line":108,"column":5}},"23":{"start":{"line":102,"column":6},"end":{"line":107,"column":9}},"24":{"start":{"line":110,"column":4},"end":{"line":117,"column":5}},"25":{"start":{"line":111,"column":6},"end":{"line":116,"column":9}},"26":{"start":{"line":120,"column":4},"end":{"line":126,"column":5}},"27":{"start":{"line":121,"column":6},"end":{"line":125,"column":9}},"28":{"start":{"line":129,"column":4},"end":{"line":131,"column":5}},"29":{"start":{"line":130,"column":6},"end":{"line":130,"column":47}},"30":{"start":{"line":134,"column":24},"end":{"line":134,"column":26}},"31":{"start":{"line":136,"column":4},"end":{"line":153,"column":5}},"32":{"start":{"line":136,"column":17},"end":{"line":136,"column":18}},"33":{"start":{"line":137,"column":23},"end":{"line":137,"column":46}},"34":{"start":{"line":138,"column":25},"end":{"line":141,"column":8}},"35":{"start":{"line":143,"column":6},"end":{"line":152,"column":7}},"36":{"start":{"line":144,"column":8},"end":{"line":144,"column":41}},"37":{"start":{"line":146,"column":8},"end":{"line":146,"column":54}},"38":{"start":{"line":149,"column":8},"end":{"line":151,"column":9}},"39":{"start":{"line":150,"column":10},"end":{"line":150,"column":16}},"40":{"start":{"line":155,"column":4},"end":{"line":157,"column":5}},"41":{"start":{"line":156,"column":6},"end":{"line":156,"column":47}},"42":{"start":{"line":159,"column":4},"end":{"line":159,"column":22}},"43":{"start":{"line":8,"column":0},"end":{"line":8,"column":13}},"44":{"start":{"line":171,"column":4},"end":{"line":171,"column":12}},"45":{"start":{"line":172,"column":4},"end":{"line":172,"column":61}},"46":{"start":{"line":179,"column":4},"end":{"line":181,"column":5}},"47":{"start":{"line":180,"column":6},"end":{"line":180,"column":27}},"48":{"start":{"line":183,"column":4},"end":{"line":183,"column":51}},"49":{"start":{"line":191,"column":4},"end":{"line":191,"column":16}},"50":{"start":{"line":208,"column":2},"end":{"line":208,"column":46}}},"fnMap":{"0":{"name":"(anonymous_0)","decl":{"start":{"line":14,"column":2},"end":{"line":14,"column":14}},"loc":{"start":{"line":14,"column":69},"end":{"line":20,"column":3}}},"1":{"name":"(anonymous_1)","decl":{"start":{"line":25,"column":2},"end":{"line":25,"column":5}},"loc":{"start":{"line":25,"column":19},"end":{"line":30,"column":3}}},"2":{"name":"(anonymous_2)","decl":{"start":{"line":35,"column":2},"end":{"line":35,"column":5}},"loc":{"start":{"line":35,"column":19},"end":{"line":40,"column":3}}},"3":{"name":"(anonymous_3)","decl":{"start":{"line":45,"column":2},"end":{"line":45,"column":8}},"loc":{"start":{"line":45,"column":8},"end":{"line":50,"column":3}}},"4":{"name":"(anonymous_4)","decl":{"start":{"line":59,"column":2},"end":{"line":59,"column":9}},"loc":{"start":{"line":59,"column":9},"end":{"line":66,"column":3}}},"5":{"name":"(anonymous_5)","decl":{"start":{"line":71,"column":2},"end":{"line":71,"column":10}},"loc":{"start":{"line":71,"column":10},"end":{"line":73,"column":3}}},"6":{"name":"(anonymous_6)","decl":{"start":{"line":78,"column":10},"end":{"line":78,"column":21}},"loc":{"start":{"line":78,"column":21},"end":{"line":84,"column":3}}},"7":{"name":"(anonymous_7)","decl":{"start":{"line":89,"column":2},"end":{"line":89,"column":8}},"loc":{"start":{"line":89,"column":50},"end":{"line":160,"column":3}}},"8":{"name":"(anonymous_8)","decl":{"start":{"line":170,"column":2},"end":{"line":170,"column":14}},"loc":{"start":{"line":170,"column":69},"end":{"line":173,"column":3}}},"9":{"name":"(anonymous_9)","decl":{"start":{"line":178,"column":2},"end":{"line":178,"column":8}},"loc":{"start":{"line":178,"column":50},"end":{"line":184,"column":3}}},"10":{"name":"(anonymous_10)","decl":{"start":{"line":189,"column":2},"end":{"line":189,"column":9}},"loc":{"start":{"line":189,"column":9},"end":{"line":192,"column":3}}},"11":{"name":"array","decl":{"start":{"line":207,"column":16},"end":{"line":207,"column":21}},"loc":{"start":{"line":207,"column":80},"end":{"line":209,"column":1}}}},"branchMap":{"0":{"loc":{"start":{"line":14,"column":37},"end":{"line":14,"column":69}},"type":"default-arg","locations":[{"start":{"line":14,"column":67},"end":{"line":14,"column":69}}]},"1":{"loc":{"start":{"line":19,"column":24},"end":{"line":19,"column":52}},"type":"binary-expr","locations":[{"start":{"line":19,"column":24},"end":{"line":19,"column":43}},{"start":{"line":19,"column":47},"end":{"line":19,"column":52}}]},"2":{"loc":{"start":{"line":90,"column":17},"end":{"line":90,"column":35}},"type":"binary-expr","locations":[{"start":{"line":90,"column":17},"end":{"line":90,"column":29}},{"start":{"line":90,"column":33},"end":{"line":90,"column":35}}]},"3":{"loc":{"start":{"line":93,"column":4},"end":{"line":95,"column":5}},"type":"if","locations":[{"start":{"line":93,"column":4},"end":{"line":95,"column":5}}]},"4":{"loc":{"start":{"line":101,"column":4},"end":{"line":108,"column":5}},"type":"if","locations":[{"start":{"line":101,"column":4},"end":{"line":108,"column":5}}]},"5":{"loc":{"start":{"line":101,"column":8},"end":{"line":101,"column":69}},"type":"binary-expr","locations":[{"start":{"line":101,"column":8},"end":{"line":101,"column":36}},{"start":{"line":101,"column":40},"end":{"line":101,"column":69}}]},"6":{"loc":{"start":{"line":110,"column":4},"end":{"line":117,"column":5}},"type":"if","locations":[{"start":{"line":110,"column":4},"end":{"line":117,"column":5}}]},"7":{"loc":{"start":{"line":110,"column":8},"end":{"line":110,"column":69}},"type":"binary-expr","locations":[{"start":{"line":110,"column":8},"end":{"line":110,"column":36}},{"start":{"line":110,"column":40},"end":{"line":110,"column":69}}]},"8":{"loc":{"start":{"line":120,"column":4},"end":{"line":126,"column":5}},"type":"if","locations":[{"start":{"line":120,"column":4},"end":{"line":126,"column":5}}]},"9":{"loc":{"start":{"line":120,"column":8},"end":{"line":120,"column":65}},"type":"binary-expr","locations":[{"start":{"line":120,"column":8},"end":{"line":120,"column":25}},{"start":{"line":120,"column":29},"end":{"line":120,"column":65}}]},"10":{"loc":{"start":{"line":129,"column":4},"end":{"line":131,"column":5}},"type":"if","locations":[{"start":{"line":129,"column":4},"end":{"line":131,"column":5}}]},"11":{"loc":{"start":{"line":129,"column":8},"end":{"line":129,"column":47}},"type":"binary-expr","locations":[{"start":{"line":129,"column":8},"end":{"line":129,"column":26}},{"start":{"line":129,"column":30},"end":{"line":129,"column":47}}]},"12":{"loc":{"start":{"line":143,"column":6},"end":{"line":152,"column":7}},"type":"if","locations":[{"start":{"line":143,"column":6},"end":{"line":152,"column":7}},{"start":{"line":145,"column":13},"end":{"line":152,"column":7}}]},"13":{"loc":{"start":{"line":149,"column":8},"end":{"line":151,"column":9}},"type":"if","locations":[{"start":{"line":149,"column":8},"end":{"line":151,"column":9}}]},"14":{"loc":{"start":{"line":149,"column":12},"end":{"line":149,"column":51}},"type":"binary-expr","locations":[{"start":{"line":149,"column":12},"end":{"line":149,"column":30}},{"start":{"line":149,"column":34},"end":{"line":149,"column":51}}]},"15":{"loc":{"start":{"line":155,"column":4},"end":{"line":157,"column":5}},"type":"if","locations":[{"start":{"line":155,"column":4},"end":{"line":157,"column":5}}]},"16":{"loc":{"start":{"line":170,"column":37},"end":{"line":170,"column":69}},"type":"default-arg","locations":[{"start":{"line":170,"column":67},"end":{"line":170,"column":69}}]},"17":{"loc":{"start":{"line":179,"column":4},"end":{"line":181,"column":5}},"type":"if","locations":[{"start":{"line":179,"column":4},"end":{"line":181,"column":5}}]},"18":{"loc":{"start":{"line":179,"column":8},"end":{"line":179,"column":43}},"type":"binary-expr","locations":[{"start":{"line":179,"column":8},"end":{"line":179,"column":26}},{"start":{"line":179,"column":30},"end":{"line":179,"column":43}}]},"19":{"loc":{"start":{"line":207,"column":48},"end":{"line":207,"column":80}},"type":"default-arg","locations":[{"start":{"line":207,"column":78},"end":{"line":207,"column":80}}]}},"s":{"0":1,"1":1,"2":1,"3":1,"4":7,"5":7,"6":7,"7":7,"8":7,"9":7,"10":1,"11":1,"12":1,"13":0,"14":0,"15":0,"16":3,"17":8,"18":8,"19":0,"20":8,"21":8,"22":8,"23":1,"24":8,"25":1,"26":8,"27":1,"28":8,"29":0,"30":8,"31":8,"32":8,"33":21,"34":21,"35":21,"36":18,"37":3,"38":3,"39":0,"40":8,"41":4,"42":4,"43":1,"44":0,"45":0,"46":0,"47":0,"48":0,"49":0,"50":4},"f":{"0":7,"1":1,"2":1,"3":1,"4":0,"5":0,"6":3,"7":8,"8":0,"9":0,"10":0,"11":4},"b":{"0":[0],"1":[7,6],"2":[8,0],"3":[0],"4":[1],"5":[8,2],"6":[1],"7":[8,2],"8":[1],"9":[8,2],"10":[0],"11":[8,0],"12":[18,3],"13":[0],"14":[3,0],"15":[4],"16":[0],"17":[0],"18":[0,0],"19":[4]}}
,"/Users/twnguy/Documents/Github perso/ts-smart-schema/src/types/enum.ts": {"path":"/Users/twnguy/Documents/Github perso/ts-smart-schema/src/types/enum.ts","statementMap":{"0":{"start":{"line":48,"column":0},"end":{"line":48,"column":16}},"1":{"start":{"line":1,"column":0},"end":{"line":1,"column":59}},"2":{"start":{"line":2,"column":0},"end":{"line":2,"column":49}},"3":{"start":{"line":3,"column":0},"end":{"line":3,"column":49}},"4":{"start":{"line":10,"column":4},"end":{"line":10,"column":12}},"5":{"start":{"line":9,"column":31},"end":{"line":9,"column":40}},"6":{"start":{"line":17,"column":17},"end":{"line":17,"column":35}},"7":{"start":{"line":20,"column":4},"end":{"line":31,"column":5}},"8":{"start":{"line":21,"column":6},"end":{"line":30,"column":8}},"9":{"start":{"line":33,"column":4},"end":{"line":33,"column":33}},"10":{"start":{"line":41,"column":4},"end":{"line":41,"column":16}},"11":{"start":{"line":8,"column":0},"end":{"line":8,"column":13}},"12":{"start":{"line":51,"column":2},"end":{"line":51,"column":32}}},"fnMap":{"0":{"name":"(anonymous_0)","decl":{"start":{"line":9,"column":2},"end":{"line":9,"column":31}},"loc":{"start":{"line":9,"column":40},"end":{"line":11,"column":3}}},"1":{"name":"(anonymous_1)","decl":{"start":{"line":16,"column":2},"end":{"line":16,"column":8}},"loc":{"start":{"line":16,"column":50},"end":{"line":34,"column":3}}},"2":{"name":"(anonymous_2)","decl":{"start":{"line":40,"column":2},"end":{"line":40,"column":9}},"loc":{"start":{"line":40,"column":9},"end":{"line":42,"column":3}}},"3":{"name":"createEnum","decl":{"start":{"line":48,"column":16},"end":{"line":48,"column":26}},"loc":{"start":{"line":49,"column":11},"end":{"line":52,"column":1}}}},"branchMap":{"0":{"loc":{"start":{"line":17,"column":17},"end":{"line":17,"column":35}},"type":"binary-expr","locations":[{"start":{"line":17,"column":17},"end":{"line":17,"column":29}},{"start":{"line":17,"column":33},"end":{"line":17,"column":35}}]},"1":{"loc":{"start":{"line":20,"column":4},"end":{"line":31,"column":5}},"type":"if","locations":[{"start":{"line":20,"column":4},"end":{"line":31,"column":5}}]}},"s":{"0":1,"1":1,"2":1,"3":1,"4":1,"5":1,"6":4,"7":4,"8":1,"9":3,"10":0,"11":1,"12":1},"f":{"0":1,"1":4,"2":0,"3":1},"b":{"0":[4,0],"1":[1]}}
,"/Users/twnguy/Documents/Github perso/ts-smart-schema/src/types/number.ts": {"path":"/Users/twnguy/Documents/Github perso/ts-smart-schema/src/types/number.ts","statementMap":{"0":{"start":{"line":252,"column":0},"end":{"line":252,"column":16}},"1":{"start":{"line":1,"column":0},"end":{"line":1,"column":59}},"2":{"start":{"line":2,"column":0},"end":{"line":2,"column":49}},"3":{"start":{"line":3,"column":0},"end":{"line":3,"column":49}},"4":{"start":{"line":18,"column":4},"end":{"line":18,"column":12}},"5":{"start":{"line":11,"column":19},"end":{"line":11,"column":45}},"6":{"start":{"line":12,"column":19},"end":{"line":12,"column":46}},"7":{"start":{"line":13,"column":19},"end":{"line":13,"column":46}},"8":{"start":{"line":15,"column":19},"end":{"line":15,"column":46}},"9":{"start":{"line":19,"column":4},"end":{"line":19,"column":28}},"10":{"start":{"line":20,"column":4},"end":{"line":20,"column":28}},"11":{"start":{"line":21,"column":4},"end":{"line":21,"column":45}},"12":{"start":{"line":22,"column":4},"end":{"line":22,"column":47}},"13":{"start":{"line":23,"column":4},"end":{"line":23,"column":47}},"14":{"start":{"line":24,"column":4},"end":{"line":24,"column":42}},"15":{"start":{"line":25,"column":4},"end":{"line":25,"column":47}},"16":{"start":{"line":32,"column":4},"end":{"line":35,"column":7}},"17":{"start":{"line":42,"column":4},"end":{"line":45,"column":7}},"18":{"start":{"line":52,"column":4},"end":{"line":55,"column":7}},"19":{"start":{"line":62,"column":4},"end":{"line":66,"column":7}},"20":{"start":{"line":73,"column":4},"end":{"line":77,"column":7}},"21":{"start":{"line":84,"column":4},"end":{"line":87,"column":7}},"22":{"start":{"line":95,"column":4},"end":{"line":95,"column":42}},"23":{"start":{"line":102,"column":4},"end":{"line":110,"column":6}},"24":{"start":{"line":117,"column":17},"end":{"line":117,"column":35}},"25":{"start":{"line":120,"column":4},"end":{"line":122,"column":5}},"26":{"start":{"line":121,"column":6},"end":{"line":121,"column":69}},"27":{"start":{"line":124,"column":18},"end":{"line":124,"column":22}},"28":{"start":{"line":125,"column":19},"end":{"line":125,"column":21}},"29":{"start":{"line":128,"column":4},"end":{"line":134,"column":5}},"30":{"start":{"line":129,"column":6},"end":{"line":133,"column":9}},"31":{"start":{"line":137,"column":4},"end":{"line":144,"column":5}},"32":{"start":{"line":138,"column":6},"end":{"line":143,"column":9}},"33":{"start":{"line":147,"column":4},"end":{"line":154,"column":5}},"34":{"start":{"line":148,"column":6},"end":{"line":153,"column":9}},"35":{"start":{"line":157,"column":4},"end":{"line":164,"column":5}},"36":{"start":{"line":158,"column":6},"end":{"line":163,"column":9}},"37":{"start":{"line":167,"column":4},"end":{"line":174,"column":5}},"38":{"start":{"line":168,"column":6},"end":{"line":173,"column":9}},"39":{"start":{"line":177,"column":4},"end":{"line":191,"column":5}},"40":{"start":{"line":178,"column":24},"end":{"line":178,"column":48}},"41":{"start":{"line":180,"column":25},"end":{"line":181,"column":63}},"42":{"start":{"line":183,"column":6},"end":{"line":190,"column":7}},"43":{"start":{"line":184,"column":8},"end":{"line":189,"column":11}},"44":{"start":{"line":193,"column":4},"end":{"line":195,"column":5}},"45":{"start":{"line":194,"column":6},"end":{"line":194,"column":47}},"46":{"start":{"line":197,"column":4},"end":{"line":197,"column":21}},"47":{"start":{"line":205,"column":4},"end":{"line":205,"column":27}},"48":{"start":{"line":8,"column":0},"end":{"line":8,"column":13}},"49":{"start":{"line":214,"column":4},"end":{"line":214,"column":12}},"50":{"start":{"line":213,"column":31},"end":{"line":213,"column":55}},"51":{"start":{"line":221,"column":4},"end":{"line":223,"column":5}},"52":{"start":{"line":222,"column":6},"end":{"line":222,"column":27}},"53":{"start":{"line":225,"column":4},"end":{"line":225,"column":49}},"54":{"start":{"line":232,"column":4},"end":{"line":232,"column":16}},"55":{"start":{"line":253,"column":2},"end":{"line":253,"column":35}}},"fnMap":{"0":{"name":"(anonymous_0)","decl":{"start":{"line":17,"column":2},"end":{"line":17,"column":14}},"loc":{"start":{"line":17,"column":47},"end":{"line":26,"column":3}}},"1":{"name":"(anonymous_1)","decl":{"start":{"line":31,"column":2},"end":{"line":31,"column":5}},"loc":{"start":{"line":31,"column":19},"end":{"line":36,"column":3}}},"2":{"name":"(anonymous_2)","decl":{"start":{"line":41,"column":2},"end":{"line":41,"column":5}},"loc":{"start":{"line":41,"column":19},"end":{"line":46,"column":3}}},"3":{"name":"(anonymous_3)","decl":{"start":{"line":51,"column":2},"end":{"line":51,"column":5}},"loc":{"start":{"line":51,"column":5},"end":{"line":56,"column":3}}},"4":{"name":"(anonymous_4)","decl":{"start":{"line":61,"column":2},"end":{"line":61,"column":10}},"loc":{"start":{"line":61,"column":10},"end":{"line":67,"column":3}}},"5":{"name":"(anonymous_5)","decl":{"start":{"line":72,"column":2},"end":{"line":72,"column":10}},"loc":{"start":{"line":72,"column":10},"end":{"line":78,"column":3}}},"6":{"name":"(anonymous_6)","decl":{"start":{"line":83,"column":2},"end":{"line":83,"column":12}},"loc":{"start":{"line":83,"column":26},"end":{"line":88,"column":3}}},"7":{"name":"(anonymous_7)","decl":{"start":{"line":94,"column":2},"end":{"line":94,"column":10}},"loc":{"start":{"line":94,"column":10},"end":{"line":96,"column":3}}},"8":{"name":"(anonymous_8)","decl":{"start":{"line":101,"column":10},"end":{"line":101,"column":21}},"loc":{"start":{"line":101,"column":21},"end":{"line":111,"column":3}}},"9":{"name":"(anonymous_9)","decl":{"start":{"line":116,"column":2},"end":{"line":116,"column":8}},"loc":{"start":{"line":116,"column":50},"end":{"line":198,"column":3}}},"10":{"name":"(anonymous_10)","decl":{"start":{"line":204,"column":2},"end":{"line":204,"column":9}},"loc":{"start":{"line":204,"column":9},"end":{"line":206,"column":3}}},"11":{"name":"(anonymous_11)","decl":{"start":{"line":213,"column":2},"end":{"line":213,"column":31}},"loc":{"start":{"line":213,"column":55},"end":{"line":215,"column":3}}},"12":{"name":"(anonymous_12)","decl":{"start":{"line":220,"column":2},"end":{"line":220,"column":8}},"loc":{"start":{"line":220,"column":50},"end":{"line":226,"column":3}}},"13":{"name":"(anonymous_13)","decl":{"start":{"line":231,"column":2},"end":{"line":231,"column":9}},"loc":{"start":{"line":231,"column":9},"end":{"line":233,"column":3}}},"14":{"name":"number","decl":{"start":{"line":252,"column":16},"end":{"line":252,"column":22}},"loc":{"start":{"line":252,"column":56},"end":{"line":254,"column":1}}}},"branchMap":{"0":{"loc":{"start":{"line":17,"column":14},"end":{"line":17,"column":47}},"type":"default-arg","locations":[{"start":{"line":17,"column":45},"end":{"line":17,"column":47}}]},"1":{"loc":{"start":{"line":21,"column":20},"end":{"line":21,"column":44}},"type":"binary-expr","locations":[{"start":{"line":21,"column":20},"end":{"line":21,"column":35}},{"start":{"line":21,"column":39},"end":{"line":21,"column":44}}]},"2":{"loc":{"start":{"line":22,"column":21},"end":{"line":22,"column":46}},"type":"binary-expr","locations":[{"start":{"line":22,"column":21},"end":{"line":22,"column":37}},{"start":{"line":22,"column":41},"end":{"line":22,"column":46}}]},"3":{"loc":{"start":{"line":23,"column":21},"end":{"line":23,"column":46}},"type":"binary-expr","locations":[{"start":{"line":23,"column":21},"end":{"line":23,"column":37}},{"start":{"line":23,"column":41},"end":{"line":23,"column":46}}]},"4":{"loc":{"start":{"line":25,"column":21},"end":{"line":25,"column":46}},"type":"binary-expr","locations":[{"start":{"line":25,"column":21},"end":{"line":25,"column":37}},{"start":{"line":25,"column":41},"end":{"line":25,"column":46}}]},"5":{"loc":{"start":{"line":117,"column":17},"end":{"line":117,"column":35}},"type":"binary-expr","locations":[{"start":{"line":117,"column":17},"end":{"line":117,"column":29}},{"start":{"line":117,"column":33},"end":{"line":117,"column":35}}]},"6":{"loc":{"start":{"line":120,"column":4},"end":{"line":122,"column":5}},"type":"if","locations":[{"start":{"line":120,"column":4},"end":{"line":122,"column":5}}]},"7":{"loc":{"start":{"line":120,"column":8},"end":{"line":120,"column":54}},"type":"binary-expr","locations":[{"start":{"line":120,"column":8},"end":{"line":120,"column":32}},{"start":{"line":120,"column":36},"end":{"line":120,"column":54}}]},"8":{"loc":{"start":{"line":128,"column":4},"end":{"line":134,"column":5}},"type":"if","locations":[{"start":{"line":128,"column":4},"end":{"line":134,"column":5}}]},"9":{"loc":{"start":{"line":128,"column":8},"end":{"line":128,"column":49}},"type":"binary-expr","locations":[{"start":{"line":128,"column":8},"end":{"line":128,"column":21}},{"start":{"line":128,"column":25},"end":{"line":128,"column":49}}]},"10":{"loc":{"start":{"line":137,"column":4},"end":{"line":144,"column":5}},"type":"if","locations":[{"start":{"line":137,"column":4},"end":{"line":144,"column":5}}]},"11":{"loc":{"start":{"line":137,"column":8},"end":{"line":137,"column":36}},"type":"binary-expr","locations":[{"start":{"line":137,"column":8},"end":{"line":137,"column":22}},{"start":{"line":137,"column":26},"end":{"line":137,"column":36}}]},"12":{"loc":{"start":{"line":147,"column":4},"end":{"line":154,"column":5}},"type":"if","locations":[{"start":{"line":147,"column":4},"end":{"line":154,"column":5}}]},"13":{"loc":{"start":{"line":147,"column":8},"end":{"line":147,"column":36}},"type":"binary-expr","locations":[{"start":{"line":147,"column":8},"end":{"line":147,"column":22}},{"start":{"line":147,"column":26},"end":{"line":147,"column":36}}]},"14":{"loc":{"start":{"line":157,"column":4},"end":{"line":164,"column":5}},"type":"if","locations":[{"start":{"line":157,"column":4},"end":{"line":164,"column":5}}]},"15":{"loc":{"start":{"line":157,"column":8},"end":{"line":157,"column":52}},"type":"binary-expr","locations":[{"start":{"line":157,"column":8},"end":{"line":157,"column":31}},{"start":{"line":157,"column":35},"end":{"line":157,"column":52}}]},"16":{"loc":{"start":{"line":167,"column":4},"end":{"line":174,"column":5}},"type":"if","locations":[{"start":{"line":167,"column":4},"end":{"line":174,"column":5}}]},"17":{"loc":{"start":{"line":167,"column":8},"end":{"line":167,"column":52}},"type":"binary-expr","locations":[{"start":{"line":167,"column":8},"end":{"line":167,"column":31}},{"start":{"line":167,"column":35},"end":{"line":167,"column":52}}]},"18":{"loc":{"start":{"line":177,"column":4},"end":{"line":191,"column":5}},"type":"if","locations":[{"start":{"line":177,"column":4},"end":{"line":191,"column":5}}]},"19":{"loc":{"start":{"line":180,"column":25},"end":{"line":181,"column":63}},"type":"binary-expr","locations":[{"start":{"line":180,"column":25},"end":{"line":180,"column":61}},{"start":{"line":181,"column":8},"end":{"line":181,"column":63}}]},"20":{"loc":{"start":{"line":183,"column":6},"end":{"line":190,"column":7}},"type":"if","locations":[{"start":{"line":183,"column":6},"end":{"line":190,"column":7}}]},"21":{"loc":{"start":{"line":193,"column":4},"end":{"line":195,"column":5}},"type":"if","locations":[{"start":{"line":193,"column":4},"end":{"line":195,"column":5}}]},"22":{"loc":{"start":{"line":221,"column":4},"end":{"line":223,"column":5}},"type":"if","locations":[{"start":{"line":221,"column":4},"end":{"line":223,"column":5}}]},"23":{"loc":{"start":{"line":221,"column":8},"end":{"line":221,"column":43}},"type":"binary-expr","locations":[{"start":{"line":221,"column":8},"end":{"line":221,"column":26}},{"start":{"line":2
[...]
xpr","locations":[{"start":{"line":135,"column":17},"end":{"line":135,"column":29}},{"start":{"line":135,"column":33},"end":{"line":135,"column":35}}]},"9":{"loc":{"start":{"line":138,"column":4},"end":{"line":140,"column":5}},"type":"if","locations":[{"start":{"line":138,"column":4},"end":{"line":140,"column":5}}]},"10":{"loc":{"start":{"line":138,"column":8},"end":{"line":138,"column":72}},"type":"binary-expr","locations":[{"start":{"line":138,"column":8},"end":{"line":138,"column":32}},{"start":{"line":138,"column":36},"end":{"line":138,"column":49}},{"start":{"line":138,"column":53},"end":{"line":138,"column":72}}]},"11":{"loc":{"start":{"line":153,"column":6},"end":{"line":185,"column":7}},"type":"if","locations":[{"start":{"line":153,"column":6},"end":{"line":185,"column":7}},{"start":{"line":170,"column":13},"end":{"line":185,"column":7}}]},"12":{"loc":{"start":{"line":160,"column":8},"end":{"line":169,"column":9}},"type":"if","locations":[{"start":{"line":160,"column":8},"end":{"line":169,"column":9}},{"start":{"line":162,"column":15},"end":{"line":169,"column":9}}]},"13":{"loc":{"start":{"line":166,"column":10},"end":{"line":168,"column":11}},"type":"if","locations":[{"start":{"line":166,"column":10},"end":{"line":168,"column":11}}]},"14":{"loc":{"start":{"line":166,"column":14},"end":{"line":166,"column":53}},"type":"binary-expr","locations":[{"start":{"line":166,"column":14},"end":{"line":166,"column":32}},{"start":{"line":166,"column":36},"end":{"line":166,"column":53}}]},"15":{"loc":{"start":{"line":170,"column":13},"end":{"line":185,"column":7}},"type":"if","locations":[{"start":{"line":170,"column":13},"end":{"line":185,"column":7}},{"start":{"line":182,"column":13},"end":{"line":185,"column":7}}]},"16":{"loc":{"start":{"line":179,"column":8},"end":{"line":181,"column":9}},"type":"if","locations":[{"start":{"line":179,"column":8},"end":{"line":181,"column":9}}]},"17":{"loc":{"start":{"line":179,"column":12},"end":{"line":179,"column":51}},"type":"binary-expr","locations":[{"start":{"line":179,"column":12},"end":{"line":179,"column":30}},{"start":{"line":179,"column":34},"end":{"line":179,"column":51}}]},"18":{"loc":{"start":{"line":182,"column":13},"end":{"line":185,"column":7}},"type":"if","locations":[{"start":{"line":182,"column":13},"end":{"line":185,"column":7}}]},"19":{"loc":{"start":{"line":182,"column":17},"end":{"line":182,"column":53}},"type":"binary-expr","locations":[{"start":{"line":182,"column":17},"end":{"line":182,"column":28}},{"start":{"line":182,"column":32},"end":{"line":182,"column":53}}]},"20":{"loc":{"start":{"line":189,"column":4},"end":{"line":204,"column":5}},"type":"if","locations":[{"start":{"line":189,"column":4},"end":{"line":204,"column":5}},{"start":{"line":195,"column":11},"end":{"line":204,"column":5}}]},"21":{"loc":{"start":{"line":191,"column":8},"end":{"line":193,"column":9}},"type":"if","locations":[{"start":{"line":191,"column":8},"end":{"line":193,"column":9}}]},"22":{"loc":{"start":{"line":198,"column":8},"end":{"line":202,"column":9}},"type":"if","locations":[{"start":{"line":198,"column":8},"end":{"line":202,"column":9}}]},"23":{"loc":{"start":{"line":199,"column":10},"end":{"line":201,"column":11}},"type":"if","locations":[{"start":{"line":199,"column":10},"end":{"line":201,"column":11}}]},"24":{"loc":{"start":{"line":206,"column":4},"end":{"line":208,"column":5}},"type":"if","locations":[{"start":{"line":206,"column":4},"end":{"line":208,"column":5}}]},"25":{"loc":{"start":{"line":226,"column":4},"end":{"line":228,"column":5}},"type":"if","locations":[{"start":{"line":226,"column":4},"end":{"line":228,"column":5}}]},"26":{"loc":{"start":{"line":226,"column":8},"end":{"line":226,"column":43}},"type":"binary-expr","locations":[{"start":{"line":226,"column":8},"end":{"line":226,"column":26}},{"start":{"line":226,"column":30},"end":{"line":226,"column":43}}]}},"s":{"0":1,"1":1,"2":1,"3":1,"4":8,"5":8,"6":8,"7":8,"8":0,"9":0,"10":0,"11":0,"12":0,"13":0,"14":2,"15":2,"16":2,"17":2,"18":1,"19":1,"20":1,"21":1,"22":1,"23":1,"24":0,"25":0,"26":0,"27":0,"28":0,"29":1,"30":0,"31":1,"32":1,"33":1,"34":1,"35":1,"36":11,"37":11,"38":0,"39":11,"40":11,"41":11,"42":11,"43":11,"44":24,"45":24,"46":12,"47":12,"48":10,"49":2,"50":2,"51":0,"52":12,"53":2,"54":2,"55":0,"56":10,"57":0,"58":11,"59":11,"60":12,"61":0,"62":0,"63":0,"64":0,"65":0,"66":11,"67":4,"68":7,"69":1,"70":0,"71":0,"72":0,"73":0,"74":0,"75":0,"76":4},"f":{"0":8,"1":0,"2":0,"3":2,"4":1,"5":0,"6":1,"7":11,"8":0,"9":0,"10":0,"11":4},"b":{"0":[8,0],"1":[8,0],"2":[8,4],"3":[0,0],"4":[0,1],"5":[0,0],"6":[0],"7":[0,1],"8":[11,0],"9":[0],"10":[11,11,11],"11":[12,12],"12":[10,2],"13":[0],"14":[2,0],"15":[2,10],"16":[0],"17":[2,0],"18":[0],"19":[10,10],"20":[11,0],"21":[0],"22":[0],"23":[0],"24":[4],"25":[0],"26":[0,0]}}
,"/Users/twnguy/Documents/Github perso/ts-smart-schema/src/types/string.ts": {"path":"/Users/twnguy/Documents/Github perso/ts-smart-schema/src/types/string.ts","statementMap":{"0":{"start":{"line":289,"column":0},"end":{"line":289,"column":16}},"1":{"start":{"line":1,"column":0},"end":{"line":1,"column":59}},"2":{"start":{"line":2,"column":0},"end":{"line":2,"column":49}},"3":{"start":{"line":3,"column":0},"end":{"line":3,"column":66}},"4":{"start":{"line":17,"column":4},"end":{"line":17,"column":12}},"5":{"start":{"line":13,"column":19},"end":{"line":13,"column":42}},"6":{"start":{"line":14,"column":19},"end":{"line":14,"column":46}},"7":{"start":{"line":18,"column":4},"end":{"line":18,"column":40}},"8":{"start":{"line":19,"column":4},"end":{"line":19,"column":40}},"9":{"start":{"line":20,"column":4},"end":{"line":20,"column":36}},"10":{"start":{"line":21,"column":4},"end":{"line":21,"column":34}},"11":{"start":{"line":22,"column":4},"end":{"line":22,"column":39}},"12":{"start":{"line":23,"column":4},"end":{"line":23,"column":47}},"13":{"start":{"line":30,"column":4},"end":{"line":33,"column":7}},"14":{"start":{"line":40,"column":4},"end":{"line":43,"column":7}},"15":{"start":{"line":50,"column":4},"end":{"line":53,"column":7}},"16":{"start":{"line":60,"column":4},"end":{"line":63,"column":7}},"17":{"start":{"line":70,"column":4},"end":{"line":73,"column":7}},"18":{"start":{"line":80,"column":4},"end":{"line":83,"column":7}},"19":{"start":{"line":90,"column":4},"end":{"line":93,"column":7}},"20":{"start":{"line":100,"column":4},"end":{"line":100,"column":42}},"21":{"start":{"line":107,"column":4},"end":{"line":114,"column":6}},"22":{"start":{"line":121,"column":17},"end":{"line":121,"column":35}},"23":{"start":{"line":124,"column":4},"end":{"line":126,"column":5}},"24":{"start":{"line":125,"column":6},"end":{"line":125,"column":69}},"25":{"start":{"line":129,"column":16},"end":{"line":129,"column":20}},"26":{"start":{"line":130,"column":4},"end":{"line":132,"column":5}},"27":{"start":{"line":131,"column":6},"end":{"line":131,"column":27}},"28":{"start":{"line":134,"column":19},"end":{"line":134,"column":21}},"29":{"start":{"line":137,"column":4},"end":{"line":144,"column":5}},"30":{"start":{"line":138,"column":6},"end":{"line":143,"column":9}},"31":{"start":{"line":147,"column":4},"end":{"line":154,"column":5}},"32":{"start":{"line":148,"column":6},"end":{"line":153,"column":9}},"33":{"start":{"line":157,"column":4},"end":{"line":164,"column":5}},"34":{"start":{"line":158,"column":6},"end":{"line":163,"column":9}},"35":{"start":{"line":167,"column":4},"end":{"line":172,"column":5}},"36":{"start":{"line":168,"column":26},"end":{"line":168,"column":73}},"37":{"start":{"line":169,"column":6},"end":{"line":171,"column":7}},"38":{"start":{"line":170,"column":8},"end":{"line":170,"column":33}},"39":{"start":{"line":174,"column":4},"end":{"line":176,"column":5}},"40":{"start":{"line":175,"column":6},"end":{"line":175,"column":47}},"41":{"start":{"line":178,"column":4},"end":{"line":178,"column":21}},"42":{"start":{"line":185,"column":4},"end":{"line":227,"column":5}},"43":{"start":{"line":188,"column":8},"end":{"line":194,"column":9}},"44":{"start":{"line":189,"column":10},"end":{"line":193,"column":12}},"45":{"start":{"line":195,"column":8},"end":{"line":195,"column":14}},"46":{"start":{"line":198,"column":8},"end":{"line":206,"column":9}},"47":{"start":{"line":199,"column":10},"end":{"line":199,"column":25}},"48":{"start":{"line":201,"column":10},"end":{"line":205,"column":12}},"49":{"start":{"line":207,"column":8},"end":{"line":207,"column":14}},"50":{"start":{"line":211,"column":8},"end":{"line":217,"column":9}},"51":{"start":{"line":212,"column":10},"end":{"line":216,"column":12}},"52":{"start":{"line":218,"column":8},"end":{"line":218,"column":14}},"53":{"start":{"line":222,"column":8},"end":{"line":226,"column":10}},"54":{"start":{"line":229,"column":4},"end":{"line":229,"column":16}},"55":{"start":{"line":237,"column":4},"end":{"line":237,"column":27}},"56":{"start":{"line":8,"column":0},"end":{"line":8,"column":13}},"57":{"start":{"line":247,"column":4},"end":{"line":247,"column":12}},"58":{"start":{"line":246,"column":31},"end":{"line":246,"column":55}},"59":{"start":{"line":254,"column":4},"end":{"line":256,"column":5}},"60":{"start":{"line":255,"column":6},"end":{"line":255,"column":27}},"61":{"start":{"line":258,"column":4},"end":{"line":258,"column":49}},"62":{"start":{"line":265,"column":4},"end":{"line":265,"column":16}},"63":{"start":{"line":290,"column":2},"end":{"line":290,"column":35}}},"fnMap":{"0":{"name":"(anonymous_0)","decl":{"start":{"line":16,"column":2},"end":{"line":16,"column":14}},"loc":{"start":{"line":16,"column":47},"end":{"line":24,"column":3}}},"1":{"name":"(anonymous_1)","decl":{"start":{"line":29,"column":2},"end":{"line":29,"column":5}},"loc":{"start":{"line":29,"column":20},"end":{"line":34,"column":3}}},"2":{"name":"(anonymous_2)","decl":{"start":{"line":39,"column":2},"end":{"line":39,"column":5}},"loc":{"start":{"line":39,"column":20},"end":{"line":44,"column":3}}},"3":{"name":"(anonymous_3)","decl":{"start":{"line":49,"column":2},"end":{"line":49,"column":7}},"loc":{"start":{"line":49,"column":23},"end":{"line":54,"column":3}}},"4":{"name":"(anonymous_4)","decl":{"start":{"line":59,"column":2},"end":{"line":59,"column":6}},"loc":{"start":{"line":59,"column":6},"end":{"line":64,"column":3}}},"5":{"name":"(anonymous_5)","decl":{"start":{"line":69,"column":2},"end":{"line":69,"column":7}},"loc":{"start":{"line":69,"column":7},"end":{"line":74,"column":3}}},"6":{"name":"(anonymous_6)","decl":{"start":{"line":79,"column":2},"end":{"line":79,"column":5}},"loc":{"start":{"line":79,"column":5},"end":{"line":84,"column":3}}},"7":{"name":"(anonymous_7)","decl":{"start":{"line":89,"column":2},"end":{"line":89,"column":6}},"loc":{"start":{"line":89,"column":6},"end":{"line":94,"column":3}}},"8":{"name":"(anonymous_8)","decl":{"start":{"line":99,"column":2},"end":{"line":99,"column":10}},"loc":{"start":{"line":99,"column":10},"end":{"line":101,"column":3}}},"9":{"name":"(anonymous_9)","decl":{"start":{"line":106,"column":10},"end":{"line":106,"column":21}},"loc":{"start":{"line":106,"column":21},"end":{"line":115,"column":3}}},"10":{"name":"(anonymous_10)","decl":{"start":{"line":120,"column":2},"end":{"line":120,"column":8}},"loc":{"start":{"line":120,"column":50},"end":{"line":179,"column":3}}},"11":{"name":"(anonymous_11)","decl":{"start":{"line":184,"column":10},"end":{"line":184,"column":25}},"loc":{"start":{"line":184,"column":77},"end":{"line":230,"column":3}}},"12":{"name":"(anonymous_12)","decl":{"start":{"line":236,"column":2},"end":{"line":236,"column":9}},"loc":{"start":{"line":236,"column":9},"end":{"line":238,"column":3}}},"13":{"name":"(anonymous_13)","decl":{"start":{"line":246,"column":2},"end":{"line":246,"column":31}},"loc":{"start":{"line":246,"column":55},"end":{"line":248,"column":3}}},"14":{"name":"(anonymous_14)","decl":{"start":{"line":253,"column":2},"end":{"line":253,"column":8}},"loc":{"start":{"line":253,"column":50},"end":{"line":259,"column":3}}},"15":{"name":"(anonymous_15)","decl":{"start":{"line":264,"column":2},"end":{"line":264,"column":9}},"loc":{"start":{"line":264,"column":9},"end":{"line":266,"column":3}}},"16":{"name":"string","decl":{"start":{"line":289,"column":16},"end":{"line":289,"column":22}},"loc":{"start":{"line":289,"column":56},"end":{"line":291,"column":1}}}},"branchMap":{"0":{"loc":{"start":{"line":16,"column":14},"end":{"line":16,"column":47}},"type":"default-arg","locations":[{"start":{"line":16,"column":45},"end":{"line":16,"column":47}}]},"1":{"loc":{"start":{"line":22,"column":17},"end":{"line":22,"column":38}},"type":"binary-expr","locations":[{"start":{"line":22,"column":17},"end":{"line":22,"column":29}},{"start":{"line":22,"column":33},"end":{"line":22,"column":38}}]},"2":{"loc":{"start":{"line":23,"column":21},"end":{"line":23,"column":46}},"type":"binary-expr","locations":[{"start":{"line":23,"column":21},"end":{"line":23,"column":37}},{"start":{"line":23,"column":41},"end":{"line":23,"column":46}}]},"3":{"loc":{"start":{"line":121,"column":17},"end":{"line":121,"column":35}},"type":"binary-expr","locations":[{"start":{"line":121,"column":17},"end":{"line":121,"column":29}},{"start":{"line":121,"column":33},"end":{"line":121,"column":35}}]},"4":{"loc":{"start":{"line":124,"column":4},"end":{"line":126,"column":5}},"type":"if","locations":[{"start":{"line":124,"column":4},"end":{"line":126,"column":5}}]},"5":{"loc":{"start":{"line":130,"column":4},"end":{"line":132,"column":5}},"type":"if","locations":[{"start":{"line":130,"column":4},"end":{"line":132,"column":5}}]},"6":{"loc":{"start":{"line":137,"column":4},"end":{"line":144,"column":5}},"type":"if","locations":[{"start":{"line":137,"column":4},"end":{"line":144,"column":5}}]},"7":{"loc":{"start":{"line":137,"column":8},"end":{"line":137,"column":71}},"type":"binary-expr","locations":[{"start":{"line":137,"column":8},"end":{"line":137,"column":37}},{"start":{"line":137,"column":41},"end":{"line":137,"column":71}}]},"8":{"loc":{"start":{"line":147,"column":4},"end":{"line":154,"column":5}},"type":"if","locations":[{"start":{"line":147,"column":4},"end":{"line":154,"column":5}}]},"9":{"loc":{"start":{"line":147,"column":8},"end":{"line":147,"column":71}},"type":"binary-expr","locations":[{"start":{"line":147,"column":8},"end":{"line":147,"column":37}},{"start":{"line":147,"column":41},"end":{"line":147,"column":71}}]},"10":{"loc":{"start":{"line":157,"column":4},"end":{"line":164,"column":5}},"type":"if","locations":[{"start":{"line":157,"column":4},"end":{"line":164,"column":5}}]},"11":{"loc":{"start":{"line":157,"column":8},"end":{"line":157,"column":65}},"type":"binary-expr","locations":[{"start":{"line":157,"column":8},"end":{"line":157,"column":35}},{"start":{"line":157,"column":39},"end":{"line":157,"column":65}}]},"12":{"loc":{"start":{"line":167,"column":4},"end":{"line":172,"column":5}},"type":"if","locations":[{"start":{"line":167,"column":4},"end":{"line":172,"column":5}}]},"13":{"loc":{"start":{"line":169,"column":6},"end":{"line":171,"column":7}},"type":"if","locations":[{"start":{"line":169,"column":6},"end":{"line":171,"column":7}}]},"14":{"loc":{"start":{"line":174,"column":4},"end":{"line":176,"column":5}},"type":"if","locations":[{"start":{"line":174,"column":4},"end":{"line":176,"column":5}}]},"15":{"loc":{"start":{"line":185,"column":4},"end":{"line":227,"column":5}},"type":"switch","locations":[{"start":{"line":186,"column":6},"end":{"line":195,"column":14}},{"start":{"line":197,"column":6},"end":{"line":207,"column":14}},{"start":{"line":209,"column":6},"end":{"line":218,"column":14}},{"start":{"line":220,"column":6},"end":{"line":226,"column":10}}]},"16":{"loc":{"start":{"line":188,"column":8},"end":{"line":194,"column":9}},"type":"if","locations":[{"start":{"line":188,"column":8},"end":{"line":194,"column":9}}]},"17":{"loc":{"start":{"line":211,"column":8},"end":{"line":217,"column":9}},"type":"if","locations":[{"start":{"line":211,"column":8},"end":{"line":217,"column":9}}]},"18":{"loc":{"start":{"line":254,"column":4},"end":{"line":256,"column":5}},"type":"if","locations":[{"start":{"line":254,"column":4},"end":{"line":256,"column":5}}]},"19":{"loc":{"start":{"line":254,"column":8},"end":{"line":254,"column":43}},"type":"binary-expr","locations":[{"start":{"line":254,"column":8},"end":{"line":254,"column":26}},{"start":{"line":254,"column":30},"end":{"line":254,"column":43}}]},"20":{"loc":{"start":{"line":289,"column":23},"end":{"line":289,"column":56}},"type":"default-arg","locations":[{"start":{"line":289,"column":54},"end":{"line":289,"column":56}}]}},"s":{"0":1,"1":1,"2":1,"3":1,"4":20,"5":20,"6":20,"7":20,"8":20,"9":20,"10":20,"11":20,"12":20,"13":1,"14":1,"15":1,"16":1,"17":1,"18":0,"19":0,"20":0,"21":5,"22":39,"23":39,"24":4,"25":35,"26":35,"27":1,"28":35,"29":35,"30":1,"31":35,"32":1,"33":35,"34":1,"35":35,"36":2,"37":2,"38":1,"39":35,"40":4,"41":31,"42":2,"43":2,"44":1,"45":1,"46":0,"47":0,"48":0,"49":0,"50":0,"51":0,"52":0,"53":0,"54":1,"55":0,"56":1,"57":0,"58":0,"59":0,"60":0,"61":0,"62":0,"63":15},"f":{"0":20,"1":1,"2":1,"3":1,"4":1,"5":1,"6":0,"7":0,"8":0,"9":5,"10":39,"11":2,"12":0,"13":0,"14":0,"15":0,"16":15},"b":{"0":[0],"1":[20,19],"2":[20,20],"3":[39,0],"4":[4],"5":[1],"6":[1],"7":[35,2],"8":[1],"9":[35,2],"10":[1],"11":[35,2],"12":[2],"13":[1],"14":[4],"15":[2,0,0,0],"16":[1],"17":[0],"18":[0],"19":[0,0],"20":[15]}}
,"/Users/twnguy/Documents/Github perso/ts-smart-schema/src/utils/clone.ts": {"path":"/Users/twnguy/Documents/Github perso/ts-smart-schema/src/utils/clone.ts","statementMap":{"0":{"start":{"line":4,"column":0},"end":{"line":4,"column":16}},"1":{"start":{"line":6,"column":2},"end":{"line":8,"column":3}},"2":{"start":{"line":7,"column":4},"end":{"line":7,"column":17}},"3":{"start":{"line":11,"column":2},"end":{"line":13,"column":3}},"4":{"start":{"line":12,"column":4},"end":{"line":12,"column":53}},"5":{"start":{"line":16,"column":2},"end":{"line":18,"column":3}},"6":{"start":{"line":17,"column":4},"end":{"line":17,"column":62}},"7":{"start":{"line":17,"column":29},"end":{"line":17,"column":44}},"8":{"start":{"line":21,"column":2},"end":{"line":29,"column":3}},"9":{"start":{"line":22,"column":40},"end":{"line":22,"column":42}},"10":{"start":{"line":24,"column":4},"end":{"line":26,"column":5}},"11":{"start":{"line":25,"column":6},"end":{"line":25,"column":67}},"12":{"start":{"line":28,"column":4},"end":{"line":28,"column":23}},"13":{"start":{"line":32,"column":2},"end":{"line":37,"column":3}},"14":{"start":{"line":33,"column":4},"end":{"line":33,"column":45}},"15":{"start":{"line":36,"column":4},"end":{"line":36,"column":24}}},"fnMap":{"0":{"name":"deepClone","decl":{"start":{"line":4,"column":16},"end":{"line":4,"column":25}},"loc":{"start":{"line":4,"column":37},"end":{"line":38,"column":1}}},"1":{"name":"(anonymous_1)","decl":{"start":{"line":17,"column":21},"end":{"line":17,"column":25}},"loc":{"start":{"line":17,"column":29},"end":{"line":17,"column":44}}}},"branchMap":{"0":{"loc":{"start":{"line":6,"column":2},"end":{"line":8,"column":3}},"type":"if","locations":[{"start":{"line":6,"column":2},"end":{"line":8,"column":3}}]},"1":{"loc":{"start":{"line":6,"column":6},"end":{"line":6,"column":49}},"type":"binary-expr","locations":[{"start":{"line":6,"column":6},"end":{"line":6,"column":20}},{"start":{"line":6,"column":24},"end":{"line":6,"column":49}}]},"2":{"loc":{"start":{"line":11,"column":2},"end":{"line":13,"column":3}},"type":"if","locations":[{"start":{"line":11,"column":2},"end":{"line":13,"column":3}}]},"3":{"loc":{"start":{"line":16,"column":2},"end":{"line":18,"column":3}},"type":"if","locations":[{"start":{"line":16,"column":2},"end":{"line":18,"column":3}}]},"4":{"loc":{"start":{"line":21,"column":2},"end":{"line":29,"column":3}},"type":"if","locations":[{"start":{"line":21,"column":2},"end":{"line":29,"column":3}}]}},"s":{"0":1,"1":0,"2":0,"3":0,"4":0,"5":0,"6":0,"7":0,"8":0,"9":0,"10":0,"11":0,"12":0,"13":0,"14":0,"15":0},"f":{"0":0,"1":0},"b":{"0":[0],"1":[0,0],"2":[0],"3":[0],"4":[0]}}
}
