TN:
SF:src/index.ts
FN:64,(anonymous_0)
FN:65,(anonymous_1)
FN:67,(anonymous_2)
FN:37,(anonymous_3)
FN:47,(anonymous_4)
FN:51,(anonymous_5)
FN:55,(anonymous_6)
FNF:7
FNH:0
FNDA:0,(anonymous_0)
FNDA:0,(anonymous_1)
FNDA:0,(anonymous_2)
FNDA:0,(anonymous_3)
FNDA:0,(anonymous_4)
FNDA:0,(anonymous_5)
FNDA:0,(anonymous_6)
DA:2,1
DA:3,1
DA:4,1
DA:5,1
DA:6,1
DA:9,1
DA:10,1
DA:11,1
DA:12,1
DA:13,1
DA:16,1
DA:38,0
DA:43,1
DA:47,0
DA:48,0
DA:52,0
DA:58,0
DA:63,1
DA:64,1
DA:65,1
DA:67,1
LF:21
LH:16
BRF:0
BRH:0
end_of_record
TN:
SF:src/core/bimap.ts
FN:38,(anonymous_0)
FN:47,(anonymous_1)
FN:62,(anonymous_2)
FN:76,(anonymous_3)
FN:89,(anonymous_4)
FN:103,biMap
FNF:6
FNH:0
FNDA:0,(anonymous_0)
FNDA:0,(anonymous_1)
FNDA:0,(anonymous_2)
FNDA:0,(anonymous_3)
FNDA:0,(anonymous_4)
FNDA:0,biMap
DA:37,1
DA:39,0
DA:40,0
DA:41,0
DA:48,0
DA:51,0
DA:52,0
DA:53,0
DA:56,0
DA:63,0
DA:65,0
DA:66,0
DA:67,0
DA:70,0
DA:77,0
DA:79,0
DA:80,0
DA:83,0
DA:90,0
DA:92,0
DA:93,0
DA:96,0
DA:103,1
DA:108,0
LF:24
LH:2
BRDA:79,0,0,0
BRDA:92,1,0,0
BRF:2
BRH:0
end_of_record
TN:
SF:src/core/errors.ts
FN:19,(anonymous_0)
FN:32,(anonymous_1)
FN:44,(anonymous_2)
FN:57,(anonymous_3)
FN:60,(anonymous_4)
FN:81,(anonymous_5)
FN:97,(anonymous_6)
FNF:7
FNH:4
FNDA:27,(anonymous_0)
FNDA:27,(anonymous_1)
FNDA:3,(anonymous_2)
FNDA:0,(anonymous_3)
FNDA:0,(anonymous_4)
FNDA:0,(anonymous_5)
FNDA:7,(anonymous_6)
DA:14,1
DA:19,27
DA:20,27
DA:21,27
DA:24,27
DA:25,27
DA:33,27
DA:34,0
DA:37,27
DA:38,26
DA:39,26
DA:40,26
DA:43,1
DA:45,3
DA:46,3
DA:50,1
DA:58,0
DA:60,0
DA:62,0
DA:63,0
DA:66,0
DA:67,0
DA:68,0
DA:72,0
DA:82,0
DA:102,7
DA:103,7
LF:27
LH:17
BRDA:24,0,0,27
BRDA:33,1,0,0
BRDA:37,2,0,26
BRDA:39,3,0,9
BRDA:39,3,1,17
BRDA:45,4,0,3
BRDA:45,4,1,0
BRDA:58,5,0,0
BRDA:58,5,1,0
BRDA:62,6,0,0
BRDA:67,7,0,0
BRDA:81,8,0,0
BRDA:100,9,0,0
BRF:13
BRH:5
end_of_record
TN:
SF:src/core/result.ts
FN:11,(anonymous_0)
FN:16,(anonymous_1)
FN:23,(anonymous_2)
FN:30,(anonymous_3)
FN:37,(anonymous_4)
FN:44,(anonymous_5)
FN:51,(anonymous_6)
FN:58,(anonymous_7)
FN:65,(anonymous_8)
FN:72,(anonymous_9)
FN:82,(anonymous_10)
FN:87,(anonymous_11)
FN:94,(anonymous_12)
FN:101,(anonymous_13)
FN:108,(anonymous_14)
FN:115,(anonymous_15)
FN:122,(anonymous_16)
FN:129,(anonymous_17)
FN:136,(anonymous_18)
FN:143,(anonymous_19)
FN:151,ok
FN:158,err
FNF:22
FNH:16
FNDA:59,(anonymous_0)
FNDA:57,(anonymous_1)
FNDA:1,(anonymous_2)
FNDA:57,(anonymous_3)
FNDA:1,(anonymous_4)
FNDA:1,(anonymous_5)
FNDA:1,(anonymous_6)
FNDA:0,(anonymous_7)
FNDA:1,(anonymous_8)
FNDA:0,(anonymous_9)
FNDA:28,(anonymous_10)
FNDA:28,(anonymous_11)
FNDA:1,(anonymous_12)
FNDA:1,(anonymous_13)
FNDA:1,(anonymous_14)
FNDA:28,(anonymous_15)
FNDA:0,(anonymous_16)
FNDA:0,(anonymous_17)
FNDA:0,(anonymous_18)
FNDA:0,(anonymous_19)
FNDA:58,ok
FNDA:28,err
DA:9,1
DA:10,59
DA:11,59
DA:17,57
DA:24,1
DA:31,57
DA:38,1
DA:45,1
DA:52,1
DA:59,0
DA:66,1
DA:73,0
DA:80,1
DA:81,28
DA:82,28
DA:88,28
DA:95,1
DA:102,1
DA:109,1
DA:116,28
DA:123,0
DA:130,0
DA:137,0
DA:144,0
DA:151,1
DA:152,58
DA:158,1
DA:159,28
LF:28
LH:22
BRF:0
BRH:0
end_of_record
TN:
SF:src/core/schema.ts
FN:89,(anonymous_0)
FN:103,(anonymous_1)
FN:117,(anonymous_2)
FN:130,(anonymous_3)
FN:147,(anonymous_4)
FN:161,(anonymous_5)
FN:176,(anonymous_6)
FN:183,(anonymous_7)
FN:202,(anonymous_8)
FN:210,(anonymous_9)
FN:239,(anonymous_10)
FN:247,(anonymous_11)
FN:252,(anonymous_12)
FNF:13
FNH:4
FNDA:48,(anonymous_0)
FNDA:0,(anonymous_1)
FNDA:33,(anonymous_2)
FNDA:17,(anonymous_3)
FNDA:19,(anonymous_4)
FNDA:0,(anonymous_5)
FNDA:0,(anonymous_6)
FNDA:0,(anonymous_7)
FNDA:0,(anonymous_8)
FNDA:0,(anonymous_9)
FNDA:0,(anonymous_10)
FNDA:0,(anonymous_11)
FNDA:0,(anonymous_12)
DA:1,1
DA:2,1
DA:38,1
DA:85,1
DA:90,48
DA:91,48
DA:93,48
DA:94,26
DA:97,22
DA:104,0
DA:105,0
DA:107,0
DA:108,0
DA:111,0
DA:118,33
DA:119,33
DA:136,17
DA:148,19
DA:162,0
DA:163,0
DA:166,0
DA:167,0
DA:170,0
DA:177,0
DA:187,0
DA:203,0
DA:204,0
DA:205,0
DA:207,0
DA:211,0
DA:213,0
DA:214,0
DA:217,0
DA:219,0
DA:220,0
DA:224,0
DA:235,0
DA:241,0
DA:245,0
DA:249,0
DA:252,0
LF:41
LH:13
BRDA:89,0,0,48
BRDA:93,1,0,26
BRDA:103,2,0,0
BRDA:107,3,0,0
BRDA:117,4,0,0
BRDA:133,5,0,0
BRDA:213,6,0,0
BRDA:219,7,0,0
BRDA:220,8,0,0
BRDA:220,8,1,0
BRDA:251,9,0,0
BRDA:251,9,1,0
BRDA:252,10,0,0
BRDA:252,10,1,0
BRF:14
BRH:2
end_of_record
TN:
SF:src/core/versioned.ts
FN:55,(anonymous_0)
FN:65,(anonymous_1)
FN:72,(anonymous_2)
FN:78,(anonymous_3)
FN:87,(anonymous_4)
FN:94,(anonymous_5)
FN:125,(anonymous_6)
FN:144,(anonymous_7)
FN:162,(anonymous_8)
FN:180,(anonymous_9)
FN:203,(anonymous_10)
FN:218,addVersionedToSchema
FN:220,(anonymous_12)
FNF:13
FNH:1
FNDA:0,(anonymous_0)
FNDA:0,(anonymous_1)
FNDA:0,(anonymous_2)
FNDA:0,(anonymous_3)
FNDA:0,(anonymous_4)
FNDA:0,(anonymous_5)
FNDA:0,(anonymous_6)
FNDA:0,(anonymous_7)
FNDA:0,(anonymous_8)
FNDA:0,(anonymous_9)
FNDA:0,(anonymous_10)
FNDA:1,addVersionedToSchema
FNDA:0,(anonymous_12)
DA:1,1
DA:2,1
DA:36,1
DA:46,1
DA:48,0
DA:50,0
DA:56,0
DA:57,0
DA:59,0
DA:66,0
DA:78,0
DA:88,0
DA:96,0
DA:99,0
DA:102,0
DA:104,0
DA:105,0
DA:109,0
DA:112,0
DA:113,0
DA:116,0
DA:119,0
DA:126,0
DA:128,0
DA:129,0
DA:133,0
DA:136,0
DA:138,0
DA:145,0
DA:146,0
DA:149,0
DA:151,0
DA:152,0
DA:155,0
DA:156,0
DA:163,0
DA:164,0
DA:167,0
DA:169,0
DA:170,0
DA:173,0
DA:174,0
DA:182,0
DA:183,0
DA:187,0
DA:194,0
DA:197,0
DA:204,0
DA:206,0
DA:208,0
DA:209,0
DA:210,0
DA:218,1
DA:220,1
DA:222,0
DA:224,0
DA:225,0
DA:229,0
LF:58
LH:6
BRDA:55,0,0,0
BRDA:104,1,0,0
BRDA:112,2,0,0
BRDA:112,2,1,0
BRDA:128,3,0,0
BRDA:144,4,0,0
BRDA:145,5,0,0
BRDA:151,6,0,0
BRDA:162,7,0,0
BRDA:163,8,0,0
BRDA:169,9,0,0
BRDA:182,10,0,0
BRDA:206,11,0,0
BRDA:224,12,0,0
BRF:14
BRH:0
end_of_record
TN:
SF:src/plugins/json-schema.ts
FN:37,toJsonSchema
FN:55,convertStringSchema
FN:85,convertNumberSchema
FN:115,convertObjectSchema
FN:141,convertArraySchema
FN:172,fromJsonSchema
FN:198,(anonymous_6)
FN:205,convertJsonToStringSchema
FN:243,convertJsonToNumberSchema
FN:269,convertJsonToArraySchema
FN:275,(anonymous_10)
FN:297,convertJsonToObjectSchema
FN:312,(anonymous_12)
FN:322,addJsonSchemaToSchema
FN:323,(anonymous_14)
FN:329,initJsonSchemaPlugin
FNF:16
FNH:0
FNDA:0,toJsonSchema
FNDA:0,convertStringSchema
FNDA:0,convertNumberSchema
FNDA:0,convertObjectSchema
FNDA:0,convertArraySchema
FNDA:0,fromJsonSchema
FNDA:0,(anonymous_6)
FNDA:0,convertJsonToStringSchema
FNDA:0,convertJsonToNumberSchema
FNDA:0,convertJsonToArraySchema
FNDA:0,(anonymous_10)
FNDA:0,convertJsonToObjectSchema
FNDA:0,(anonymous_12)
FNDA:0,addJsonSchemaToSchema
FNDA:0,(anonymous_14)
FNDA:0,initJsonSchemaPlugin
DA:1,0
DA:2,0
DA:3,0
DA:4,0
DA:5,0
DA:37,0
DA:38,0
DA:39,0
DA:40,0
DA:41,0
DA:42,0
DA:43,0
DA:44,0
DA:45,0
DA:49,0
DA:56,0
DA:61,0
DA:63,0
DA:64,0
DA:67,0
DA:68,0
DA:71,0
DA:72,0
DA:75,0
DA:76,0
DA:79,0
DA:86,0
DA:91,0
DA:93,0
DA:94,0
DA:97,0
DA:98,0
DA:101,0
DA:102,0
DA:105,0
DA:106,0
DA:109,0
DA:116,0
DA:123,0
DA:125,0
DA:126,0
DA:127,0
DA:131,0
DA:132,0
DA:135,0
DA:142,0
DA:147,0
DA:149,0
DA:150,0
DA:153,0
DA:154,0
DA:157,0
DA:158,0
DA:161,0
DA:162,0
DA:165,0
DA:172,0
DA:173,0
DA:175,0
DA:177,0
DA:180,0
DA:182,0
DA:184,0
DA:188,0
DA:191,0
DA:194,0
DA:198,0
DA:206,0
DA:207,0
DA:209,0
DA:210,0
DA:213,0
DA:214,0
DA:217,0
DA:218,0
DA:221,0
DA:223,0
DA:225,0
DA:226,0
DA:229,0
DA:230,0
DA:232,0
DA:233,0
DA:237,0
DA:244,0
DA:245,0
DA:247,0
DA:248,0
DA:251,0
DA:252,0
DA:255,0
DA:256,0
DA:259,0
DA:260,0
DA:263,0
DA:270,0
DA:273,0
DA:275,0
DA:277,0
DA:279,0
DA:280,0
DA:283,0
DA:284,0
DA:287,0
DA:288,0
DA:291,0
DA:298,0
DA:299,0
DA:302,0
DA:303,0
DA:304,0
DA:308,0
DA:311,0
DA:312,0
DA:314,0
DA:315,0
DA:318,0
DA:322,0
DA:323,0
DA:324,0
DA:329,0
DA:331,0
DA:334,0
DA:335,0
LF:124
LH:0
BRDA:38,0,0,0
BRDA:38,0,1,0
BRDA:40,1,0,0
BRDA:40,1,1,0
BRDA:42,2,0,0
BRDA:42,2,1,0
BRDA:44,3,0,0
BRDA:63,4,0,0
BRDA:67,5,0,0
BRDA:71,6,0,0
BRDA:75,7,0,0
BRDA:93,8,0,0
BRDA:97,9,0,0
BRDA:101,10,0,0
BRDA:105,11,0,0
BRDA:125,12,0,0
BRDA:131,13,0,0
BRDA:131,14,0,0
BRDA:131,14,1,0
BRDA:149,15,0,0
BRDA:153,16,0,0
BRDA:157,17,0,0
BRDA:161,18,0,0
BRDA:175,19,0,0
BRDA:180,20,0,0
BRDA:180,20,1,0
BRDA:182,21,0,0
BRDA:182,21,1,0
BRDA:182,21,2,0
BRDA:182,21,3,0
BRDA:182,21,4,0
BRDA:182,21,5,0
BRDA:209,22,0,0
BRDA:213,23,0,0
BRDA:217,24,0,0
BRDA:221,25,0,0
BRDA:223,26,0,0
BRDA:223,26,1,0
BRDA:223,26,2,0
BRDA:223,26,3,0
BRDA:247,27,0,0
BRDA:251,28,0,0
BRDA:255,29,0,0
BRDA:259,30,0,0
BRDA:273,31,0,0
BRDA:273,31,1,0
BRDA:279,32,0,0
BRDA:283,33,0,0
BRDA:287,34,0,0
BRDA:302,35,0,0
BRDA:311,36,0,0
BRDA:311,36,1,0
BRDA:314,37,0,0
BRF:53
BRH:0
end_of_record
TN:
SF:src/types/array.ts
FN:14,(anonymous_0)
FN:25,(anonymous_1)
FN:35,(anonymous_2)
FN:45,(anonymous_3)
FN:59,(anonymous_4)
FN:71,(anonymous_5)
FN:78,(anonymous_6)
FN:89,(anonymous_7)
FN:170,(anonymous_8)
FN:178,(anonymous_9)
FN:189,(anonymous_10)
FN:207,array
FNF:12
FNH:7
FNDA:7,(anonymous_0)
FNDA:1,(anonymous_1)
FNDA:1,(anonymous_2)
FNDA:1,(anonymous_3)
FNDA:0,(anonymous_4)
FNDA:0,(anonymous_5)
FNDA:3,(anonymous_6)
FNDA:8,(anonymous_7)
FNDA:0,(anonymous_8)
FNDA:0,(anonymous_9)
FNDA:0,(anonymous_10)
FNDA:4,array
DA:1,1
DA:2,1
DA:3,1
DA:8,1
DA:12,7
DA:15,7
DA:16,7
DA:17,7
DA:18,7
DA:19,7
DA:26,1
DA:36,1
DA:46,1
DA:61,0
DA:65,0
DA:72,0
DA:79,3
DA:90,8
DA:93,8
DA:94,0
DA:97,8
DA:98,8
DA:101,8
DA:102,1
DA:110,8
DA:111,1
DA:120,8
DA:121,1
DA:129,8
DA:130,0
DA:134,8
DA:136,8
DA:137,21
DA:138,21
DA:143,21
DA:144,18
DA:146,3
DA:149,3
DA:150,0
DA:155,8
DA:156,4
DA:159,4
DA:171,0
DA:172,0
DA:179,0
DA:180,0
DA:183,0
DA:191,0
DA:207,1
DA:208,4
LF:50
LH:38
BRDA:14,0,0,0
BRDA:19,1,0,7
BRDA:19,1,1,6
BRDA:90,2,0,8
BRDA:90,2,1,0
BRDA:93,3,0,0
BRDA:101,4,0,1
BRDA:101,5,0,8
BRDA:101,5,1,2
BRDA:110,6,0,1
BRDA:110,7,0,8
BRDA:110,7,1,2
BRDA:120,8,0,1
BRDA:120,9,0,8
BRDA:120,9,1,2
BRDA:129,10,0,0
BRDA:129,11,0,8
BRDA:129,11,1,0
BRDA:143,12,0,18
BRDA:143,12,1,3
BRDA:149,13,0,0
BRDA:149,14,0,3
BRDA:149,14,1,0
BRDA:155,15,0,4
BRDA:170,16,0,0
BRDA:179,17,0,0
BRDA:179,18,0,0
BRDA:179,18,1,0
BRDA:207,19,0,4
BRF:29
BRH:18
end_of_record
TN:
SF:src/types/enum.ts
FN:9,(anonymous_0)
FN:16,(anonymous_1)
FN:40,(anonymous_2)
FN:48,createEnum
FNF:4
FNH:3
FNDA:1,(anonymous_0)
FNDA:4,(anonymous_1)
FNDA:0,(anonymous_2)
FNDA:1,createEnum
DA:1,1
DA:2,1
DA:3,1
DA:8,1
DA:9,1
DA:10,1
DA:17,4
DA:20,4
DA:21,1
DA:33,3
DA:41,0
DA:48,1
DA:51,1
LF:13
LH:12
BRDA:17,0,0,4
BRDA:17,0,1,0
BRDA:20,1,0,1
BRF:3
BRH:2
end_of_record
TN:
SF:src/types/number.ts
FN:17,(anonymous_0)
FN:31,(anonymous_1)
FN:41,(anonymous_2)
FN:51,(anonymous_3)
FN:61,(anonymous_4)
FN:72,(anonymous_5)
FN:83,(anonymous_6)
FN:94,(anonymous_7)
FN:101,(anonymous_8)
FN:116,(anonymous_9)
FN:204,(anonymous_10)
FN:213,(anonymous_11)
FN:220,(anonymous_12)
FN:231,(anonymous_13)
FN:252,number
FNF:15
FNH:9
FNDA:15,(anonymous_0)
FNDA:1,(anonymous_1)
FNDA:1,(anonymous_2)
FNDA:1,(anonymous_3)
FNDA:1,(anonymous_4)
FNDA:1,(anonymous_5)
FNDA:0,(anonymous_6)
FNDA:0,(anonymous_7)
FNDA:5,(anonymous_8)
FNDA:19,(anonymous_9)
FNDA:0,(anonymous_10)
FNDA:0,(anonymous_11)
FNDA:0,(anonymous_12)
FNDA:0,(anonymous_13)
FNDA:10,number
DA:1,1
DA:2,1
DA:3,1
DA:8,1
DA:11,15
DA:12,15
DA:13,15
DA:15,15
DA:18,15
DA:19,15
DA:20,15
DA:21,15
DA:22,15
DA:23,15
DA:24,15
DA:25,15
DA:32,1
DA:42,1
DA:52,1
DA:62,1
DA:73,1
DA:84,0
DA:95,0
DA:102,5
DA:117,19
DA:120,19
DA:121,3
DA:124,16
DA:125,16
DA:128,16
DA:129,1
DA:137,16
DA:138,2
DA:147,16
DA:148,2
DA:157,16
DA:158,1
DA:167,16
DA:168,1
DA:177,16
DA:178,0
DA:180,0
DA:183,0
DA:184,0
DA:193,16
DA:194,7
DA:197,9
DA:205,0
DA:213,0
DA:214,0
DA:221,0
DA:222,0
DA:225,0
DA:232,0
DA:252,1
DA:253,10
LF:56
LH:43
BRDA:17,0,0,0
BRDA:21,1,0,15
BRDA:21,1,1,14
BRDA:22,2,0,15
BRDA:22,2,1,14
BRDA:23,3,0,15
BRDA:23,3,1,14
BRDA:25,4,0,15
BRDA:25,4,1,15
BRDA:117,5,0,19
BRDA:117,5,1,0
BRDA:120,6,0,3
BRDA:120,7,0,19
BRDA:120,7,1,16
BRDA:128,8,0,1
BRDA:128,9,0,16
BRDA:128,9,1,2
BRDA:137,10,0,2
BRDA:137,11,0,16
BRDA:137,11,1,3
BRDA:147,12,0,2
BRDA:147,13,0,16
BRDA:147,13,1,3
BRDA:157,14,0,1
BRDA:157,15,0,16
BRDA:157,15,1,2
BRDA:167,16,0,1
BRDA:167,17,0,16
BRDA:167,17,1,2
BRDA:177,18,0,0
BRDA:180,19,0,0
BRDA:180,19,1,0
BRDA:183,20,0,0
BRDA:193,21,0,7
BRDA:221,22,0,0
BRDA:221,23,0,0
BRDA:221,23,1,0
BRDA:252,24,0,10
BRF:38
BRH:29
end_of_record
TN:
SF:src/types/object.ts
FN:20,(anonymous_0)
FN:30,(anonymous_1)
FN:48,(anonymous_2)
FN:62,(anonymous_3)
FN:73,(anonymous_4)
FN:88,(anonymous_5)
FN:112,(anonymous_6)
FN:134,(anonymous_7)
FN:218,(anonymous_8)
FN:225,(anonymous_9)
FN:236,(anonymous_10)
FN:254,object
FNF:12
FNH:6
FNDA:8,(anonymous_0)
FNDA:0,(anonymous_1)
FNDA:0,(anonymous_2)
FNDA:2,(anonymous_3)
FNDA:1,(anonymous_4)
FNDA:0,(anonymous_5)
FNDA:1,(anonymous_6)
FNDA:11,(anonymous_7)
FNDA:0,(anonymous_8)
FNDA:0,(anonymous_9)
FNDA:0,(anonymous_10)
FNDA:4,object
DA:1,1
DA:2,1
DA:3,1
DA:15,1
DA:21,8
DA:22,8
DA:23,8
DA:24,8
DA:31,0
DA:32,0
DA:34,0
DA:35,0
DA:38,0
DA:49,0
DA:63,2
DA:64,2
DA:66,2
DA:72,2
DA:74,1
DA:75,1
DA:77,1
DA:78,1
DA:81,1
DA:87,1
DA:89,0
DA:90,0
DA:92,0
DA:93,0
DA:96,0
DA:113,1
DA:114,0
DA:117,1
DA:118,1
DA:120,1
DA:121,1
DA:124,1
DA:135,11
DA:138,11
DA:139,0
DA:142,11
DA:143,11
DA:144,11
DA:147,11
DA:150,11
DA:151,24
DA:153,24
DA:155,12
DA:160,12
DA:161,10
DA:163,2
DA:166,2
DA:167,0
DA:170,12
DA:172,2
DA:179,2
DA:180,0
DA:182,10
DA:184,0
DA:189,11
DA:190,11
DA:191,12
DA:192,0
DA:197,0
DA:198,0
DA:199,0
DA:200,0
DA:206,11
DA:207,4
DA:210,7
DA:218,0
DA:219,0
DA:226,0
DA:227,0
DA:230,0
DA:238,0
DA:254,1
DA:257,4
LF:77
LH:50
BRDA:22,0,0,8
BRDA:22,0,1,0
BRDA:23,1,0,8
BRDA:23,1,1,0
BRDA:24,2,0,8
BRDA:24,2,1,4
BRDA:31,3,0,0
BRDA:31,3,1,0
BRDA:74,4,0,0
BRDA:74,4,1,1
BRDA:89,5,0,0
BRDA:89,5,1,0
BRDA:113,6,0,0
BRDA:117,7,0,0
BRDA:117,7,1,1
BRDA:135,8,0,11
BRDA:135,8,1,0
BRDA:138,9,0,0
BRDA:138,10,0,11
BRDA:138,10,1,11
BRDA:138,10,2,11
BRDA:153,11,0,12
BRDA:153,11,1,12
BRDA:160,12,0,10
BRDA:160,12,1,2
BRDA:166,13,0,0
BRDA:166,14,0,2
BRDA:166,14,1,0
BRDA:170,15,0,2
BRDA:170,15,1,10
BRDA:179,16,0,0
BRDA:179,17,0,2
BRDA:179,17,1,0
BRDA:182,18,0,0
BRDA:182,19,0,10
BRDA:182,19,1,10
BRDA:189,20,0,11
BRDA:189,20,1,0
BRDA:191,21,0,0
BRDA:198,22,0,0
BRDA:199,23,0,0
BRDA:206,24,0,4
BRDA:226,25,0,0
BRDA:226,26,0,0
BRDA:226,26,1,0
BRF:45
BRH:22
end_of_record
TN:
SF:src/types/string.ts
FN:16,(anonymous_0)
FN:29,(anonymous_1)
FN:39,(anonymous_2)
FN:49,(anonymous_3)
FN:59,(anonymous_4)
FN:69,(anonymous_5)
FN:79,(anonymous_6)
FN:89,(anonymous_7)
FN:99,(anonymous_8)
FN:106,(anonymous_9)
FN:120,(anonymous_10)
FN:184,(anonymous_11)
FN:236,(anonymous_12)
FN:246,(anonymous_13)
FN:253,(anonymous_14)
FN:264,(anonymous_15)
FN:289,string
FNF:17
FNH:10
FNDA:20,(anonymous_0)
FNDA:1,(anonymous_1)
FNDA:1,(anonymous_2)
FNDA:1,(anonymous_3)
FNDA:1,(anonymous_4)
FNDA:1,(anonymous_5)
FNDA:0,(anonymous_6)
FNDA:0,(anonymous_7)
FNDA:0,(anonymous_8)
FNDA:5,(anonymous_9)
FNDA:39,(anonymous_10)
FNDA:2,(anonymous_11)
FNDA:0,(anonymous_12)
FNDA:0,(anonymous_13)
FNDA:0,(anonymous_14)
FNDA:0,(anonymous_15)
FNDA:15,string
DA:1,1
DA:2,1
DA:3,1
DA:8,1
DA:13,20
DA:14,20
DA:17,20
DA:18,20
DA:19,20
DA:20,20
DA:21,20
DA:22,20
DA:23,20
DA:30,1
DA:40,1
DA:50,1
DA:60,1
DA:70,1
DA:80,0
DA:90,0
DA:100,0
DA:107,5
DA:121,39
DA:124,39
DA:125,4
DA:129,35
DA:130,35
DA:131,1
DA:134,35
DA:137,35
DA:138,1
DA:147,35
DA:148,1
DA:157,35
DA:158,1
DA:167,35
DA:168,2
DA:169,2
DA:170,1
DA:174,35
DA:175,4
DA:178,31
DA:185,2
DA:188,2
DA:189,1
DA:195,1
DA:198,0
DA:199,0
DA:201,0
DA:207,0
DA:211,0
DA:212,0
DA:218,0
DA:222,0
DA:229,1
DA:237,0
DA:246,0
DA:247,0
DA:254,0
DA:255,0
DA:258,0
DA:265,0
DA:289,1
DA:290,15
LF:64
LH:46
BRDA:16,0,0,0
BRDA:22,1,0,20
BRDA:22,1,1,19
BRDA:23,2,0,20
BRDA:23,2,1,20
BRDA:121,3,0,39
BRDA:121,3,1,0
BRDA:124,4,0,4
BRDA:130,5,0,1
BRDA:137,6,0,1
BRDA:137,7,0,35
BRDA:137,7,1,2
BRDA:147,8,0,1
BRDA:147,9,0,35
BRDA:147,9,1,2
BRDA:157,10,0,1
BRDA:157,11,0,35
BRDA:157,11,1,2
BRDA:167,12,0,2
BRDA:169,13,0,1
BRDA:174,14,0,4
BRDA:185,15,0,2
BRDA:185,15,1,0
BRDA:185,15,2,0
BRDA:185,15,3,0
BRDA:188,16,0,1
BRDA:211,17,0,0
BRDA:254,18,0,0
BRDA:254,19,0,0
BRDA:254,19,1,0
BRDA:289,20,0,15
BRF:31
BRH:22
end_of_record
TN:
SF:src/utils/clone.ts
FN:4,deepClone
FN:17,(anonymous_1)
FNF:2
FNH:0
FNDA:0,deepClone
FNDA:0,(anonymous_1)
DA:4,1
DA:6,0
DA:7,0
DA:11,0
DA:12,0
DA:16,0
DA:17,0
DA:21,0
DA:22,0
DA:24,0
DA:25,0
DA:28,0
DA:32,0
DA:33,0
DA:36,0
LF:15
LH:1
BRDA:6,0,0,0
BRDA:6,1,0,0
BRDA:6,1,1,0
BRDA:11,2,0,0
BRDA:16,3,0,0
BRDA:21,4,0,0
BRF:6
BRH:0
end_of_record
