TN:
SF:src/index.ts
FN:98,(anonymous_0)
FN:99,(anonymous_1)
FN:101,(anonymous_2)
FN:103,(anonymous_3)
FN:104,(anonymous_4)
FN:105,(anonymous_5)
FN:106,(anonymous_6)
FN:107,(anonymous_7)
FN:45,(anonymous_8)
FN:46,(anonymous_9)
FN:87,(anonymous_10)
FN:112,(anonymous_11)
FN:113,(anonymous_12)
FN:117,(anonymous_13)
FN:118,(anonymous_14)
FN:119,(anonymous_15)
FN:124,(anonymous_16)
FN:125,(anonymous_17)
FN:126,(anonymous_18)
FN:127,(anonymous_19)
FNF:20
FNH:3
FNDA:0,(anonymous_0)
FNDA:1,(anonymous_1)
FNDA:0,(anonymous_2)
FNDA:0,(anonymous_3)
FNDA:0,(anonymous_4)
FNDA:0,(anonymous_5)
FNDA:0,(anonymous_6)
FNDA:0,(anonymous_7)
FNDA:3,(anonymous_8)
FNDA:1,(anonymous_9)
FNDA:0,(anonymous_10)
FNDA:0,(anonymous_11)
FNDA:0,(anonymous_12)
FNDA:0,(anonymous_13)
FNDA:0,(anonymous_14)
FNDA:0,(anonymous_15)
FNDA:0,(anonymous_16)
FNDA:0,(anonymous_17)
FNDA:0,(anonymous_18)
FNDA:0,(anonymous_19)
DA:2,4
DA:3,4
DA:4,4
DA:5,4
DA:6,4
DA:10,4
DA:11,4
DA:12,4
DA:13,4
DA:14,4
DA:25,4
DA:26,4
DA:27,4
DA:28,4
DA:29,4
DA:30,4
DA:31,4
DA:32,4
DA:35,4
DA:46,3
DA:47,1
DA:48,1
DA:50,0
DA:88,0
DA:93,4
DA:97,4
DA:98,4
DA:99,5
DA:101,4
DA:103,4
DA:104,4
DA:105,4
DA:106,4
DA:107,4
DA:111,4
DA:112,4
DA:113,4
DA:116,4
DA:117,4
DA:118,4
DA:119,4
DA:123,4
DA:124,4
DA:125,4
DA:126,4
DA:127,4
LF:46
LH:44
BRDA:47,0,0,1
BRF:1
BRH:1
end_of_record
TN:
SF:src/core/async.ts
FN:9,(anonymous_0)
FN:21,(anonymous_1)
FN:29,(anonymous_2)
FN:66,(anonymous_3)
FN:95,(anonymous_4)
FN:110,asyncValidate
FN:116,(anonymous_6)
FNF:7
FNH:0
FNDA:0,(anonymous_0)
FNDA:0,(anonymous_1)
FNDA:0,(anonymous_2)
FNDA:0,(anonymous_3)
FNDA:0,(anonymous_4)
FNDA:0,asyncValidate
FNDA:0,(anonymous_6)
DA:1,4
DA:2,4
DA:3,4
DA:8,4
DA:10,0
DA:11,0
DA:13,0
DA:23,0
DA:31,0
DA:33,0
DA:34,0
DA:38,0
DA:40,0
DA:41,0
DA:42,0
DA:48,0
DA:49,0
DA:50,0
DA:51,0
DA:53,0
DA:54,0
DA:56,0
DA:60,0
DA:67,0
DA:69,0
DA:71,0
DA:72,0
DA:76,0
DA:78,0
DA:97,0
DA:100,0
DA:110,4
DA:116,0
DA:117,0
DA:118,0
DA:121,0
DA:122,0
DA:136,0
DA:137,0
DA:141,0
DA:143,0
DA:155,0
LF:42
LH:5
BRDA:29,0,0,0
BRDA:33,1,0,0
BRDA:40,2,0,0
BRDA:40,2,1,0
BRDA:41,3,0,0
BRDA:43,4,0,0
BRDA:43,4,1,0
BRDA:49,5,0,0
BRDA:49,5,1,0
BRDA:49,6,0,0
BRDA:49,6,1,0
BRDA:51,7,0,0
BRDA:51,8,0,0
BRDA:51,8,1,0
BRDA:51,8,2,0
BRDA:53,9,0,0
BRDA:66,10,0,0
BRDA:71,11,0,0
BRDA:79,12,0,0
BRDA:79,12,1,0
BRDA:83,13,0,0
BRDA:83,13,1,0
BRDA:84,14,0,0
BRDA:84,14,1,0
BRDA:121,15,0,0
BRDA:122,16,0,0
BRDA:122,16,1,0
BRDA:128,17,0,0
BRDA:128,17,1,0
BRDA:136,18,0,0
BRDA:147,19,0,0
BRDA:147,19,1,0
BRF:32
BRH:0
end_of_record
TN:
SF:src/core/bimap.ts
FN:38,(anonymous_0)
FN:47,(anonymous_1)
FN:62,(anonymous_2)
FN:76,(anonymous_3)
FN:89,(anonymous_4)
FN:103,biMap
FNF:6
FNH:4
FNDA:1,(anonymous_0)
FNDA:1,(anonymous_1)
FNDA:1,(anonymous_2)
FNDA:0,(anonymous_3)
FNDA:0,(anonymous_4)
FNDA:1,biMap
DA:37,4
DA:39,1
DA:40,1
DA:41,1
DA:48,1
DA:51,1
DA:52,3
DA:53,3
DA:56,1
DA:63,1
DA:65,1
DA:66,3
DA:67,3
DA:70,1
DA:77,0
DA:79,0
DA:80,0
DA:83,0
DA:90,0
DA:92,0
DA:93,0
DA:96,0
DA:103,4
DA:108,1
LF:24
LH:16
BRDA:79,0,0,0
BRDA:92,1,0,0
BRF:2
BRH:0
end_of_record
TN:
SF:src/core/context.ts
FN:20,matchesContext
FN:53,getContextFromOptions
FNF:2
FNH:0
FNDA:0,matchesContext
FNDA:0,getContextFromOptions
DA:20,0
DA:25,0
DA:26,0
DA:30,0
DA:31,0
DA:35,0
DA:39,0
DA:40,0
DA:41,0
DA:44,0
DA:47,0
DA:53,0
DA:54,0
DA:56,0
DA:57,0
DA:60,0
LF:16
LH:0
BRDA:25,0,0,0
BRDA:30,1,0,0
BRDA:30,2,0,0
BRDA:30,2,1,0
BRDA:35,3,0,0
BRDA:36,4,0,0
BRDA:36,4,1,0
BRDA:40,5,0,0
BRDA:54,6,0,0
BRDA:56,7,0,0
BRF:10
BRH:0
end_of_record
TN:
SF:src/core/contextual.ts
FN:10,(anonymous_0)
FN:20,(anonymous_1)
FN:53,(anonymous_2)
FN:59,(anonymous_3)
FN:74,(anonymous_4)
FN:97,withContext
FNF:6
FNH:0
FNDA:0,(anonymous_0)
FNDA:0,(anonymous_1)
FNDA:0,(anonymous_2)
FNDA:0,(anonymous_3)
FNDA:0,(anonymous_4)
FNDA:0,withContext
DA:1,0
DA:2,0
DA:4,0
DA:9,0
DA:11,0
DA:12,0
DA:14,0
DA:21,0
DA:23,0
DA:24,0
DA:27,0
DA:30,0
DA:32,0
DA:33,0
DA:35,0
DA:38,0
DA:39,0
DA:43,0
DA:47,0
DA:57,0
DA:60,0
DA:61,0
DA:65,0
DA:76,0
DA:79,0
DA:97,0
DA:98,0
LF:27
LH:0
BRDA:23,0,0,0
BRDA:33,1,0,0
BRDA:38,2,0,0
BRF:3
BRH:0
end_of_record
TN:
SF:src/core/errors.ts
FN:19,(anonymous_0)
FN:32,(anonymous_1)
FN:44,(anonymous_2)
FN:57,(anonymous_3)
FN:60,(anonymous_4)
FN:81,(anonymous_5)
FN:97,(anonymous_6)
FNF:7
FNH:4
FNDA:109,(anonymous_0)
FNDA:109,(anonymous_1)
FNDA:23,(anonymous_2)
FNDA:0,(anonymous_3)
FNDA:0,(anonymous_4)
FNDA:0,(anonymous_5)
FNDA:58,(anonymous_6)
DA:14,4
DA:19,109
DA:20,109
DA:21,109
DA:24,109
DA:25,109
DA:33,109
DA:34,0
DA:37,109
DA:38,101
DA:39,101
DA:40,101
DA:43,8
DA:45,23
DA:46,23
DA:50,8
DA:58,0
DA:60,0
DA:62,0
DA:63,0
DA:66,0
DA:67,0
DA:68,0
DA:72,0
DA:82,0
DA:102,58
DA:103,58
LF:27
LH:17
BRDA:24,0,0,109
BRDA:33,1,0,0
BRDA:37,2,0,101
BRDA:39,3,0,69
BRDA:39,3,1,32
BRDA:45,4,0,19
BRDA:45,4,1,4
BRDA:58,5,0,0
BRDA:58,5,1,0
BRDA:62,6,0,0
BRDA:67,7,0,0
BRDA:81,8,0,0
BRDA:100,9,0,0
BRF:13
BRH:6
end_of_record
TN:
SF:src/core/generic.ts
FN:9,(anonymous_0)
FN:16,(anonymous_1)
FN:47,(anonymous_2)
FN:48,(anonymous_3)
FN:55,createUnionSchema
FN:65,(anonymous_5)
FN:75,(anonymous_6)
FN:125,(anonymous_7)
FN:128,(anonymous_8)
FN:136,createDiscriminatedUnionSchema
FN:150,(anonymous_10)
FN:159,(anonymous_11)
FN:195,(anonymous_12)
FN:196,(anonymous_13)
FN:203,createIntersectionSchema
FN:216,(anonymous_15)
FN:223,(anonymous_16)
FN:280,(anonymous_17)
FN:281,(anonymous_18)
FN:294,createLazySchema
FN:306,(anonymous_20)
FN:316,(anonymous_21)
FN:388,(anonymous_22)
FN:399,createApiResponseSchema
FN:416,(anonymous_24)
FN:423,(anonymous_25)
FN:517,(anonymous_26)
FN:525,createPaginatedSchema
FN:535,(anonymous_28)
FN:545,(anonymous_29)
FN:602,(anonymous_30)
FN:613,createRecordSchema
FNF:32
FNH:15
FNDA:5,(anonymous_0)
FNDA:26,(anonymous_1)
FNDA:0,(anonymous_2)
FNDA:0,(anonymous_3)
FNDA:5,createUnionSchema
FNDA:1,(anonymous_5)
FNDA:2,(anonymous_6)
FNDA:0,(anonymous_7)
FNDA:0,(anonymous_8)
FNDA:1,createDiscriminatedUnionSchema
FNDA:1,(anonymous_10)
FNDA:2,(anonymous_11)
FNDA:0,(anonymous_12)
FNDA:0,(anonymous_13)
FNDA:1,createIntersectionSchema
FNDA:3,(anonymous_15)
FNDA:16,(anonymous_16)
FNDA:0,(anonymous_17)
FNDA:0,(anonymous_18)
FNDA:3,createLazySchema
FNDA:0,(anonymous_20)
FNDA:0,(anonymous_21)
FNDA:0,(anonymous_22)
FNDA:0,createApiResponseSchema
FNDA:0,(anonymous_24)
FNDA:0,(anonymous_25)
FNDA:0,(anonymous_26)
FNDA:0,createPaginatedSchema
FNDA:1,(anonymous_28)
FNDA:4,(anonymous_29)
FNDA:0,(anonymous_30)
FNDA:1,createRecordSchema
DA:1,4
DA:2,4
DA:3,4
DA:8,4
DA:9,5
DA:10,5
DA:17,26
DA:18,26
DA:21,26
DA:22,71
DA:24,71
DA:25,24
DA:29,47
DA:33,2
DA:48,0
DA:55,4
DA:58,5
DA:64,4
DA:66,1
DA:67,1
DA:69,1
DA:76,2
DA:79,2
DA:80,0
DA:83,2
DA:86,2
DA:87,1
DA:95,1
DA:96,1
DA:99,1
DA:100,1
DA:102,1
DA:103,1
DA:107,0
DA:111,0
DA:126,0
DA:128,0
DA:136,4
DA:143,1
DA:149,4
DA:151,1
DA:153,1
DA:160,2
DA:161,2
DA:162,2
DA:165,2
DA:166,4
DA:168,4
DA:169,2
DA:172,2
DA:173,0
DA:177,2
DA:179,2
DA:180,2
DA:185,2
DA:186,1
DA:189,1
DA:196,0
DA:203,4
DA:207,1
DA:213,4
DA:214,3
DA:216,3
DA:217,3
DA:225,16
DA:232,0
DA:233,0
DA:236,0
DA:240,16
DA:243,1
DA:248,1
DA:253,15
DA:254,3
DA:255,3
DA:258,0
DA:261,0
DA:264,0
DA:274,15
DA:281,0
DA:282,0
DA:283,0
DA:286,0
DA:294,4
DA:295,3
DA:301,4
DA:307,0
DA:308,0
DA:310,0
DA:321,0
DA:324,0
DA:325,0
DA:328,0
DA:331,0
DA:332,0
DA:344,0
DA:349,0
DA:350,0
DA:351,0
DA:356,0
DA:357,0
DA:360,0
DA:362,0
DA:369,0
DA:370,0
DA:375,0
DA:376,0
DA:379,0
DA:382,0
DA:389,0
DA:399,4
DA:403,0
DA:409,4
DA:416,0
DA:417,0
DA:430,0
DA:433,0
DA:434,0
DA:437,0
DA:438,0
DA:439,0
DA:442,0
DA:444,0
DA:445,0
DA:446,0
DA:455,0
DA:456,0
DA:460,0
DA:461,0
DA:470,0
DA:472,0
DA:473,0
DA:478,0
DA:479,0
DA:481,0
DA:482,0
DA:485,0
DA:490,0
DA:492,0
DA:493,0
DA:494,0
DA:501,0
DA:505,0
DA:506,0
DA:509,0
DA:511,0
DA:518,0
DA:525,4
DA:528,0
DA:534,4
DA:536,1
DA:537,1
DA:539,1
DA:546,4
DA:549,4
DA:550,0
DA:553,4
DA:554,4
DA:555,4
DA:558,4
DA:560,9
DA:565,9
DA:566,0
DA:568,0
DA:569,0
DA:572,0
DA:576,9
DA:581,9
DA:582,0
DA:584,0
DA:585,0
DA:588,9
DA:592,4
DA:593,0
DA:596,4
DA:603,0
DA:613,4
DA:617,1
LF:177
LH:89
BRDA:17,0,0,26
BRDA:17,0,1,0
BRDA:24,1,0,24
BRDA:76,2,0,2
BRDA:76,2,1,0
BRDA:79,3,0,0
BRDA:79,4,0,2
BRDA:79,4,1,2
BRDA:86,5,0,1
BRDA:102,6,0,1
BRDA:160,7,0,2
BRDA:160,7,1,0
BRDA:168,8,0,2
BRDA:168,8,1,2
BRDA:172,9,0,0
BRDA:172,10,0,2
BRDA:172,10,1,0
BRDA:179,11,0,2
BRDA:179,12,0,2
BRDA:179,12,1,2
BRDA:179,12,2,2
BRDA:185,13,0,1
BRDA:225,14,0,0
BRDA:225,15,0,16
BRDA:225,15,1,0
BRDA:225,15,2,0
BRDA:225,15,3,0
BRDA:232,16,0,0
BRDA:240,17,0,1
BRDA:240,18,0,16
BRDA:240,18,1,1
BRDA:243,19,0,1
BRDA:244,20,0,1
BRDA:244,20,1,1
BRDA:253,21,0,3
BRDA:258,22,0,0
BRDA:258,23,0,0
BRDA:258,23,1,0
BRDA:265,24,0,0
BRDA:265,24,1,0
BRDA:266,25,0,0
BRDA:266,25,1,0
BRDA:282,26,0,0
BRDA:321,27,0,0
BRDA:321,27,1,0
BRDA:324,28,0,0
BRDA:324,29,0,0
BRDA:324,29,1,0
BRDA:331,30,0,0
BRDA:349,31,0,0
BRDA:349,31,1,0
BRDA:350,32,0,0
BRDA:350,32,1,0
BRDA:356,33,0,0
BRDA:369,34,0,0
BRDA:369,35,0,0
BRDA:369,35,1,0
BRDA:375,36,0,0
BRDA:391,37,0,0
BRDA:391,37,1,0
BRDA:430,38,0,0
BRDA:430,38,1,0
BRDA:433,39,0,0
BRDA:433,40,0,0
BRDA:433,40,1,0
BRDA:445,41,0,0
BRDA:455,42,0,0
BRDA:460,43,0,0
BRDA:478,44,0,0
BRDA:478,44,1,0
BRDA:481,45,0,0
BRDA:493,46,0,0
BRDA:493,46,1,0
BRDA:505,47,0,0
BRDA:546,48,0,4
BRDA:546,48,1,0
BRDA:549,49,0,0
BRDA:549,50,0,4
BRDA:549,50,1,4
BRDA:549,50,2,4
BRDA:565,51,0,0
BRDA:568,52,0,0
BRDA:581,53,0,0
BRDA:581,53,1,9
BRDA:584,54,0,0
BRDA:592,55,0,0
BRF:86
BRH:29
end_of_record
TN:
SF:src/core/metadata.ts
FN:44,(anonymous_0)
FN:54,(anonymous_1)
FN:61,(anonymous_2)
FN:68,(anonymous_3)
FN:78,(anonymous_4)
FN:88,(anonymous_5)
FN:102,(anonymous_6)
FN:112,(anonymous_7)
FN:123,(anonymous_8)
FN:133,(anonymous_9)
FN:148,(anonymous_10)
FN:183,withMetadata
FNF:12
FNH:0
FNDA:0,(anonymous_0)
FNDA:0,(anonymous_1)
FNDA:0,(anonymous_2)
FNDA:0,(anonymous_3)
FNDA:0,(anonymous_4)
FNDA:0,(anonymous_5)
FNDA:0,(anonymous_6)
FNDA:0,(anonymous_7)
FNDA:0,(anonymous_8)
FNDA:0,(anonymous_9)
FNDA:0,(anonymous_10)
FNDA:0,withMetadata
DA:1,4
DA:43,4
DA:45,0
DA:46,0
DA:48,0
DA:55,0
DA:62,0
DA:69,0
DA:79,0
DA:89,0
DA:93,0
DA:103,0
DA:113,0
DA:114,0
DA:124,0
DA:135,0
DA:138,0
DA:150,0
DA:152,0
DA:153,0
DA:157,0
DA:158,0
DA:161,0
DA:162,0
DA:165,0
DA:166,0
DA:170,0
DA:171,0
DA:172,0
DA:176,0
DA:183,4
DA:187,0
LF:32
LH:3
BRDA:89,0,0,0
BRDA:89,0,1,0
BRDA:113,1,0,0
BRDA:113,1,1,0
BRDA:152,2,0,0
BRDA:157,3,0,0
BRDA:161,4,0,0
BRDA:161,5,0,0
BRDA:161,5,1,0
BRDA:165,6,0,0
BRDA:171,7,0,0
BRDA:185,8,0,0
BRF:12
BRH:0
end_of_record
TN:
SF:src/core/migration.ts
FN:59,(anonymous_0)
FN:66,(anonymous_1)
FN:112,(anonymous_2)
FN:119,(anonymous_3)
FN:126,(anonymous_4)
FN:133,(anonymous_5)
FN:141,(anonymous_6)
FN:148,(anonymous_7)
FN:156,(anonymous_8)
FN:190,(anonymous_9)
FN:197,(anonymous_10)
FN:204,(anonymous_11)
FN:215,(anonymous_12)
FN:241,createVersionRegistry
FNF:14
FNH:0
FNDA:0,(anonymous_0)
FNDA:0,(anonymous_1)
FNDA:0,(anonymous_2)
FNDA:0,(anonymous_3)
FNDA:0,(anonymous_4)
FNDA:0,(anonymous_5)
FNDA:0,(anonymous_6)
FNDA:0,(anonymous_7)
FNDA:0,(anonymous_8)
FNDA:0,(anonymous_9)
FNDA:0,(anonymous_10)
FNDA:0,(anonymous_11)
FNDA:0,(anonymous_12)
FNDA:0,createVersionRegistry
DA:2,4
DA:3,4
DA:58,4
DA:60,0
DA:68,0
DA:70,0
DA:71,0
DA:81,0
DA:82,0
DA:85,0
DA:87,0
DA:88,0
DA:97,0
DA:99,0
DA:113,0
DA:120,0
DA:127,0
DA:134,0
DA:141,4
DA:142,0
DA:143,0
DA:149,0
DA:150,0
DA:162,0
DA:163,0
DA:164,0
DA:168,0
DA:169,0
DA:170,0
DA:174,0
DA:181,0
DA:182,0
DA:184,0
DA:191,0
DA:198,0
DA:208,0
DA:209,0
DA:221,0
DA:223,0
DA:224,0
DA:234,0
DA:241,4
DA:242,0
LF:43
LH:5
BRDA:70,0,0,0
BRDA:87,1,0,0
BRDA:102,2,0,0
BRDA:102,2,1,0
BRDA:127,3,0,0
BRDA:127,3,1,0
BRDA:134,4,0,0
BRDA:134,4,1,0
BRDA:163,5,0,0
BRDA:169,6,0,0
BRDA:223,7,0,0
BRF:11
BRH:0
end_of_record
TN:
SF:src/core/permissions.ts
FN:39,(anonymous_0)
FN:49,(anonymous_1)
FN:71,(anonymous_2)
FN:80,(anonymous_3)
FN:121,(anonymous_4)
FN:131,(anonymous_5)
FN:143,(anonymous_6)
FN:159,(anonymous_7)
FN:172,(anonymous_8)
FN:188,(anonymous_9)
FN:198,(anonymous_10)
FN:218,(anonymous_11)
FN:247,(anonymous_12)
FN:255,(anonymous_13)
FN:283,(anonymous_14)
FN:295,(anonymous_15)
FN:307,(anonymous_16)
FN:323,(anonymous_17)
FN:345,(anonymous_18)
FN:360,restrict
FN:370,withPermissions
FNF:21
FNH:0
FNDA:0,(anonymous_0)
FNDA:0,(anonymous_1)
FNDA:0,(anonymous_2)
FNDA:0,(anonymous_3)
FNDA:0,(anonymous_4)
FNDA:0,(anonymous_5)
FNDA:0,(anonymous_6)
FNDA:0,(anonymous_7)
FNDA:0,(anonymous_8)
FNDA:0,(anonymous_9)
FNDA:0,(anonymous_10)
FNDA:0,(anonymous_11)
FNDA:0,(anonymous_12)
FNDA:0,(anonymous_13)
FNDA:0,(anonymous_14)
FNDA:0,(anonymous_15)
FNDA:0,(anonymous_16)
FNDA:0,(anonymous_17)
FNDA:0,(anonymous_18)
FNDA:0,restrict
FNDA:0,withPermissions
DA:1,4
DA:2,4
DA:3,4
DA:38,4
DA:40,0
DA:41,0
DA:43,0
DA:51,0
DA:54,0
DA:55,0
DA:65,0
DA:72,0
DA:75,0
DA:76,0
DA:79,0
DA:80,0
DA:84,0
DA:85,0
DA:88,0
DA:89,0
DA:95,0
DA:96,0
DA:102,0
DA:103,0
DA:108,0
DA:109,0
DA:115,0
DA:122,0
DA:125,0
DA:126,0
DA:130,0
DA:131,0
DA:135,0
DA:138,0
DA:139,0
DA:143,0
DA:144,0
DA:149,0
DA:150,0
DA:153,0
DA:160,0
DA:162,0
DA:163,0
DA:166,0
DA:174,0
DA:177,0
DA:187,4
DA:189,0
DA:190,0
DA:192,0
DA:202,0
DA:203,0
DA:205,0
DA:206,0
DA:209,0
DA:220,0
DA:223,0
DA:226,0
DA:228,0
DA:229,0
DA:230,0
DA:232,0
DA:233,0
DA:237,0
DA:241,0
DA:248,0
DA:250,0
DA:251,0
DA:254,0
DA:255,0
DA:258,0
DA:260,0
DA:261,0
DA:264,0
DA:265,0
DA:268,0
DA:269,0
DA:272,0
DA:273,0
DA:277,0
DA:289,0
DA:290,0
DA:294,0
DA:295,0
DA:299,0
DA:302,0
DA:303,0
DA:307,0
DA:308,0
DA:313,0
DA:314,0
DA:317,0
DA:325,0
DA:326,0
DA:330,0
DA:332,0
DA:333,0
DA:337,0
DA:339,0
DA:347,0
DA:350,0
DA:360,4
DA:364,0
DA:370,4
DA:373,0
DA:374,0
DA:376,0
LF:107
LH:7
BRDA:54,0,0,0
BRDA:57,1,0,0
BRDA:57,1,1,0
BRDA:72,2,0,0
BRDA:75,3,0,0
BRDA:79,4,0,0
BRDA:84,5,0,0
BRDA:88,6,0,0
BRDA:89,7,0,0
BRDA:89,7,1,0
BRDA:95,8,0,0
BRDA:96,9,0,0
BRDA:96,9,1,0
BRDA:102,10,0,0
BRDA:102,11,0,0
BRDA:102,11,1,0
BRDA:103,12,0,0
BRDA:103,12,1,0
BRDA:108,13,0,0
BRDA:108,14,0,0
BRDA:108,14,1,0
BRDA:109,15,0,0
BRDA:109,15,1,0
BRDA:125,16,0,0
BRDA:130,17,0,0
BRDA:138,18,0,0
BRDA:139,19,0,0
BRDA:139,19,1,0
BRDA:143,20,0,0
BRDA:149,21,0,0
BRDA:149,22,0,0
BRDA:149,22,1,0
BRDA:162,23,0,0
BRDA:162,24,0,0
BRDA:162,24,1,0
BRDA:162,24,2,0
BRDA:190,25,0,0
BRDA:202,26,0,0
BRDA:202,26,1,0
BRDA:228,27,0,0
BRDA:228,27,1,0
BRDA:232,28,0,0
BRDA:248,29,0,0
BRDA:250,30,0,0
BRDA:254,31,0,0
BRDA:258,32,0,0
BRDA:260,33,0,0
BRDA:261,34,0,0
BRDA:261,34,1,0
BRDA:264,35,0,0
BRDA:265,36,0,0
BRDA:265,36,1,0
BRDA:268,37,0,0
BRDA:268,38,0,0
BRDA:268,38,1,0
BRDA:269,39,0,0
BRDA:269,39,1,0
BRDA:272,40,0,0
BRDA:272,41,0,0
BRDA:272,41,1,0
BRDA:273,42,0,0
BRDA:273,42,1,0
BRDA:289,43,0,0
BRDA:294,44,0,0
BRDA:302,45,0,0
BRDA:303,46,0,0
BRDA:303,46,1,0
BRDA:307,47,0,0
BRDA:313,48,0,0
BRDA:313,49,0,0
BRDA:313,49,1,0
BRDA:325,50,0,0
BRDA:332,51,0,0
BRDA:373,52,0,0
BRF:74
BRH:0
end_of_record
TN:
SF:src/core/process.ts
FN:9,(anonymous_0)
FN:19,(anonymous_1)
FN:27,(anonymous_2)
FN:43,(anonymous_3)
FN:53,(anonymous_4)
FN:78,(anonymous_5)
FN:93,preprocess
FN:103,postprocess
FNF:8
FNH:4
FNDA:1,(anonymous_0)
FNDA:2,(anonymous_1)
FNDA:0,(anonymous_2)
FNDA:1,(anonymous_3)
FNDA:1,(anonymous_4)
FNDA:0,(anonymous_5)
FNDA:0,preprocess
FNDA:0,postprocess
DA:1,1
DA:2,1
DA:3,1
DA:8,1
DA:10,1
DA:11,1
DA:13,1
DA:20,2
DA:21,2
DA:29,0
DA:32,0
DA:42,1
DA:44,1
DA:45,1
DA:47,1
DA:54,1
DA:56,1
DA:57,0
DA:61,1
DA:62,1
DA:63,1
DA:65,0
DA:80,0
DA:83,0
DA:93,1
DA:97,0
DA:103,1
DA:107,0
LF:28
LH:20
BRDA:56,0,0,0
BRDA:67,1,0,0
BRDA:67,1,1,0
BRDA:68,2,0,0
BRDA:68,2,1,0
BRF:5
BRH:0
end_of_record
TN:
SF:src/core/result.ts
FN:11,(anonymous_0)
FN:16,(anonymous_1)
FN:23,(anonymous_2)
FN:30,(anonymous_3)
FN:37,(anonymous_4)
FN:44,(anonymous_5)
FN:51,(anonymous_6)
FN:58,(anonymous_7)
FN:65,(anonymous_8)
FN:72,(anonymous_9)
FN:82,(anonymous_10)
FN:87,(anonymous_11)
FN:94,(anonymous_12)
FN:101,(anonymous_13)
FN:108,(anonymous_14)
FN:115,(anonymous_15)
FN:122,(anonymous_16)
FN:129,(anonymous_17)
FN:136,(anonymous_18)
FN:143,(anonymous_19)
FN:151,ok
FN:158,err
FNF:22
FNH:16
FNDA:252,(anonymous_0)
FNDA:229,(anonymous_1)
FNDA:45,(anonymous_2)
FNDA:241,(anonymous_3)
FNDA:1,(anonymous_4)
FNDA:1,(anonymous_5)
FNDA:1,(anonymous_6)
FNDA:0,(anonymous_7)
FNDA:1,(anonymous_8)
FNDA:0,(anonymous_9)
FNDA:111,(anonymous_10)
FNDA:108,(anonymous_11)
FNDA:6,(anonymous_12)
FNDA:1,(anonymous_13)
FNDA:1,(anonymous_14)
FNDA:104,(anonymous_15)
FNDA:0,(anonymous_16)
FNDA:0,(anonymous_17)
FNDA:0,(anonymous_18)
FNDA:0,(anonymous_19)
FNDA:251,ok
FNDA:111,err
DA:9,4
DA:10,252
DA:11,252
DA:17,229
DA:24,45
DA:31,241
DA:38,1
DA:45,1
DA:52,1
DA:59,0
DA:66,1
DA:73,0
DA:80,4
DA:81,111
DA:82,111
DA:88,108
DA:95,6
DA:102,1
DA:109,1
DA:116,104
DA:123,0
DA:130,0
DA:137,0
DA:144,0
DA:151,4
DA:152,251
DA:158,4
DA:159,111
LF:28
LH:22
BRF:0
BRH:0
end_of_record
TN:
SF:src/core/schema.ts
FN:100,(anonymous_0)
FN:114,(anonymous_1)
FN:128,(anonymous_2)
FN:137,(anonymous_3)
FN:147,(anonymous_4)
FN:154,(anonymous_5)
FN:163,(anonymous_6)
FN:165,(anonymous_7)
FN:194,(anonymous_8)
FN:204,(anonymous_9)
FN:214,(anonymous_10)
FN:224,(anonymous_11)
FN:234,(anonymous_12)
FN:245,(anonymous_13)
FN:254,(anonymous_14)
FN:262,(anonymous_15)
FN:272,(anonymous_16)
FN:279,(anonymous_17)
FN:287,(anonymous_18)
FN:295,(anonymous_19)
FN:303,(anonymous_20)
FN:311,(anonymous_21)
FN:319,(anonymous_22)
FN:327,(anonymous_23)
FN:335,(anonymous_24)
FN:342,(anonymous_25)
FN:356,(anonymous_26)
FN:371,(anonymous_27)
FN:388,(anonymous_28)
FN:402,(anonymous_29)
FN:417,(anonymous_30)
FN:426,(anonymous_31)
FN:430,(anonymous_32)
FN:434,(anonymous_33)
FN:452,(anonymous_34)
FN:460,(anonymous_35)
FN:489,(anonymous_36)
FN:497,(anonymous_37)
FN:502,(anonymous_38)
FNF:39
FNH:13
FNDA:87,(anonymous_0)
FNDA:0,(anonymous_1)
FNDA:274,(anonymous_2)
FNDA:4,(anonymous_3)
FNDA:0,(anonymous_4)
FNDA:0,(anonymous_5)
FNDA:9,(anonymous_6)
FNDA:13,(anonymous_7)
FNDA:1,(anonymous_8)
FNDA:1,(anonymous_9)
FNDA:0,(anonymous_10)
FNDA:0,(anonymous_11)
FNDA:0,(anonymous_12)
FNDA:0,(anonymous_13)
FNDA:0,(anonymous_14)
FNDA:0,(anonymous_15)
FNDA:0,(anonymous_16)
FNDA:0,(anonymous_17)
FNDA:0,(anonymous_18)
FNDA:0,(anonymous_19)
FNDA:0,(anonymous_20)
FNDA:0,(anonymous_21)
FNDA:0,(anonymous_22)
FNDA:0,(anonymous_23)
FNDA:0,(anonymous_24)
FNDA:0,(anonymous_25)
FNDA:0,(anonymous_26)
FNDA:36,(anonymous_27)
FNDA:39,(anonymous_28)
FNDA:0,(anonymous_29)
FNDA:0,(anonymous_30)
FNDA:12,(anonymous_31)
FNDA:14,(anonymous_32)
FNDA:0,(anonymous_33)
FNDA:4,(anonymous_34)
FNDA:9,(anonymous_35)
FNDA:0,(anonymous_36)
FNDA:0,(anonymous_37)
FNDA:0,(anonymous_38)
DA:1,4
DA:2,4
DA:44,4
DA:96,4
DA:101,87
DA:102,87
DA:104,86
DA:105,53
DA:108,33
DA:115,0
DA:116,0
DA:118,0
DA:119,0
DA:122,0
DA:129,274
DA:130,274
DA:141,4
DA:151,0
DA:155,0
DA:164,9
DA:165,9
DA:167,13
DA:169,13
DA:170,1
DA:174,12
DA:175,12
DA:178,11
DA:179,1
DA:187,10
DA:195,1
DA:205,1
DA:215,0
DA:225,0
DA:235,0
DA:247,0
DA:256,0
DA:263,0
DA:273,0
DA:281,0
DA:289,0
DA:297,0
DA:305,0
DA:313,0
DA:321,0
DA:329,0
DA:336,0
DA:343,0
DA:344,0
DA:346,0
DA:347,0
DA:350,0
DA:360,0
DA:377,36
DA:389,39
DA:403,0
DA:404,0
DA:407,0
DA:408,0
DA:411,0
DA:418,0
DA:425,4
DA:426,12
DA:427,12
DA:431,14
DA:437,0
DA:453,4
DA:454,4
DA:455,4
DA:457,4
DA:461,9
DA:463,8
DA:464,0
DA:467,8
DA:469,8
DA:470,3
DA:474,3
DA:485,5
DA:491,0
DA:495,0
DA:499,0
DA:502,0
LF:81
LH:41
BRDA:100,0,0,87
BRDA:104,1,0,53
BRDA:114,2,0,0
BRDA:118,3,0,0
BRDA:128,4,0,6
BRDA:169,5,0,1
BRDA:178,6,0,1
BRDA:178,7,0,11
BRDA:178,7,1,4
BRDA:342,8,0,0
BRDA:346,9,0,0
BRDA:374,10,0,0
BRDA:463,11,0,0
BRDA:469,12,0,3
BRDA:470,13,0,1
BRDA:470,13,1,2
BRDA:501,14,0,0
BRDA:501,14,1,0
BRDA:502,15,0,0
BRDA:502,15,1,0
BRF:20
BRH:10
end_of_record
TN:
SF:src/core/transform.ts
FN:9,(anonymous_0)
FN:20,(anonymous_1)
FN:57,(anonymous_2)
FN:85,(anonymous_3)
FN:101,transform
FNF:5
FNH:0
FNDA:0,(anonymous_0)
FNDA:0,(anonymous_1)
FNDA:0,(anonymous_2)
FNDA:0,(anonymous_3)
FNDA:0,transform
DA:1,0
DA:2,0
DA:3,0
DA:8,0
DA:10,0
DA:11,0
DA:12,0
DA:14,0
DA:22,0
DA:25,0
DA:26,0
DA:30,0
DA:31,0
DA:34,0
DA:37,0
DA:41,0
DA:42,0
DA:51,0
DA:58,0
DA:59,0
DA:69,0
DA:72,0
DA:75,0
DA:79,0
DA:87,0
DA:90,0
DA:101,0
DA:106,0
LF:28
LH:0
BRDA:25,0,0,0
BRDA:34,1,0,0
BRDA:34,2,0,0
BRDA:34,2,1,0
BRDA:34,2,2,0
BRDA:34,2,3,0
BRDA:41,3,0,0
BRDA:41,4,0,0
BRDA:41,4,1,0
BRDA:43,5,0,0
BRDA:43,5,1,0
BRDA:57,6,0,0
BRDA:58,7,0,0
BRDA:61,8,0,0
BRDA:61,8,1,0
BRDA:72,9,0,0
BRDA:72,10,0,0
BRDA:72,10,1,0
BRDA:72,10,2,0
BRDA:72,10,3,0
BRF:20
BRH:0
end_of_record
TN:
SF:src/core/versioned.ts
FN:55,(anonymous_0)
FN:65,(anonymous_1)
FN:72,(anonymous_2)
FN:78,(anonymous_3)
FN:87,(anonymous_4)
FN:94,(anonymous_5)
FN:125,(anonymous_6)
FN:144,(anonymous_7)
FN:162,(anonymous_8)
FN:180,(anonymous_9)
FN:203,(anonymous_10)
FN:218,addVersionedToSchema
FN:220,(anonymous_12)
FNF:13
FNH:11
FNDA:1,(anonymous_0)
FNDA:9,(anonymous_1)
FNDA:4,(anonymous_2)
FNDA:12,(anonymous_3)
FNDA:0,(anonymous_4)
FNDA:2,(anonymous_5)
FNDA:0,(anonymous_6)
FNDA:1,(anonymous_7)
FNDA:1,(anonymous_8)
FNDA:3,(anonymous_9)
FNDA:3,(anonymous_10)
FNDA:4,addVersionedToSchema
FNDA:1,(anonymous_12)
DA:1,4
DA:2,4
DA:36,4
DA:46,4
DA:48,1
DA:50,1
DA:56,1
DA:57,1
DA:59,1
DA:66,9
DA:78,12
DA:88,0
DA:96,2
DA:99,2
DA:102,2
DA:104,2
DA:105,0
DA:109,2
DA:112,2
DA:113,2
DA:116,0
DA:119,2
DA:126,0
DA:128,0
DA:129,0
DA:133,0
DA:136,0
DA:138,0
DA:145,1
DA:146,0
DA:149,1
DA:151,1
DA:152,0
DA:155,1
DA:156,1
DA:163,1
DA:164,0
DA:167,1
DA:169,1
DA:170,0
DA:173,1
DA:174,1
DA:182,3
DA:183,0
DA:187,3
DA:194,3
DA:197,3
DA:204,3
DA:206,3
DA:208,0
DA:209,0
DA:210,0
DA:218,4
DA:220,4
DA:222,1
DA:224,1
DA:225,0
DA:229,1
LF:58
LH:40
BRDA:55,0,0,1
BRDA:104,1,0,0
BRDA:112,2,0,2
BRDA:112,2,1,0
BRDA:128,3,0,0
BRDA:144,4,0,1
BRDA:145,5,0,0
BRDA:151,6,0,0
BRDA:162,7,0,1
BRDA:163,8,0,0
BRDA:169,9,0,0
BRDA:182,10,0,0
BRDA:206,11,0,0
BRDA:224,12,0,0
BRF:14
BRH:4
end_of_record
TN:
SF:src/db/index.ts
FN:92,createSchemaFromModel
FN:174,(anonymous_1)
FN:175,(anonymous_2)
FN:182,(anonymous_3)
FN:191,(anonymous_4)
FN:202,(anonymous_5)
FN:233,createModelFromSchema
FN:286,inferTypeFromSchema
FN:315,extractConstraints
FN:408,(anonymous_9)
FN:415,(anonymous_10)
FN:425,(anonymous_11)
FN:442,(anonymous_12)
FN:444,(anonymous_13)
FNF:14
FNH:0
FNDA:0,createSchemaFromModel
FNDA:0,(anonymous_1)
FNDA:0,(anonymous_2)
FNDA:0,(anonymous_3)
FNDA:0,(anonymous_4)
FNDA:0,(anonymous_5)
FNDA:0,createModelFromSchema
FNDA:0,inferTypeFromSchema
FNDA:0,extractConstraints
FNDA:0,(anonymous_9)
FNDA:0,(anonymous_10)
FNDA:0,(anonymous_11)
FNDA:0,(anonymous_12)
FNDA:0,(anonymous_13)
DA:2,4
DA:3,4
DA:92,4
DA:93,0
DA:96,0
DA:98,0
DA:102,0
DA:107,0
DA:110,0
DA:111,0
DA:112,0
DA:115,0
DA:116,0
DA:119,0
DA:120,0
DA:123,0
DA:124,0
DA:127,0
DA:128,0
DA:131,0
DA:138,0
DA:141,0
DA:142,0
DA:145,0
DA:146,0
DA:147,0
DA:150,0
DA:151,0
DA:154,0
DA:155,0
DA:158,0
DA:159,0
DA:162,0
DA:166,0
DA:167,0
DA:173,0
DA:174,0
DA:175,0
DA:177,0
DA:182,0
DA:183,0
DA:188,0
DA:190,0
DA:192,0
DA:193,0
DA:195,0
DA:198,0
DA:202,0
DA:206,0
DA:207,0
DA:211,0
DA:212,0
DA:216,0
DA:220,0
DA:223,0
DA:224,0
DA:227,0
DA:233,4
DA:244,0
DA:245,0
DA:248,0
DA:249,0
DA:250,0
DA:252,0
DA:253,0
DA:260,0
DA:261,0
DA:262,0
DA:264,0
DA:265,0
DA:269,0
DA:272,0
DA:276,0
DA:288,0
DA:290,0
DA:292,0
DA:295,0
DA:299,0
DA:302,0
DA:305,0
DA:308,0
DA:316,0
DA:319,0
DA:320,0
DA:323,0
DA:324,0
DA:327,0
DA:328,0
DA:331,0
DA:332,0
DA:335,0
DA:336,0
DA:340,0
DA:341,0
DA:344,0
DA:345,0
DA:348,0
DA:349,0
DA:352,0
DA:353,0
DA:356,0
DA:362,4
DA:382,4
DA:410,0
DA:413,0
DA:415,0
DA:419,0
DA:427,0
DA:430,0
DA:432,0
DA:433,0
DA:436,0
DA:443,0
DA:444,0
LF:114
LH:6
BRDA:102,0,0,0
BRDA:102,0,1,0
BRDA:102,0,2,0
BRDA:102,0,3,0
BRDA:102,0,4,0
BRDA:102,0,5,0
BRDA:102,0,6,0
BRDA:102,0,7,0
BRDA:102,0,8,0
BRDA:102,0,9,0
BRDA:102,0,10,0
BRDA:102,0,11,0
BRDA:102,0,12,0
BRDA:102,0,13,0
BRDA:102,0,14,0
BRDA:102,0,15,0
BRDA:102,0,16,0
BRDA:102,0,17,0
BRDA:102,0,18,0
BRDA:110,1,0,0
BRDA:111,2,0,0
BRDA:115,3,0,0
BRDA:119,4,0,0
BRDA:123,5,0,0
BRDA:127,6,0,0
BRDA:141,7,0,0
BRDA:141,8,0,0
BRDA:141,8,1,0
BRDA:145,9,0,0
BRDA:146,10,0,0
BRDA:150,11,0,0
BRDA:154,12,0,0
BRDA:158,13,0,0
BRDA:192,14,0,0
BRDA:192,15,0,0
BRDA:192,15,1,0
BRDA:192,15,2,0
BRDA:193,16,0,0
BRDA:193,16,1,0
BRDA:206,17,0,0
BRDA:211,18,0,0
BRDA:223,19,0,0
BRDA:236,20,0,0
BRDA:248,21,0,0
BRDA:256,22,0,0
BRDA:256,22,1,0
BRDA:261,23,0,0
BRDA:264,24,0,0
BRDA:264,25,0,0
BRDA:264,25,1,0
BRDA:290,26,0,0
BRDA:290,26,1,0
BRDA:290,26,2,0
BRDA:290,26,3,0
BRDA:290,26,4,0
BRDA:290,26,5,0
BRDA:290,26,6,0
BRDA:295,27,0,0
BRDA:295,27,1,0
BRDA:319,28,0,0
BRDA:323,29,0,0
BRDA:327,30,0,0
BRDA:331,31,0,0
BRDA:335,32,0,0
BRDA:340,33,0,0
BRDA:344,34,0,0
BRDA:348,35,0,0
BRDA:352,36,0,0
BRDA:356,37,0,0
BRDA:356,37,1,0
BRF:70
BRH:0
end_of_record
TN:
SF:src/plugins/json-schema.ts
FN:37,toJsonSchema
FN:55,convertStringSchema
FN:85,convertNumberSchema
FN:115,convertObjectSchema
FN:141,convertArraySchema
FN:172,fromJsonSchema
FN:198,(anonymous_6)
FN:205,convertJsonToStringSchema
FN:243,convertJsonToNumberSchema
FN:269,convertJsonToArraySchema
FN:275,(anonymous_10)
FN:297,convertJsonToObjectSchema
FN:312,(anonymous_12)
FN:322,addJsonSchemaToSchema
FN:323,(anonymous_14)
FN:329,initJsonSchemaPlugin
FNF:16
FNH:0
FNDA:0,toJsonSchema
FNDA:0,convertStringSchema
FNDA:0,convertNumberSchema
FNDA:0,convertObjectSchema
FNDA:0,convertArraySchema
FNDA:0,fromJsonSchema
FNDA:0,(anonymous_6)
FNDA:0,convertJsonToStringSchema
FNDA:0,convertJsonToNumberSchema
FNDA:0,convertJsonToArraySchema
FNDA:0,(anonymous_10)
FNDA:0,convertJsonToObjectSchema
FNDA:0,(anonymous_12)
FNDA:0,addJsonSchemaToSchema
FNDA:0,(anonymous_14)
FNDA:0,initJsonSchemaPlugin
DA:1,0
DA:2,0
DA:3,0
DA:4,0
DA:5,0
DA:37,0
DA:38,0
DA:39,0
DA:40,0
DA:41,0
DA:42,0
DA:43,0
DA:44,0
DA:45,0
DA:49,0
DA:56,0
DA:61,0
DA:63,0
DA:64,0
DA:67,0
DA:68,0
DA:71,0
DA:72,0
DA:75,0
DA:76,0
DA:79,0
DA:86,0
DA:91,0
DA:93,0
DA:94,0
DA:97,0
DA:98,0
DA:101,0
DA:102,0
DA:105,0
DA:106,0
DA:109,0
DA:116,0
DA:123,0
DA:125,0
DA:126,0
DA:127,0
DA:131,0
DA:132,0
DA:135,0
DA:142,0
DA:147,0
DA:149,0
DA:150,0
DA:153,0
DA:154,0
DA:157,0
DA:158,0
DA:161,0
DA:162,0
DA:165,0
DA:172,0
DA:173,0
DA:175,0
DA:177,0
DA:180,0
DA:182,0
DA:184,0
DA:188,0
DA:191,0
DA:194,0
DA:198,0
DA:206,0
DA:207,0
DA:209,0
DA:210,0
DA:213,0
DA:214,0
DA:217,0
DA:218,0
DA:221,0
DA:223,0
DA:225,0
DA:226,0
DA:229,0
DA:230,0
DA:232,0
DA:233,0
DA:237,0
DA:244,0
DA:245,0
DA:247,0
DA:248,0
DA:251,0
DA:252,0
DA:255,0
DA:256,0
DA:259,0
DA:260,0
DA:263,0
DA:270,0
DA:273,0
DA:275,0
DA:277,0
DA:279,0
DA:280,0
DA:283,0
DA:284,0
DA:287,0
DA:288,0
DA:291,0
DA:298,0
DA:299,0
DA:302,0
DA:303,0
DA:304,0
DA:308,0
DA:311,0
DA:312,0
DA:314,0
DA:315,0
DA:318,0
DA:322,0
DA:323,0
DA:324,0
DA:329,0
DA:331,0
DA:334,0
DA:335,0
LF:124
LH:0
BRDA:38,0,0,0
BRDA:38,0,1,0
BRDA:40,1,0,0
BRDA:40,1,1,0
BRDA:42,2,0,0
BRDA:42,2,1,0
BRDA:44,3,0,0
BRDA:63,4,0,0
BRDA:67,5,0,0
BRDA:71,6,0,0
BRDA:75,7,0,0
BRDA:93,8,0,0
BRDA:97,9,0,0
BRDA:101,10,0,0
BRDA:105,11,0,0
BRDA:125,12,0,0
BRDA:131,13,0,0
BRDA:131,14,0,0
BRDA:131,14,1,0
BRDA:149,15,0,0
BRDA:153,16,0,0
BRDA:157,17,0,0
BRDA:161,18,0,0
BRDA:175,19,0,0
BRDA:180,20,0,0
BRDA:180,20,1,0
BRDA:182,21,0,0
BRDA:182,21,1,0
BRDA:182,21,2,0
BRDA:182,21,3,0
BRDA:182,21,4,0
BRDA:182,21,5,0
BRDA:209,22,0,0
BRDA:213,23,0,0
BRDA:217,24,0,0
BRDA:221,25,0,0
BRDA:223,26,0,0
BRDA:223,26,1,0
BRDA:223,26,2,0
BRDA:223,26,3,0
BRDA:247,27,0,0
BRDA:251,28,0,0
BRDA:255,29,0,0
BRDA:259,30,0,0
BRDA:273,31,0,0
BRDA:273,31,1,0
BRDA:279,32,0,0
BRDA:283,33,0,0
BRDA:287,34,0,0
BRDA:302,35,0,0
BRDA:311,36,0,0
BRDA:311,36,1,0
BRDA:314,37,0,0
BRF:53
BRH:0
end_of_record
TN:
SF:src/types/any.ts
FN:12,(anonymous_0)
FN:19,(anonymous_1)
FN:28,(anonymous_2)
FN:37,(anonymous_3)
FN:44,(anonymous_4)
FN:55,(anonymous_5)
FN:63,any
FNF:7
FNH:0
FNDA:0,(anonymous_0)
FNDA:0,(anonymous_1)
FNDA:0,(anonymous_2)
FNDA:0,(anonymous_3)
FNDA:0,(anonymous_4)
FNDA:0,(anonymous_5)
FNDA:0,any
DA:1,4
DA:2,4
DA:8,4
DA:13,0
DA:21,0
DA:29,0
DA:37,0
DA:38,0
DA:45,0
DA:46,0
DA:49,0
DA:56,0
DA:63,4
DA:64,0
LF:14
LH:4
BRDA:45,0,0,0
BRF:1
BRH:0
end_of_record
TN:
SF:src/types/array.ts
FN:15,(anonymous_0)
FN:27,(anonymous_1)
FN:37,(anonymous_2)
FN:47,(anonymous_3)
FN:57,(anonymous_4)
FN:70,(anonymous_5)
FN:82,(anonymous_6)
FN:89,(anonymous_7)
FN:101,(anonymous_8)
FN:219,(anonymous_9)
FN:227,(anonymous_10)
FN:238,(anonymous_11)
FN:258,array
FNF:13
FNH:8
FNDA:15,(anonymous_0)
FNDA:2,(anonymous_1)
FNDA:1,(anonymous_2)
FNDA:1,(anonymous_3)
FNDA:1,(anonymous_4)
FNDA:0,(anonymous_5)
FNDA:0,(anonymous_6)
FNDA:5,(anonymous_7)
FNDA:24,(anonymous_8)
FNDA:0,(anonymous_9)
FNDA:0,(anonymous_10)
FNDA:0,(anonymous_11)
FNDA:10,array
DA:1,4
DA:2,4
DA:3,4
DA:8,4
DA:12,15
DA:16,15
DA:17,15
DA:18,15
DA:19,15
DA:20,15
DA:21,15
DA:28,2
DA:38,1
DA:48,1
DA:58,1
DA:72,0
DA:76,0
DA:83,0
DA:90,5
DA:102,24
DA:105,24
DA:106,1
DA:107,0
DA:110,1
DA:114,23
DA:115,0
DA:116,0
DA:119,0
DA:123,23
DA:124,4
DA:127,19
DA:128,19
DA:129,19
DA:132,19
DA:133,1
DA:141,19
DA:142,1
DA:151,19
DA:152,2
DA:153,2
DA:155,2
DA:157,6
DA:158,6
DA:159,1
DA:161,5
DA:166,0
DA:167,0
DA:168,0
DA:170,0
DA:175,2
DA:176,1
DA:186,19
DA:187,40
DA:188,40
DA:193,40
DA:194,35
DA:196,5
DA:198,5
DA:199,0
DA:204,19
DA:205,6
DA:208,13
DA:220,0
DA:221,0
DA:228,0
DA:229,0
DA:232,0
DA:240,0
DA:258,4
DA:259,10
LF:70
LH:52
BRDA:15,0,0,0
BRDA:20,1,0,15
BRDA:20,1,1,14
BRDA:102,2,0,24
BRDA:102,2,1,0
BRDA:105,3,0,1
BRDA:106,4,0,0
BRDA:114,5,0,0
BRDA:115,6,0,0
BRDA:123,7,0,4
BRDA:132,8,0,1
BRDA:132,9,0,19
BRDA:132,9,1,3
BRDA:141,10,0,1
BRDA:141,11,0,19
BRDA:141,11,1,2
BRDA:151,12,0,2
BRDA:151,13,0,19
BRDA:151,13,1,2
BRDA:157,14,0,6
BRDA:157,14,1,0
BRDA:157,15,0,6
BRDA:157,15,1,0
BRDA:157,15,2,0
BRDA:158,16,0,1
BRDA:158,16,1,5
BRDA:167,17,0,0
BRDA:167,17,1,0
BRDA:175,18,0,1
BRDA:193,19,0,35
BRDA:193,19,1,5
BRDA:198,20,0,0
BRDA:204,21,0,6
BRDA:219,22,0,0
BRDA:228,23,0,0
BRDA:228,24,0,0
BRDA:228,24,1,0
BRDA:258,25,0,10
BRF:38
BRH:23
end_of_record
TN:
SF:src/types/boolean.ts
FN:12,(anonymous_0)
FN:21,(anonymous_1)
FN:31,(anonymous_2)
FN:38,(anonymous_3)
FN:48,(anonymous_4)
FN:68,(anonymous_5)
FN:77,(anonymous_6)
FN:84,(anonymous_7)
FN:95,(anonymous_8)
FN:111,boolean
FNF:10
FNH:9
FNDA:6,(anonymous_0)
FNDA:1,(anonymous_1)
FNDA:1,(anonymous_2)
FNDA:1,(anonymous_3)
FNDA:13,(anonymous_4)
FNDA:1,(anonymous_5)
FNDA:1,(anonymous_6)
FNDA:1,(anonymous_7)
FNDA:0,(anonymous_8)
FNDA:5,boolean
DA:1,4
DA:2,4
DA:3,4
DA:8,4
DA:9,6
DA:13,6
DA:14,6
DA:15,6
DA:22,1
DA:32,1
DA:39,1
DA:49,13
DA:52,13
DA:53,2
DA:57,11
DA:58,7
DA:61,4
DA:69,1
DA:77,1
DA:78,1
DA:85,1
DA:86,1
DA:89,0
DA:96,0
DA:111,4
DA:112,5
LF:26
LH:24
BRDA:12,0,0,0
BRDA:14,1,0,6
BRDA:14,1,1,6
BRDA:49,2,0,13
BRDA:49,2,1,0
BRDA:52,3,0,2
BRDA:52,4,0,13
BRDA:52,4,1,2
BRDA:57,5,0,7
BRDA:85,6,0,1
BRDA:85,7,0,1
BRDA:85,7,1,0
BRDA:111,8,0,5
BRF:13
BRH:10
end_of_record
TN:
SF:src/types/enum.ts
FN:9,(anonymous_0)
FN:16,(anonymous_1)
FN:40,(anonymous_2)
FN:48,createEnum
FNF:4
FNH:4
FNDA:6,(anonymous_0)
FNDA:11,(anonymous_1)
FNDA:1,(anonymous_2)
FNDA:6,createEnum
DA:1,4
DA:2,4
DA:3,4
DA:8,4
DA:9,6
DA:10,6
DA:17,11
DA:20,11
DA:21,4
DA:33,7
DA:41,1
DA:48,4
DA:51,6
LF:13
LH:13
BRDA:17,0,0,11
BRDA:17,0,1,0
BRDA:20,1,0,4
BRF:3
BRH:2
end_of_record
TN:
SF:src/types/null.ts
FN:11,(anonymous_0)
FN:19,(anonymous_1)
FN:26,(anonymous_2)
FN:35,(anonymous_3)
FN:50,(anonymous_4)
FN:59,(anonymous_5)
FN:66,(anonymous_6)
FN:77,(anonymous_7)
FN:92,nullSchema
FNF:9
FNH:3
FNDA:1,(anonymous_0)
FNDA:0,(anonymous_1)
FNDA:0,(anonymous_2)
FNDA:7,(anonymous_3)
FNDA:0,(anonymous_4)
FNDA:0,(anonymous_5)
FNDA:0,(anonymous_6)
FNDA:0,(anonymous_7)
FNDA:1,nullSchema
DA:1,4
DA:2,4
DA:3,4
DA:8,4
DA:9,1
DA:12,1
DA:13,1
DA:20,0
DA:27,0
DA:36,7
DA:39,7
DA:40,6
DA:43,1
DA:51,0
DA:59,0
DA:60,0
DA:67,0
DA:68,0
DA:71,0
DA:78,0
DA:92,4
DA:93,1
LF:22
LH:13
BRDA:11,0,0,0
BRDA:13,1,0,1
BRDA:13,1,1,1
BRDA:36,2,0,7
BRDA:36,2,1,0
BRDA:39,3,0,6
BRDA:67,4,0,0
BRDA:92,5,0,1
BRF:8
BRH:5
end_of_record
TN:
SF:src/types/number.ts
FN:18,(anonymous_0)
FN:33,(anonymous_1)
FN:43,(anonymous_2)
FN:53,(anonymous_3)
FN:63,(anonymous_4)
FN:73,(anonymous_5)
FN:84,(anonymous_6)
FN:95,(anonymous_7)
FN:106,(anonymous_8)
FN:113,(anonymous_9)
FN:128,(anonymous_10)
FN:221,(anonymous_11)
FN:230,(anonymous_12)
FN:237,(anonymous_13)
FN:248,(anonymous_14)
FN:270,number
FNF:16
FNH:14
FNDA:30,(anonymous_0)
FNDA:1,(anonymous_1)
FNDA:1,(anonymous_2)
FNDA:1,(anonymous_3)
FNDA:2,(anonymous_4)
FNDA:3,(anonymous_5)
FNDA:1,(anonymous_6)
FNDA:0,(anonymous_7)
FNDA:2,(anonymous_8)
FNDA:9,(anonymous_9)
FNDA:51,(anonymous_10)
FNDA:2,(anonymous_11)
FNDA:2,(anonymous_12)
FNDA:6,(anonymous_13)
FNDA:0,(anonymous_14)
FNDA:21,number
DA:1,4
DA:2,4
DA:3,4
DA:8,4
DA:11,30
DA:12,30
DA:13,30
DA:15,30
DA:19,30
DA:20,30
DA:21,30
DA:22,30
DA:23,30
DA:24,30
DA:25,30
DA:26,30
DA:27,30
DA:34,1
DA:44,1
DA:54,1
DA:64,2
DA:74,3
DA:85,1
DA:96,0
DA:107,2
DA:114,9
DA:129,51
DA:132,51
DA:133,2
DA:137,49
DA:138,16
DA:141,33
DA:142,33
DA:145,33
DA:146,1
DA:154,33
DA:155,3
DA:164,33
DA:165,2
DA:174,33
DA:175,1
DA:184,33
DA:185,1
DA:194,33
DA:195,0
DA:197,0
DA:200,0
DA:201,0
DA:210,33
DA:211,8
DA:214,25
DA:222,2
DA:230,2
DA:231,2
DA:238,6
DA:239,4
DA:242,2
DA:249,0
DA:270,4
DA:271,21
LF:60
LH:54
BRDA:18,0,0,0
BRDA:22,1,0,30
BRDA:22,1,1,27
BRDA:23,2,0,30
BRDA:23,2,1,27
BRDA:24,3,0,30
BRDA:24,3,1,29
BRDA:26,4,0,30
BRDA:26,4,1,30
BRDA:129,5,0,51
BRDA:129,5,1,0
BRDA:132,6,0,2
BRDA:132,7,0,51
BRDA:132,7,1,5
BRDA:137,8,0,16
BRDA:137,9,0,49
BRDA:137,9,1,33
BRDA:145,10,0,1
BRDA:145,11,0,33
BRDA:145,11,1,3
BRDA:154,12,0,3
BRDA:154,13,0,33
BRDA:154,13,1,4
BRDA:164,14,0,2
BRDA:164,15,0,33
BRDA:164,15,1,3
BRDA:174,16,0,1
BRDA:174,17,0,33
BRDA:174,17,1,2
BRDA:184,18,0,1
BRDA:184,19,0,33
BRDA:184,19,1,2
BRDA:194,20,0,0
BRDA:197,21,0,0
BRDA:197,21,1,0
BRDA:200,22,0,0
BRDA:210,23,0,8
BRDA:238,24,0,4
BRDA:238,25,0,6
BRDA:238,25,1,2
BRDA:270,26,0,21
BRF:41
BRH:35
end_of_record
TN:
SF:src/types/object.ts
FN:20,(anonymous_0)
FN:30,(anonymous_1)
FN:48,(anonymous_2)
FN:68,(anonymous_3)
FN:88,(anonymous_4)
FN:104,(anonymous_5)
FN:128,(anonymous_6)
FN:150,(anonymous_7)
FN:286,(anonymous_8)
FN:293,(anonymous_9)
FN:304,(anonymous_10)
FN:322,object
FNF:12
FNH:6
FNDA:33,(anonymous_0)
FNDA:0,(anonymous_1)
FNDA:0,(anonymous_2)
FNDA:5,(anonymous_3)
FNDA:1,(anonymous_4)
FNDA:0,(anonymous_5)
FNDA:1,(anonymous_6)
FNDA:50,(anonymous_7)
FNDA:0,(anonymous_8)
FNDA:0,(anonymous_9)
FNDA:0,(anonymous_10)
FNDA:26,object
DA:1,4
DA:2,4
DA:3,4
DA:15,4
DA:21,33
DA:22,33
DA:23,33
DA:24,33
DA:31,0
DA:32,0
DA:34,0
DA:35,0
DA:38,0
DA:50,0
DA:53,0
DA:55,0
DA:70,5
DA:72,5
DA:73,13
DA:77,5
DA:80,5
DA:87,5
DA:89,1
DA:90,1
DA:92,1
DA:93,1
DA:96,1
DA:103,1
DA:105,0
DA:106,0
DA:108,0
DA:109,0
DA:112,0
DA:129,1
DA:130,0
DA:133,1
DA:134,1
DA:136,1
DA:137,1
DA:140,1
DA:151,50
DA:154,50
DA:155,0
DA:158,50
DA:159,50
DA:160,50
DA:163,50
DA:166,50
DA:167,133
DA:169,133
DA:171,106
DA:176,106
DA:177,93
DA:179,13
DA:182,13
DA:183,1
DA:186,27
DA:188,13
DA:190,0
DA:193,13
DA:195,13
DA:196,13
DA:198,13
DA:204,13
DA:205,7
DA:206,7
DA:207,6
DA:208,6
DA:217,13
DA:218,7
DA:225,7
DA:226,0
DA:230,14
DA:232,14
DA:234,0
DA:237,14
DA:239,14
DA:245,14
DA:246,13
DA:247,13
DA:248,0
DA:259,49
DA:260,49
DA:261,112
DA:262,7
DA:267,0
DA:268,0
DA:269,0
DA:274,49
DA:275,13
DA:278,36
DA:286,0
DA:287,0
DA:294,0
DA:295,0
DA:298,0
DA:306,0
DA:322,4
DA:325,26
LF:99
LH:71
BRDA:22,0,0,33
BRDA:22,0,1,0
BRDA:23,1,0,33
BRDA:23,1,1,0
BRDA:24,2,0,33
BRDA:24,2,1,26
BRDA:31,3,0,0
BRDA:31,3,1,0
BRDA:89,4,0,0
BRDA:89,4,1,1
BRDA:105,5,0,0
BRDA:105,5,1,0
BRDA:129,6,0,0
BRDA:133,7,0,0
BRDA:133,7,1,1
BRDA:151,8,0,50
BRDA:151,8,1,0
BRDA:154,9,0,0
BRDA:154,10,0,50
BRDA:154,10,1,50
BRDA:154,10,2,50
BRDA:169,11,0,106
BRDA:169,11,1,27
BRDA:176,12,0,93
BRDA:176,12,1,13
BRDA:182,13,0,1
BRDA:182,14,0,13
BRDA:182,14,1,1
BRDA:186,15,0,13
BRDA:186,15,1,14
BRDA:188,16,0,0
BRDA:188,16,1,13
BRDA:188,17,0,13
BRDA:188,17,1,13
BRDA:195,18,0,13
BRDA:204,19,0,7
BRDA:206,20,0,6
BRDA:217,21,0,7
BRDA:225,22,0,0
BRDA:225,23,0,7
BRDA:225,23,1,0
BRDA:230,24,0,14
BRDA:232,25,0,0
BRDA:232,25,1,14
BRDA:245,26,0,13
BRDA:247,27,0,0
BRDA:259,28,0,49
BRDA:259,28,1,0
BRDA:261,29,0,7
BRDA:268,30,0,0
BRDA:268,31,0,0
BRDA:268,31,1,0
BRDA:274,32,0,13
BRDA:294,33,0,0
BRDA:294,34,0,0
BRDA:294,34,1,0
BRF:56
BRH:33
end_of_record
TN:
SF:src/types/string.ts
FN:17,(anonymous_0)
FN:31,(anonymous_1)
FN:41,(anonymous_2)
FN:51,(anonymous_3)
FN:61,(anonymous_4)
FN:71,(anonymous_5)
FN:81,(anonymous_6)
FN:91,(anonymous_7)
FN:101,(anonymous_8)
FN:111,(anonymous_9)
FN:118,(anonymous_10)
FN:132,(anonymous_11)
FN:202,(anonymous_12)
FN:254,(anonymous_13)
FN:264,(anonymous_14)
FN:271,(anonymous_15)
FN:282,(anonymous_16)
FN:308,string
FNF:18
FNH:16
FNDA:88,(anonymous_0)
FNDA:2,(anonymous_1)
FNDA:6,(anonymous_2)
FNDA:1,(anonymous_3)
FNDA:1,(anonymous_4)
FNDA:1,(anonymous_5)
FNDA:8,(anonymous_6)
FNDA:0,(anonymous_7)
FNDA:0,(anonymous_8)
FNDA:7,(anonymous_9)
FNDA:19,(anonymous_10)
FNDA:155,(anonymous_11)
FNDA:9,(anonymous_12)
FNDA:6,(anonymous_13)
FNDA:7,(anonymous_14)
FNDA:12,(anonymous_15)
FNDA:1,(anonymous_16)
FNDA:69,string
DA:1,4
DA:2,4
DA:3,4
DA:8,4
DA:13,88
DA:14,88
DA:18,88
DA:19,88
DA:20,88
DA:21,88
DA:22,88
DA:23,88
DA:24,88
DA:25,88
DA:32,2
DA:42,6
DA:52,1
DA:62,1
DA:72,1
DA:82,8
DA:92,0
DA:102,0
DA:112,7
DA:119,19
DA:133,155
DA:136,155
DA:137,1
DA:141,154
DA:142,24
DA:145,130
DA:148,130
DA:149,1
DA:152,130
DA:155,130
DA:156,6
DA:165,130
DA:166,1
DA:175,130
DA:176,2
DA:185,130
DA:186,9
DA:187,9
DA:188,2
DA:192,130
DA:193,11
DA:196,119
DA:203,9
DA:206,9
DA:207,2
DA:213,7
DA:216,0
DA:217,0
DA:219,0
DA:225,0
DA:229,0
DA:230,0
DA:236,0
DA:240,0
DA:247,7
DA:255,6
DA:264,7
DA:265,7
DA:272,12
DA:273,9
DA:276,3
DA:283,1
DA:308,4
DA:309,69
LF:68
LH:58
BRDA:17,0,0,0
BRDA:23,1,0,88
BRDA:23,1,1,87
BRDA:24,2,0,88
BRDA:24,2,1,88
BRDA:133,3,0,155
BRDA:133,3,1,0
BRDA:136,4,0,1
BRDA:136,5,0,155
BRDA:136,5,1,4
BRDA:141,6,0,24
BRDA:148,7,0,1
BRDA:155,8,0,6
BRDA:155,9,0,130
BRDA:155,9,1,11
BRDA:165,10,0,1
BRDA:165,11,0,130
BRDA:165,11,1,2
BRDA:175,12,0,2
BRDA:175,13,0,130
BRDA:175,13,1,4
BRDA:185,14,0,9
BRDA:187,15,0,2
BRDA:192,16,0,11
BRDA:203,17,0,9
BRDA:203,17,1,0
BRDA:203,17,2,0
BRDA:203,17,3,0
BRDA:206,18,0,2
BRDA:229,19,0,0
BRDA:272,20,0,9
BRDA:272,21,0,12
BRDA:272,21,1,3
BRDA:308,22,0,69
BRF:34
BRH:28
end_of_record
TN:
SF:src/utils/clone.ts
FN:4,deepClone
FN:17,(anonymous_1)
FNF:2
FNH:1
FNDA:25,deepClone
FNDA:0,(anonymous_1)
DA:4,4
DA:6,25
DA:7,20
DA:11,5
DA:12,0
DA:16,5
DA:17,0
DA:21,5
DA:22,5
DA:24,5
DA:25,20
DA:28,5
DA:32,0
DA:33,0
DA:36,0
LF:15
LH:10
BRDA:6,0,0,20
BRDA:6,1,0,25
BRDA:6,1,1,25
BRDA:11,2,0,0
BRDA:16,3,0,0
BRDA:21,4,0,5
BRF:6
BRH:4
end_of_record
TN:
SF:src/web/express.ts
FN:32,defaultExpressErrorHandler
FN:40,(anonymous_1)
FN:51,createExpressValidator
FN:61,(anonymous_3)
FN:102,createRequestValidator
FN:128,(anonymous_5)
FN:132,nextValidator
FN:146,(anonymous_7)
FNF:8
FNH:0
FNDA:0,defaultExpressErrorHandler
FNDA:0,(anonymous_1)
FNDA:0,createExpressValidator
FNDA:0,(anonymous_3)
FNDA:0,createRequestValidator
FNDA:0,(anonymous_5)
FNDA:0,nextValidator
FNDA:0,(anonymous_7)
DA:2,4
DA:38,0
DA:40,0
DA:51,4
DA:57,0
DA:58,0
DA:61,0
DA:63,0
DA:64,0
DA:65,0
DA:66,0
DA:69,0
DA:71,0
DA:76,0
DA:79,0
DA:81,0
DA:83,0
DA:85,0
DA:86,0
DA:89,0
DA:93,0
DA:102,4
DA:110,0
DA:112,0
DA:113,0
DA:114,0
DA:125,0
DA:128,0
DA:130,0
DA:134,0
DA:137,0
DA:138,0
DA:139,0
DA:143,0
DA:146,0
DA:147,0
DA:148,0
DA:149,0
DA:153,0
DA:154,0
DA:156,0
DA:159,0
DA:163,0
DA:169,0
LF:44
LH:3
BRDA:53,0,0,0
BRDA:54,1,0,0
BRDA:57,2,0,0
BRDA:57,2,1,0
BRDA:58,3,0,0
BRDA:58,3,1,0
BRDA:64,4,0,0
BRDA:81,5,0,0
BRDA:81,5,1,0
BRDA:83,6,0,0
BRDA:83,6,1,0
BRDA:108,7,0,0
BRDA:113,8,0,0
BRDA:125,9,0,0
BRDA:125,9,1,0
BRDA:137,10,0,0
BRDA:147,11,0,0
BRDA:153,12,0,0
BRDA:153,12,1,0
BRDA:154,13,0,0
BRDA:154,13,1,0
BRF:21
BRH:0
end_of_record
TN:
SF:src/web/fastify.ts
FN:17,createFastifyValidation
FN:53,createPreValidator
FN:58,(anonymous_2)
FN:82,(anonymous_3)
FN:103,createFastifySerializerPlugin
FN:107,(anonymous_5)
FN:120,createFastifyPlugin
FN:127,(anonymous_7)
FN:131,(anonymous_8)
FN:138,(anonymous_9)
FN:145,(anonymous_10)
FN:152,(anonymous_11)
FN:159,(anonymous_12)
FN:181,(anonymous_13)
FN:195,(anonymous_14)
FN:202,(anonymous_15)
FN:225,defaultFastifyErrorHandler
FN:232,(anonymous_17)
FN:243,createFastifySchemas
FNF:19
FNH:0
FNDA:0,createFastifyValidation
FNDA:0,createPreValidator
FNDA:0,(anonymous_2)
FNDA:0,(anonymous_3)
FNDA:0,createFastifySerializerPlugin
FNDA:0,(anonymous_5)
FNDA:0,createFastifyPlugin
FNDA:0,(anonymous_7)
FNDA:0,(anonymous_8)
FNDA:0,(anonymous_9)
FNDA:0,(anonymous_10)
FNDA:0,(anonymous_11)
FNDA:0,(anonymous_12)
FNDA:0,(anonymous_13)
FNDA:0,(anonymous_14)
FNDA:0,(anonymous_15)
FNDA:0,defaultFastifyErrorHandler
FNDA:0,(anonymous_17)
FNDA:0,createFastifySchemas
DA:2,4
DA:17,4
DA:36,0
DA:39,0
DA:40,0
DA:41,0
DA:47,0
DA:58,0
DA:59,0
DA:61,0
DA:64,0
DA:69,0
DA:72,0
DA:74,0
DA:76,0
DA:77,0
DA:80,0
DA:82,0
DA:91,0
DA:94,0
DA:103,4
DA:106,0
DA:109,0
DA:112,0
DA:120,4
DA:124,0
DA:127,0
DA:129,0
DA:132,0
DA:139,0
DA:146,0
DA:153,0
DA:165,0
DA:168,0
DA:169,0
DA:170,0
DA:175,0
DA:182,0
DA:195,0
DA:196,0
DA:198,0
DA:199,0
DA:201,0
DA:202,0
DA:210,0
DA:213,0
DA:218,0
DA:230,0
DA:232,0
DA:243,4
DA:252,0
DA:255,0
DA:256,0
DA:257,0
DA:261,0
DA:262,0
DA:271,0
LF:57
LH:5
BRDA:22,0,0,0
BRDA:40,1,0,0
BRDA:74,2,0,0
BRDA:74,2,1,0
BRDA:124,3,0,0
BRDA:124,3,1,0
BRDA:131,4,0,0
BRDA:138,5,0,0
BRDA:145,6,0,0
BRDA:152,7,0,0
BRDA:164,8,0,0
BRDA:169,9,0,0
BRDA:196,10,0,0
BRDA:196,10,1,0
BRDA:199,11,0,0
BRDA:199,11,1,0
BRDA:203,12,0,0
BRDA:203,12,1,0
BRDA:205,13,0,0
BRDA:205,13,1,0
BRDA:255,14,0,0
BRDA:261,15,0,0
BRF:22
BRH:0
end_of_record
